RMSprop using torch built-in
nsamples=512, batch_size=64, epoch=100, lr=0.02
initial Wa=0.10000000149011612, Wb=1.7999999523162842
updates=1, Epoch=0, minibatch=0, loss=0.26047, Wa=0.1000, Wb=1.8000
updates=2, Epoch=0, minibatch=1, loss=0.13150, Wa=0.2980, Wb=1.6002
updates=3, Epoch=0, minibatch=2, loss=0.11373, Wa=0.4979, Wb=1.5765
updates=4, Epoch=0, minibatch=3, loss=0.11682, Wa=0.5851, Wb=1.5467
updates=5, Epoch=0, minibatch=4, loss=0.09163, Wa=0.6696, Wb=1.5188
updates=6, Epoch=0, minibatch=5, loss=0.08690, Wa=0.7401, Wb=1.4857
updates=7, Epoch=0, minibatch=6, loss=0.07548, Wa=0.7991, Wb=1.4683
updates=8, Epoch=0, minibatch=7, loss=0.04544, Wa=0.8435, Wb=1.4396
updates=9, Epoch=1, minibatch=0, loss=0.03165, Wa=0.8625, Wb=1.4108
updates=10, Epoch=1, minibatch=1, loss=0.05611, Wa=0.8639, Wb=1.4090
updates=11, Epoch=1, minibatch=2, loss=0.06680, Wa=0.8677, Wb=1.4088
updates=12, Epoch=1, minibatch=3, loss=0.04030, Wa=0.8724, Wb=1.4091
updates=13, Epoch=1, minibatch=4, loss=0.04848, Wa=0.8744, Wb=1.4077
updates=14, Epoch=1, minibatch=5, loss=0.04706, Wa=0.8778, Wb=1.4049
updates=15, Epoch=1, minibatch=6, loss=0.04347, Wa=0.8826, Wb=1.4031
updates=16, Epoch=1, minibatch=7, loss=0.04956, Wa=0.8849, Wb=1.4023
updates=17, Epoch=2, minibatch=0, loss=0.06576, Wa=0.8872, Wb=1.3997
updates=18, Epoch=2, minibatch=1, loss=0.04874, Wa=0.8912, Wb=1.3989
updates=19, Epoch=2, minibatch=2, loss=0.04565, Wa=0.8943, Wb=1.3970
updates=20, Epoch=2, minibatch=3, loss=0.03522, Wa=0.8976, Wb=1.3949
updates=21, Epoch=2, minibatch=4, loss=0.04493, Wa=0.8993, Wb=1.3931
updates=22, Epoch=2, minibatch=5, loss=0.05291, Wa=0.9016, Wb=1.3925
updates=23, Epoch=2, minibatch=6, loss=0.01731, Wa=0.9092, Wb=1.3923
updates=24, Epoch=2, minibatch=7, loss=0.03876, Wa=0.9096, Wb=1.3903
updates=25, Epoch=3, minibatch=0, loss=0.04648, Wa=0.9114, Wb=1.3897
updates=26, Epoch=3, minibatch=1, loss=0.03960, Wa=0.9144, Wb=1.3880
updates=27, Epoch=3, minibatch=2, loss=0.04694, Wa=0.9162, Wb=1.3874
updates=28, Epoch=3, minibatch=3, loss=0.04954, Wa=0.9189, Wb=1.3871
updates=29, Epoch=3, minibatch=4, loss=0.02560, Wa=0.9216, Wb=1.3858
updates=30, Epoch=3, minibatch=5, loss=0.05404, Wa=0.9223, Wb=1.3833
updates=31, Epoch=3, minibatch=6, loss=0.02497, Wa=0.9272, Wb=1.3817
updates=32, Epoch=3, minibatch=7, loss=0.02815, Wa=0.9281, Wb=1.3811
updates=33, Epoch=4, minibatch=0, loss=0.04024, Wa=0.9292, Wb=1.3802
updates=34, Epoch=4, minibatch=1, loss=0.04138, Wa=0.9314, Wb=1.3797
updates=35, Epoch=4, minibatch=2, loss=0.05324, Wa=0.9370, Wb=1.3779
updates=36, Epoch=4, minibatch=3, loss=0.02548, Wa=0.9396, Wb=1.3773
updates=37, Epoch=4, minibatch=4, loss=0.04001, Wa=0.9406, Wb=1.3762
updates=38, Epoch=4, minibatch=5, loss=0.04173, Wa=0.9428, Wb=1.3747
updates=39, Epoch=4, minibatch=6, loss=0.03087, Wa=0.9449, Wb=1.3740
updates=40, Epoch=4, minibatch=7, loss=0.01988, Wa=0.9463, Wb=1.3736
updates=41, Epoch=5, minibatch=0, loss=0.03744, Wa=0.9470, Wb=1.3717
updates=42, Epoch=5, minibatch=1, loss=0.03127, Wa=0.9506, Wb=1.3711
updates=43, Epoch=5, minibatch=2, loss=0.02174, Wa=0.9520, Wb=1.3706
updates=44, Epoch=5, minibatch=3, loss=0.02457, Wa=0.9528, Wb=1.3688
updates=45, Epoch=5, minibatch=4, loss=0.05071, Wa=0.9538, Wb=1.3672
updates=46, Epoch=5, minibatch=5, loss=0.03910, Wa=0.9567, Wb=1.3677
updates=47, Epoch=5, minibatch=6, loss=0.03555, Wa=0.9590, Wb=1.3673
updates=48, Epoch=5, minibatch=7, loss=0.05105, Wa=0.9607, Wb=1.3655
updates=49, Epoch=6, minibatch=0, loss=0.01587, Wa=0.9637, Wb=1.3642
updates=50, Epoch=6, minibatch=1, loss=0.04451, Wa=0.9641, Wb=1.3620
updates=51, Epoch=6, minibatch=2, loss=0.02584, Wa=0.9671, Wb=1.3612
updates=52, Epoch=6, minibatch=3, loss=0.04310, Wa=0.9681, Wb=1.3609
updates=53, Epoch=6, minibatch=4, loss=0.04039, Wa=0.9701, Wb=1.3605
updates=54, Epoch=6, minibatch=5, loss=0.02510, Wa=0.9722, Wb=1.3604
updates=55, Epoch=6, minibatch=6, loss=0.02564, Wa=0.9732, Wb=1.3591
updates=56, Epoch=6, minibatch=7, loss=0.02903, Wa=0.9744, Wb=1.3584
updates=57, Epoch=7, minibatch=0, loss=0.03163, Wa=0.9758, Wb=1.3575
updates=58, Epoch=7, minibatch=1, loss=0.02461, Wa=0.9773, Wb=1.3560
updates=59, Epoch=7, minibatch=2, loss=0.03471, Wa=0.9782, Wb=1.3552
updates=60, Epoch=7, minibatch=3, loss=0.01119, Wa=0.9801, Wb=1.3550
updates=61, Epoch=7, minibatch=4, loss=0.05954, Wa=0.9804, Wb=1.3533
updates=62, Epoch=7, minibatch=5, loss=0.03049, Wa=0.9929, Wb=1.3538
updates=63, Epoch=7, minibatch=6, loss=0.02577, Wa=0.9942, Wb=1.3527
updates=64, Epoch=7, minibatch=7, loss=0.03192, Wa=0.9951, Wb=1.3518
updates=65, Epoch=8, minibatch=0, loss=0.04336, Wa=0.9964, Wb=1.3513
updates=66, Epoch=8, minibatch=1, loss=0.02729, Wa=0.9997, Wb=1.3511
updates=67, Epoch=8, minibatch=2, loss=0.04078, Wa=1.0007, Wb=1.3507
updates=68, Epoch=8, minibatch=3, loss=0.02335, Wa=1.0040, Wb=1.3494
updates=69, Epoch=8, minibatch=4, loss=0.03984, Wa=1.0048, Wb=1.3483
updates=70, Epoch=8, minibatch=5, loss=0.01842, Wa=1.0068, Wb=1.3481
updates=71, Epoch=8, minibatch=6, loss=0.01920, Wa=1.0072, Wb=1.3464
updates=72, Epoch=8, minibatch=7, loss=0.02193, Wa=1.0081, Wb=1.3452
updates=73, Epoch=9, minibatch=0, loss=0.02770, Wa=1.0089, Wb=1.3450
updates=74, Epoch=9, minibatch=1, loss=0.02159, Wa=1.0101, Wb=1.3451
updates=75, Epoch=9, minibatch=2, loss=0.02369, Wa=1.0109, Wb=1.3435
updates=76, Epoch=9, minibatch=3, loss=0.03739, Wa=1.0120, Wb=1.3435
updates=77, Epoch=9, minibatch=4, loss=0.02669, Wa=1.0136, Wb=1.3435
updates=78, Epoch=9, minibatch=5, loss=0.03262, Wa=1.0149, Wb=1.3424
updates=79, Epoch=9, minibatch=6, loss=0.02892, Wa=1.0166, Wb=1.3417
updates=80, Epoch=9, minibatch=7, loss=0.01972, Wa=1.0179, Wb=1.3398
updates=81, Epoch=10, minibatch=0, loss=0.04162, Wa=1.0187, Wb=1.3393
updates=82, Epoch=10, minibatch=1, loss=0.02450, Wa=1.0211, Wb=1.3393
updates=83, Epoch=10, minibatch=2, loss=0.02978, Wa=1.0224, Wb=1.3388
updates=84, Epoch=10, minibatch=3, loss=0.02553, Wa=1.0242, Wb=1.3383
updates=85, Epoch=10, minibatch=4, loss=0.01383, Wa=1.0252, Wb=1.3375
updates=86, Epoch=10, minibatch=5, loss=0.02561, Wa=1.0255, Wb=1.3363
updates=87, Epoch=10, minibatch=6, loss=0.02615, Wa=1.0280, Wb=1.3355
updates=88, Epoch=10, minibatch=7, loss=0.02194, Wa=1.0294, Wb=1.3349
updates=89, Epoch=11, minibatch=0, loss=0.03423, Wa=1.0302, Wb=1.3340
updates=90, Epoch=11, minibatch=1, loss=0.02190, Wa=1.0337, Wb=1.3344
updates=91, Epoch=11, minibatch=2, loss=0.03115, Wa=1.0346, Wb=1.3330
updates=92, Epoch=11, minibatch=3, loss=0.02446, Wa=1.0365, Wb=1.3330
updates=93, Epoch=11, minibatch=4, loss=0.02429, Wa=1.0374, Wb=1.3317
updates=94, Epoch=11, minibatch=5, loss=0.01564, Wa=1.0391, Wb=1.3314
updates=95, Epoch=11, minibatch=6, loss=0.01264, Wa=1.0401, Wb=1.3304
updates=96, Epoch=11, minibatch=7, loss=0.02808, Wa=1.0405, Wb=1.3292
updates=97, Epoch=12, minibatch=0, loss=0.02346, Wa=1.0417, Wb=1.3289
updates=98, Epoch=12, minibatch=1, loss=0.02303, Wa=1.0427, Wb=1.3285
updates=99, Epoch=12, minibatch=2, loss=0.01096, Wa=1.0438, Wb=1.3282
updates=100, Epoch=12, minibatch=3, loss=0.01736, Wa=1.0442, Wb=1.3266
updates=101, Epoch=12, minibatch=4, loss=0.01614, Wa=1.0449, Wb=1.3255
updates=102, Epoch=12, minibatch=5, loss=0.04070, Wa=1.0456, Wb=1.3250
updates=103, Epoch=12, minibatch=6, loss=0.01804, Wa=1.0488, Wb=1.3250
updates=104, Epoch=12, minibatch=7, loss=0.02510, Wa=1.0498, Wb=1.3245
updates=105, Epoch=13, minibatch=0, loss=0.01567, Wa=1.0511, Wb=1.3249
updates=106, Epoch=13, minibatch=1, loss=0.02264, Wa=1.0518, Wb=1.3245
updates=107, Epoch=13, minibatch=2, loss=0.02051, Wa=1.0535, Wb=1.3242
updates=108, Epoch=13, minibatch=3, loss=0.01776, Wa=1.0544, Wb=1.3234
updates=109, Epoch=13, minibatch=4, loss=0.02398, Wa=1.0551, Wb=1.3229
updates=110, Epoch=13, minibatch=5, loss=0.00863, Wa=1.0577, Wb=1.3224
updates=111, Epoch=13, minibatch=6, loss=0.02444, Wa=1.0579, Wb=1.3209
updates=112, Epoch=13, minibatch=7, loss=0.02815, Wa=1.0593, Wb=1.3203
updates=113, Epoch=14, minibatch=0, loss=0.01720, Wa=1.0609, Wb=1.3206
updates=114, Epoch=14, minibatch=1, loss=0.02539, Wa=1.0625, Wb=1.3199
updates=115, Epoch=14, minibatch=2, loss=0.02368, Wa=1.0640, Wb=1.3193
updates=116, Epoch=14, minibatch=3, loss=0.01062, Wa=1.0651, Wb=1.3195
updates=117, Epoch=14, minibatch=4, loss=0.02388, Wa=1.0656, Wb=1.3186
updates=118, Epoch=14, minibatch=5, loss=0.01596, Wa=1.0670, Wb=1.3175
updates=119, Epoch=14, minibatch=6, loss=0.01980, Wa=1.0678, Wb=1.3168
updates=120, Epoch=14, minibatch=7, loss=0.01565, Wa=1.0693, Wb=1.3167
updates=121, Epoch=15, minibatch=0, loss=0.01266, Wa=1.0700, Wb=1.3167
updates=122, Epoch=15, minibatch=1, loss=0.02575, Wa=1.0706, Wb=1.3164
updates=123, Epoch=15, minibatch=2, loss=0.01496, Wa=1.0732, Wb=1.3159
updates=124, Epoch=15, minibatch=3, loss=0.02370, Wa=1.0739, Wb=1.3162
updates=125, Epoch=15, minibatch=4, loss=0.01404, Wa=1.0753, Wb=1.3150
updates=126, Epoch=15, minibatch=5, loss=0.01831, Wa=1.0759, Wb=1.3138
updates=127, Epoch=15, minibatch=6, loss=0.02036, Wa=1.0770, Wb=1.3131
updates=128, Epoch=15, minibatch=7, loss=0.01391, Wa=1.0787, Wb=1.3130
updates=129, Epoch=16, minibatch=0, loss=0.01264, Wa=1.0793, Wb=1.3129
updates=130, Epoch=16, minibatch=1, loss=0.02285, Wa=1.0799, Wb=1.3123
updates=131, Epoch=16, minibatch=2, loss=0.01473, Wa=1.0827, Wb=1.3117
updates=132, Epoch=16, minibatch=3, loss=0.01532, Wa=1.0834, Wb=1.3106
updates=133, Epoch=16, minibatch=4, loss=0.02517, Wa=1.0843, Wb=1.3104
updates=134, Epoch=16, minibatch=5, loss=0.01347, Wa=1.0884, Wb=1.3106
updates=135, Epoch=16, minibatch=6, loss=0.01098, Wa=1.0890, Wb=1.3106
updates=136, Epoch=16, minibatch=7, loss=0.02118, Wa=1.0896, Wb=1.3099
updates=137, Epoch=17, minibatch=0, loss=0.01101, Wa=1.0909, Wb=1.3091
updates=138, Epoch=17, minibatch=1, loss=0.02439, Wa=1.0914, Wb=1.3087
updates=139, Epoch=17, minibatch=2, loss=0.01267, Wa=1.0935, Wb=1.3081
updates=140, Epoch=17, minibatch=3, loss=0.01586, Wa=1.0941, Wb=1.3076
updates=141, Epoch=17, minibatch=4, loss=0.01448, Wa=1.0977, Wb=1.3068
updates=142, Epoch=17, minibatch=5, loss=0.01480, Wa=1.0987, Wb=1.3062
updates=143, Epoch=17, minibatch=6, loss=0.01749, Wa=1.0995, Wb=1.3063
updates=144, Epoch=17, minibatch=7, loss=0.01462, Wa=1.1006, Wb=1.3063
updates=145, Epoch=18, minibatch=0, loss=0.01200, Wa=1.1020, Wb=1.3053
updates=146, Epoch=18, minibatch=1, loss=0.02221, Wa=1.1031, Wb=1.3042
updates=147, Epoch=18, minibatch=2, loss=0.02029, Wa=1.1048, Wb=1.3045
updates=148, Epoch=18, minibatch=3, loss=0.00965, Wa=1.1082, Wb=1.3032
updates=149, Epoch=18, minibatch=4, loss=0.01334, Wa=1.1087, Wb=1.3032
updates=150, Epoch=18, minibatch=5, loss=0.00889, Wa=1.1095, Wb=1.3028
updates=151, Epoch=18, minibatch=6, loss=0.02035, Wa=1.1099, Wb=1.3022
updates=152, Epoch=18, minibatch=7, loss=0.01623, Wa=1.1121, Wb=1.3015
updates=153, Epoch=19, minibatch=0, loss=0.01402, Wa=1.1135, Wb=1.3014
updates=154, Epoch=19, minibatch=1, loss=0.01749, Wa=1.1144, Wb=1.3021
updates=155, Epoch=19, minibatch=2, loss=0.00959, Wa=1.1168, Wb=1.3015
updates=156, Epoch=19, minibatch=3, loss=0.00623, Wa=1.1173, Wb=1.3004
updates=157, Epoch=19, minibatch=4, loss=0.00957, Wa=1.1176, Wb=1.2998
updates=158, Epoch=19, minibatch=5, loss=0.01076, Wa=1.1180, Wb=1.2984
updates=159, Epoch=19, minibatch=6, loss=0.02567, Wa=1.1187, Wb=1.2987
updates=160, Epoch=19, minibatch=7, loss=0.01073, Wa=1.1210, Wb=1.2994
updates=161, Epoch=20, minibatch=0, loss=0.01055, Wa=1.1216, Wb=1.2974
updates=162, Epoch=20, minibatch=1, loss=0.01527, Wa=1.1224, Wb=1.2969
updates=163, Epoch=20, minibatch=2, loss=0.00983, Wa=1.1239, Wb=1.2960
updates=164, Epoch=20, minibatch=3, loss=0.00992, Wa=1.1263, Wb=1.2952
updates=165, Epoch=20, minibatch=4, loss=0.01180, Wa=1.1271, Wb=1.2955
updates=166, Epoch=20, minibatch=5, loss=0.00992, Wa=1.1277, Wb=1.2954
updates=167, Epoch=20, minibatch=6, loss=0.01186, Wa=1.1284, Wb=1.2949
updates=168, Epoch=20, minibatch=7, loss=0.01679, Wa=1.1291, Wb=1.2935
updates=169, Epoch=21, minibatch=0, loss=0.01148, Wa=1.1316, Wb=1.2939
updates=170, Epoch=21, minibatch=1, loss=0.00876, Wa=1.1323, Wb=1.2942
updates=171, Epoch=21, minibatch=2, loss=0.01447, Wa=1.1328, Wb=1.2939
updates=172, Epoch=21, minibatch=3, loss=0.00823, Wa=1.1341, Wb=1.2930
updates=173, Epoch=21, minibatch=4, loss=0.01338, Wa=1.1347, Wb=1.2916
updates=174, Epoch=21, minibatch=5, loss=0.00612, Wa=1.1358, Wb=1.2915
updates=175, Epoch=21, minibatch=6, loss=0.00909, Wa=1.1361, Wb=1.2904
updates=176, Epoch=21, minibatch=7, loss=0.01118, Wa=1.1369, Wb=1.2903
updates=177, Epoch=22, minibatch=0, loss=0.00955, Wa=1.1377, Wb=1.2903
updates=178, Epoch=22, minibatch=1, loss=0.01666, Wa=1.1385, Wb=1.2898
updates=179, Epoch=22, minibatch=2, loss=0.00579, Wa=1.1401, Wb=1.2896
updates=180, Epoch=22, minibatch=3, loss=0.00787, Wa=1.1406, Wb=1.2888
updates=181, Epoch=22, minibatch=4, loss=0.01362, Wa=1.1410, Wb=1.2879
updates=182, Epoch=22, minibatch=5, loss=0.00545, Wa=1.1421, Wb=1.2882
updates=183, Epoch=22, minibatch=6, loss=0.01170, Wa=1.1425, Wb=1.2876
updates=184, Epoch=22, minibatch=7, loss=0.00998, Wa=1.1437, Wb=1.2873
updates=185, Epoch=23, minibatch=0, loss=0.02004, Wa=1.1446, Wb=1.2872
updates=186, Epoch=23, minibatch=1, loss=0.01013, Wa=1.1478, Wb=1.2868
updates=187, Epoch=23, minibatch=2, loss=0.00530, Wa=1.1487, Wb=1.2860
updates=188, Epoch=23, minibatch=3, loss=0.01259, Wa=1.1490, Wb=1.2853
updates=189, Epoch=23, minibatch=4, loss=0.00626, Wa=1.1512, Wb=1.2855
updates=190, Epoch=23, minibatch=5, loss=0.01113, Wa=1.1516, Wb=1.2851
updates=191, Epoch=23, minibatch=6, loss=0.00804, Wa=1.1529, Wb=1.2854
updates=192, Epoch=23, minibatch=7, loss=0.00440, Wa=1.1536, Wb=1.2845
updates=193, Epoch=24, minibatch=0, loss=0.00773, Wa=1.1538, Wb=1.2838
updates=194, Epoch=24, minibatch=1, loss=0.01315, Wa=1.1544, Wb=1.2842
updates=195, Epoch=24, minibatch=2, loss=0.00465, Wa=1.1557, Wb=1.2843
updates=196, Epoch=24, minibatch=3, loss=0.00856, Wa=1.1560, Wb=1.2836
updates=197, Epoch=24, minibatch=4, loss=0.00792, Wa=1.1571, Wb=1.2831
updates=198, Epoch=24, minibatch=5, loss=0.00787, Wa=1.1577, Wb=1.2819
updates=199, Epoch=24, minibatch=6, loss=0.01063, Wa=1.1587, Wb=1.2815
updates=200, Epoch=24, minibatch=7, loss=0.00628, Wa=1.1597, Wb=1.2808
updates=201, Epoch=25, minibatch=0, loss=0.00646, Wa=1.1602, Wb=1.2805
updates=202, Epoch=25, minibatch=1, loss=0.01176, Wa=1.1608, Wb=1.2794
updates=203, Epoch=25, minibatch=2, loss=0.00801, Wa=1.1622, Wb=1.2795
updates=204, Epoch=25, minibatch=3, loss=0.00592, Wa=1.1629, Wb=1.2786
updates=205, Epoch=25, minibatch=4, loss=0.00737, Wa=1.1634, Wb=1.2787
updates=206, Epoch=25, minibatch=5, loss=0.00608, Wa=1.1641, Wb=1.2790
updates=207, Epoch=25, minibatch=6, loss=0.00820, Wa=1.1647, Wb=1.2792
updates=208, Epoch=25, minibatch=7, loss=0.00799, Wa=1.1656, Wb=1.2785
updates=209, Epoch=26, minibatch=0, loss=0.00477, Wa=1.1668, Wb=1.2778
updates=210, Epoch=26, minibatch=1, loss=0.00766, Wa=1.1672, Wb=1.2764
updates=211, Epoch=26, minibatch=2, loss=0.01060, Wa=1.1681, Wb=1.2760
updates=212, Epoch=26, minibatch=3, loss=0.00705, Wa=1.1692, Wb=1.2776
updates=213, Epoch=26, minibatch=4, loss=0.00717, Wa=1.1706, Wb=1.2768
updates=214, Epoch=26, minibatch=5, loss=0.00824, Wa=1.1713, Wb=1.2766
updates=215, Epoch=26, minibatch=6, loss=0.00365, Wa=1.1726, Wb=1.2759
updates=216, Epoch=26, minibatch=7, loss=0.00712, Wa=1.1728, Wb=1.2752
updates=217, Epoch=27, minibatch=0, loss=0.00608, Wa=1.1735, Wb=1.2749
updates=218, Epoch=27, minibatch=1, loss=0.00870, Wa=1.1741, Wb=1.2749
updates=219, Epoch=27, minibatch=2, loss=0.00715, Wa=1.1750, Wb=1.2747
updates=220, Epoch=27, minibatch=3, loss=0.00566, Wa=1.1763, Wb=1.2744
updates=221, Epoch=27, minibatch=4, loss=0.00410, Wa=1.1770, Wb=1.2751
updates=222, Epoch=27, minibatch=5, loss=0.00918, Wa=1.1774, Wb=1.2740
updates=223, Epoch=27, minibatch=6, loss=0.00629, Wa=1.1787, Wb=1.2728
updates=224, Epoch=27, minibatch=7, loss=0.00657, Wa=1.1804, Wb=1.2718
updates=225, Epoch=28, minibatch=0, loss=0.00456, Wa=1.1810, Wb=1.2720
updates=226, Epoch=28, minibatch=1, loss=0.00223, Wa=1.1814, Wb=1.2710
updates=227, Epoch=28, minibatch=2, loss=0.01007, Wa=1.1816, Wb=1.2703
updates=228, Epoch=28, minibatch=3, loss=0.00547, Wa=1.1834, Wb=1.2708
updates=229, Epoch=28, minibatch=4, loss=0.00578, Wa=1.1841, Wb=1.2707
updates=230, Epoch=28, minibatch=5, loss=0.00832, Wa=1.1847, Wb=1.2698
updates=231, Epoch=28, minibatch=6, loss=0.00624, Wa=1.1867, Wb=1.2699
updates=232, Epoch=28, minibatch=7, loss=0.00457, Wa=1.1874, Wb=1.2694
updates=233, Epoch=29, minibatch=0, loss=0.00666, Wa=1.1879, Wb=1.2694
updates=234, Epoch=29, minibatch=1, loss=0.00446, Wa=1.1887, Wb=1.2699
updates=235, Epoch=29, minibatch=2, loss=0.00605, Wa=1.1893, Wb=1.2691
updates=236, Epoch=29, minibatch=3, loss=0.00551, Wa=1.1906, Wb=1.2686
updates=237, Epoch=29, minibatch=4, loss=0.00369, Wa=1.1912, Wb=1.2678
updates=238, Epoch=29, minibatch=5, loss=0.00514, Wa=1.1916, Wb=1.2683
updates=239, Epoch=29, minibatch=6, loss=0.00316, Wa=1.1926, Wb=1.2676
updates=240, Epoch=29, minibatch=7, loss=0.00800, Wa=1.1928, Wb=1.2661
updates=241, Epoch=30, minibatch=0, loss=0.00472, Wa=1.1969, Wb=1.2663
updates=242, Epoch=30, minibatch=1, loss=0.00513, Wa=1.1975, Wb=1.2657
updates=243, Epoch=30, minibatch=2, loss=0.00300, Wa=1.1983, Wb=1.2656
updates=244, Epoch=30, minibatch=3, loss=0.00593, Wa=1.1987, Wb=1.2651
updates=245, Epoch=30, minibatch=4, loss=0.00409, Wa=1.2002, Wb=1.2639
updates=246, Epoch=30, minibatch=5, loss=0.00328, Wa=1.2008, Wb=1.2642
updates=247, Epoch=30, minibatch=6, loss=0.00445, Wa=1.2012, Wb=1.2637
updates=248, Epoch=30, minibatch=7, loss=0.00291, Wa=1.2018, Wb=1.2638
updates=249, Epoch=31, minibatch=0, loss=0.00514, Wa=1.2021, Wb=1.2631
updates=250, Epoch=31, minibatch=1, loss=0.00484, Wa=1.2028, Wb=1.2640
updates=251, Epoch=31, minibatch=2, loss=0.00378, Wa=1.2037, Wb=1.2634
updates=252, Epoch=31, minibatch=3, loss=0.00407, Wa=1.2043, Wb=1.2626
updates=253, Epoch=31, minibatch=4, loss=0.00421, Wa=1.2050, Wb=1.2625
updates=254, Epoch=31, minibatch=5, loss=0.00217, Wa=1.2059, Wb=1.2620
updates=255, Epoch=31, minibatch=6, loss=0.00490, Wa=1.2061, Wb=1.2610
updates=256, Epoch=31, minibatch=7, loss=0.00159, Wa=1.2070, Wb=1.2608
updates=257, Epoch=32, minibatch=0, loss=0.00549, Wa=1.2071, Wb=1.2600
updates=258, Epoch=32, minibatch=1, loss=0.00446, Wa=1.2082, Wb=1.2595
updates=259, Epoch=32, minibatch=2, loss=0.00297, Wa=1.2097, Wb=1.2596
updates=260, Epoch=32, minibatch=3, loss=0.00349, Wa=1.2103, Wb=1.2588
updates=261, Epoch=32, minibatch=4, loss=0.00263, Wa=1.2110, Wb=1.2582
updates=262, Epoch=32, minibatch=5, loss=0.00316, Wa=1.2114, Wb=1.2584
updates=263, Epoch=32, minibatch=6, loss=0.00219, Wa=1.2119, Wb=1.2582
updates=264, Epoch=32, minibatch=7, loss=0.00253, Wa=1.2122, Wb=1.2578
updates=265, Epoch=33, minibatch=0, loss=0.00203, Wa=1.2125, Wb=1.2576
updates=266, Epoch=33, minibatch=1, loss=0.00280, Wa=1.2127, Wb=1.2574
updates=267, Epoch=33, minibatch=2, loss=0.00190, Wa=1.2131, Wb=1.2564
updates=268, Epoch=33, minibatch=3, loss=0.00301, Wa=1.2133, Wb=1.2558
updates=269, Epoch=33, minibatch=4, loss=0.00213, Wa=1.2138, Wb=1.2556
updates=270, Epoch=33, minibatch=5, loss=0.00521, Wa=1.2141, Wb=1.2549
updates=271, Epoch=33, minibatch=6, loss=0.00535, Wa=1.2155, Wb=1.2554
updates=272, Epoch=33, minibatch=7, loss=0.00185, Wa=1.2170, Wb=1.2556
updates=273, Epoch=34, minibatch=0, loss=0.00220, Wa=1.2172, Wb=1.2560
updates=274, Epoch=34, minibatch=1, loss=0.00278, Wa=1.2175, Wb=1.2548
updates=275, Epoch=34, minibatch=2, loss=0.00209, Wa=1.2180, Wb=1.2549
updates=276, Epoch=34, minibatch=3, loss=0.00353, Wa=1.2183, Wb=1.2538
updates=277, Epoch=34, minibatch=4, loss=0.00225, Wa=1.2195, Wb=1.2532
updates=278, Epoch=34, minibatch=5, loss=0.00319, Wa=1.2200, Wb=1.2540
updates=279, Epoch=34, minibatch=6, loss=0.00298, Wa=1.2206, Wb=1.2542
updates=280, Epoch=34, minibatch=7, loss=0.00263, Wa=1.2212, Wb=1.2539
updates=281, Epoch=35, minibatch=0, loss=0.00164, Wa=1.2219, Wb=1.2540
updates=282, Epoch=35, minibatch=1, loss=0.00245, Wa=1.2221, Wb=1.2528
updates=283, Epoch=35, minibatch=2, loss=0.00180, Wa=1.2225, Wb=1.2529
updates=284, Epoch=35, minibatch=3, loss=0.00305, Wa=1.2227, Wb=1.2518
updates=285, Epoch=35, minibatch=4, loss=0.00291, Wa=1.2234, Wb=1.2519
updates=286, Epoch=35, minibatch=5, loss=0.00202, Wa=1.2245, Wb=1.2515
updates=287, Epoch=35, minibatch=6, loss=0.00146, Wa=1.2248, Wb=1.2518
updates=288, Epoch=35, minibatch=7, loss=0.00392, Wa=1.2250, Wb=1.2513
updates=289, Epoch=36, minibatch=0, loss=0.00188, Wa=1.2264, Wb=1.2521
updates=290, Epoch=36, minibatch=1, loss=0.00314, Wa=1.2267, Wb=1.2511
updates=291, Epoch=36, minibatch=2, loss=0.00125, Wa=1.2275, Wb=1.2512
updates=292, Epoch=36, minibatch=3, loss=0.00295, Wa=1.2277, Wb=1.2507
updates=293, Epoch=36, minibatch=4, loss=0.00151, Wa=1.2284, Wb=1.2501
updates=294, Epoch=36, minibatch=5, loss=0.00220, Wa=1.2287, Wb=1.2501
updates=295, Epoch=36, minibatch=6, loss=0.00169, Wa=1.2292, Wb=1.2505
updates=296, Epoch=36, minibatch=7, loss=0.00201, Wa=1.2294, Wb=1.2495
updates=297, Epoch=37, minibatch=0, loss=0.00212, Wa=1.2301, Wb=1.2498
updates=298, Epoch=37, minibatch=1, loss=0.00154, Wa=1.2307, Wb=1.2495
updates=299, Epoch=37, minibatch=2, loss=0.00212, Wa=1.2310, Wb=1.2493
updates=300, Epoch=37, minibatch=3, loss=0.00135, Wa=1.2314, Wb=1.2494
updates=301, Epoch=37, minibatch=4, loss=0.00224, Wa=1.2316, Wb=1.2482
updates=302, Epoch=37, minibatch=5, loss=0.00227, Wa=1.2324, Wb=1.2481
updates=303, Epoch=37, minibatch=6, loss=0.00176, Wa=1.2344, Wb=1.2482
updates=304, Epoch=37, minibatch=7, loss=0.00243, Wa=1.2346, Wb=1.2472
updates=305, Epoch=38, minibatch=0, loss=0.00128, Wa=1.2354, Wb=1.2476
updates=306, Epoch=38, minibatch=1, loss=0.00217, Wa=1.2356, Wb=1.2482
updates=307, Epoch=38, minibatch=2, loss=0.00168, Wa=1.2363, Wb=1.2478
updates=308, Epoch=38, minibatch=3, loss=0.00201, Wa=1.2366, Wb=1.2466
updates=309, Epoch=38, minibatch=4, loss=0.00198, Wa=1.2372, Wb=1.2464
updates=310, Epoch=38, minibatch=5, loss=0.00160, Wa=1.2408, Wb=1.2456
updates=311, Epoch=38, minibatch=6, loss=0.00116, Wa=1.2413, Wb=1.2456
updates=312, Epoch=38, minibatch=7, loss=0.00141, Wa=1.2416, Wb=1.2455
updates=313, Epoch=39, minibatch=0, loss=0.00123, Wa=1.2417, Wb=1.2448
updates=314, Epoch=39, minibatch=1, loss=0.00167, Wa=1.2419, Wb=1.2447
updates=315, Epoch=39, minibatch=2, loss=0.00092, Wa=1.2424, Wb=1.2439
updates=316, Epoch=39, minibatch=3, loss=0.00164, Wa=1.2425, Wb=1.2435
updates=317, Epoch=39, minibatch=4, loss=0.00102, Wa=1.2429, Wb=1.2434
updates=318, Epoch=39, minibatch=5, loss=0.00123, Wa=1.2430, Wb=1.2429
updates=319, Epoch=39, minibatch=6, loss=0.00185, Wa=1.2433, Wb=1.2422
updates=320, Epoch=39, minibatch=7, loss=0.00134, Wa=1.2442, Wb=1.2430
updates=321, Epoch=40, minibatch=0, loss=0.00100, Wa=1.2445, Wb=1.2428
updates=322, Epoch=40, minibatch=1, loss=0.00112, Wa=1.2446, Wb=1.2427
updates=323, Epoch=40, minibatch=2, loss=0.00123, Wa=1.2448, Wb=1.2422
updates=324, Epoch=40, minibatch=3, loss=0.00143, Wa=1.2449, Wb=1.2423
updates=325, Epoch=40, minibatch=4, loss=0.00117, Wa=1.2452, Wb=1.2415
updates=326, Epoch=40, minibatch=5, loss=0.00108, Wa=1.2455, Wb=1.2417
updates=327, Epoch=40, minibatch=6, loss=0.00117, Wa=1.2458, Wb=1.2414
updates=328, Epoch=40, minibatch=7, loss=0.00157, Wa=1.2461, Wb=1.2413
updates=329, Epoch=41, minibatch=0, loss=0.00141, Wa=1.2466, Wb=1.2411
updates=330, Epoch=41, minibatch=1, loss=0.00120, Wa=1.2470, Wb=1.2401
updates=331, Epoch=41, minibatch=2, loss=0.00153, Wa=1.2472, Wb=1.2407
updates=332, Epoch=41, minibatch=3, loss=0.00097, Wa=1.2490, Wb=1.2393
updates=333, Epoch=41, minibatch=4, loss=0.00099, Wa=1.2492, Wb=1.2401
updates=334, Epoch=41, minibatch=5, loss=0.00097, Wa=1.2494, Wb=1.2400
updates=335, Epoch=41, minibatch=6, loss=0.00113, Wa=1.2495, Wb=1.2401
updates=336, Epoch=41, minibatch=7, loss=0.00115, Wa=1.2498, Wb=1.2402
updates=337, Epoch=42, minibatch=0, loss=0.00093, Wa=1.2502, Wb=1.2396
updates=338, Epoch=42, minibatch=1, loss=0.00103, Wa=1.2502, Wb=1.2387
updates=339, Epoch=42, minibatch=2, loss=0.00115, Wa=1.2503, Wb=1.2385
updates=340, Epoch=42, minibatch=3, loss=0.00123, Wa=1.2508, Wb=1.2389
updates=341, Epoch=42, minibatch=4, loss=0.00089, Wa=1.2510, Wb=1.2392
updates=342, Epoch=42, minibatch=5, loss=0.00112, Wa=1.2511, Wb=1.2384
updates=343, Epoch=42, minibatch=6, loss=0.00110, Wa=1.2516, Wb=1.2383
updates=344, Epoch=42, minibatch=7, loss=0.00088, Wa=1.2517, Wb=1.2384
updates=345, Epoch=43, minibatch=0, loss=0.00120, Wa=1.2517, Wb=1.2383
updates=346, Epoch=43, minibatch=1, loss=0.00107, Wa=1.2520, Wb=1.2380
updates=347, Epoch=43, minibatch=2, loss=0.00113, Wa=1.2523, Wb=1.2379
updates=348, Epoch=43, minibatch=3, loss=0.00092, Wa=1.2534, Wb=1.2382
updates=349, Epoch=43, minibatch=4, loss=0.00093, Wa=1.2535, Wb=1.2376
updates=350, Epoch=43, minibatch=5, loss=0.00103, Wa=1.2537, Wb=1.2377
updates=351, Epoch=43, minibatch=6, loss=0.00090, Wa=1.2538, Wb=1.2368
updates=352, Epoch=43, minibatch=7, loss=0.00092, Wa=1.2539, Wb=1.2386
updates=353, Epoch=44, minibatch=0, loss=0.00095, Wa=1.2539, Wb=1.2368
updates=354, Epoch=44, minibatch=1, loss=0.00113, Wa=1.2540, Wb=1.2368
updates=355, Epoch=44, minibatch=2, loss=0.00085, Wa=1.2544, Wb=1.2372
updates=356, Epoch=44, minibatch=3, loss=0.00098, Wa=1.2546, Wb=1.2369
updates=357, Epoch=44, minibatch=4, loss=0.00101, Wa=1.2546, Wb=1.2362
updates=358, Epoch=44, minibatch=5, loss=0.00088, Wa=1.2547, Wb=1.2362
updates=359, Epoch=44, minibatch=6, loss=0.00091, Wa=1.2548, Wb=1.2360
updates=360, Epoch=44, minibatch=7, loss=0.00110, Wa=1.2549, Wb=1.2359
updates=361, Epoch=45, minibatch=0, loss=0.00093, Wa=1.2554, Wb=1.2359
updates=362, Epoch=45, minibatch=1, loss=0.00097, Wa=1.2555, Wb=1.2358
updates=363, Epoch=45, minibatch=2, loss=0.00092, Wa=1.2555, Wb=1.2355
updates=364, Epoch=45, minibatch=3, loss=0.00103, Wa=1.2556, Wb=1.2360
updates=365, Epoch=45, minibatch=4, loss=0.00104, Wa=1.2558, Wb=1.2364
updates=366, Epoch=45, minibatch=5, loss=0.00092, Wa=1.2563, Wb=1.2366
updates=367, Epoch=45, minibatch=6, loss=0.00079, Wa=1.2563, Wb=1.2349
updates=368, Epoch=45, minibatch=7, loss=0.00092, Wa=1.2563, Wb=1.2350
updates=369, Epoch=46, minibatch=0, loss=0.00085, Wa=1.2565, Wb=1.2351
updates=370, Epoch=46, minibatch=1, loss=0.00115, Wa=1.2566, Wb=1.2359
updates=371, Epoch=46, minibatch=2, loss=0.00099, Wa=1.2570, Wb=1.2367
updates=372, Epoch=46, minibatch=3, loss=0.00077, Wa=1.2570, Wb=1.2353
updates=373, Epoch=46, minibatch=4, loss=0.00081, Wa=1.2577, Wb=1.2353
updates=374, Epoch=46, minibatch=5, loss=0.00095, Wa=1.2577, Wb=1.2342
updates=375, Epoch=46, minibatch=6, loss=0.00096, Wa=1.2578, Wb=1.2345
updates=376, Epoch=46, minibatch=7, loss=0.00089, Wa=1.2579, Wb=1.2345
updates=377, Epoch=47, minibatch=0, loss=0.00085, Wa=1.2579, Wb=1.2342
updates=378, Epoch=47, minibatch=1, loss=0.00100, Wa=1.2583, Wb=1.2343
updates=379, Epoch=47, minibatch=2, loss=0.00099, Wa=1.2586, Wb=1.2347
updates=380, Epoch=47, minibatch=3, loss=0.00081, Wa=1.2587, Wb=1.2351
updates=381, Epoch=47, minibatch=4, loss=0.00092, Wa=1.2586, Wb=1.2351
updates=382, Epoch=47, minibatch=5, loss=0.00094, Wa=1.2586, Wb=1.2343
updates=383, Epoch=47, minibatch=6, loss=0.00084, Wa=1.2586, Wb=1.2340
updates=384, Epoch=47, minibatch=7, loss=0.00085, Wa=1.2587, Wb=1.2340
updates=385, Epoch=48, minibatch=0, loss=0.00091, Wa=1.2587, Wb=1.2335
updates=386, Epoch=48, minibatch=1, loss=0.00091, Wa=1.2587, Wb=1.2332
updates=387, Epoch=48, minibatch=2, loss=0.00087, Wa=1.2588, Wb=1.2332
updates=388, Epoch=48, minibatch=3, loss=0.00106, Wa=1.2588, Wb=1.2334
updates=389, Epoch=48, minibatch=4, loss=0.00076, Wa=1.2588, Wb=1.2325
updates=390, Epoch=48, minibatch=5, loss=0.00096, Wa=1.2590, Wb=1.2333
updates=391, Epoch=48, minibatch=6, loss=0.00083, Wa=1.2593, Wb=1.2340
updates=392, Epoch=48, minibatch=7, loss=0.00083, Wa=1.2592, Wb=1.2341
updates=393, Epoch=49, minibatch=0, loss=0.00079, Wa=1.2593, Wb=1.2337
updates=394, Epoch=49, minibatch=1, loss=0.00094, Wa=1.2595, Wb=1.2338
updates=395, Epoch=49, minibatch=2, loss=0.00085, Wa=1.2597, Wb=1.2332
updates=396, Epoch=49, minibatch=3, loss=0.00095, Wa=1.2598, Wb=1.2322
updates=397, Epoch=49, minibatch=4, loss=0.00095, Wa=1.2598, Wb=1.2336
updates=398, Epoch=49, minibatch=5, loss=0.00106, Wa=1.2598, Wb=1.2335
updates=399, Epoch=49, minibatch=6, loss=0.00073, Wa=1.2598, Wb=1.2338
updates=400, Epoch=49, minibatch=7, loss=0.00082, Wa=1.2598, Wb=1.2342
updates=401, Epoch=50, minibatch=0, loss=0.00090, Wa=1.2597, Wb=1.2333
updates=402, Epoch=50, minibatch=1, loss=0.00103, Wa=1.2596, Wb=1.2327
updates=403, Epoch=50, minibatch=2, loss=0.00094, Wa=1.2597, Wb=1.2341
updates=404, Epoch=50, minibatch=3, loss=0.00092, Wa=1.2597, Wb=1.2339
updates=405, Epoch=50, minibatch=4, loss=0.00077, Wa=1.2598, Wb=1.2324
updates=406, Epoch=50, minibatch=5, loss=0.00084, Wa=1.2598, Wb=1.2318
updates=407, Epoch=50, minibatch=6, loss=0.00093, Wa=1.2600, Wb=1.2325
updates=408, Epoch=50, minibatch=7, loss=0.00075, Wa=1.2600, Wb=1.2331
updates=409, Epoch=51, minibatch=0, loss=0.00081, Wa=1.2601, Wb=1.2335
updates=410, Epoch=51, minibatch=1, loss=0.00086, Wa=1.2603, Wb=1.2335
updates=411, Epoch=51, minibatch=2, loss=0.00087, Wa=1.2603, Wb=1.2335
updates=412, Epoch=51, minibatch=3, loss=0.00086, Wa=1.2603, Wb=1.2338
updates=413, Epoch=51, minibatch=4, loss=0.00077, Wa=1.2603, Wb=1.2338
updates=414, Epoch=51, minibatch=5, loss=0.00099, Wa=1.2604, Wb=1.2330
updates=415, Epoch=51, minibatch=6, loss=0.00100, Wa=1.2604, Wb=1.2339
updates=416, Epoch=51, minibatch=7, loss=0.00089, Wa=1.2603, Wb=1.2331
updates=417, Epoch=52, minibatch=0, loss=0.00082, Wa=1.2603, Wb=1.2327
updates=418, Epoch=52, minibatch=1, loss=0.00090, Wa=1.2603, Wb=1.2339
updates=419, Epoch=52, minibatch=2, loss=0.00086, Wa=1.2603, Wb=1.2335
updates=420, Epoch=52, minibatch=3, loss=0.00083, Wa=1.2602, Wb=1.2331
updates=421, Epoch=52, minibatch=4, loss=0.00097, Wa=1.2603, Wb=1.2332
updates=422, Epoch=52, minibatch=5, loss=0.00081, Wa=1.2603, Wb=1.2334
updates=423, Epoch=52, minibatch=6, loss=0.00086, Wa=1.2603, Wb=1.2327
updates=424, Epoch=52, minibatch=7, loss=0.00103, Wa=1.2606, Wb=1.2339
updates=425, Epoch=53, minibatch=0, loss=0.00089, Wa=1.2605, Wb=1.2321
updates=426, Epoch=53, minibatch=1, loss=0.00102, Wa=1.2605, Wb=1.2329
updates=427, Epoch=53, minibatch=2, loss=0.00087, Wa=1.2605, Wb=1.2328
updates=428, Epoch=53, minibatch=3, loss=0.00092, Wa=1.2606, Wb=1.2328
updates=429, Epoch=53, minibatch=4, loss=0.00078, Wa=1.2606, Wb=1.2320
updates=430, Epoch=53, minibatch=5, loss=0.00093, Wa=1.2606, Wb=1.2314
updates=431, Epoch=53, minibatch=6, loss=0.00092, Wa=1.2606, Wb=1.2319
updates=432, Epoch=53, minibatch=7, loss=0.00072, Wa=1.2606, Wb=1.2318
updates=433, Epoch=54, minibatch=0, loss=0.00089, Wa=1.2607, Wb=1.2328
updates=434, Epoch=54, minibatch=1, loss=0.00088, Wa=1.2608, Wb=1.2319
updates=435, Epoch=54, minibatch=2, loss=0.00085, Wa=1.2608, Wb=1.2331
updates=436, Epoch=54, minibatch=3, loss=0.00097, Wa=1.2608, Wb=1.2334
updates=437, Epoch=54, minibatch=4, loss=0.00093, Wa=1.2609, Wb=1.2335
updates=438, Epoch=54, minibatch=5, loss=0.00081, Wa=1.2609, Wb=1.2337
updates=439, Epoch=54, minibatch=6, loss=0.00082, Wa=1.2610, Wb=1.2343
updates=440, Epoch=54, minibatch=7, loss=0.00092, Wa=1.2609, Wb=1.2338
updates=441, Epoch=55, minibatch=0, loss=0.00098, Wa=1.2607, Wb=1.2318
updates=442, Epoch=55, minibatch=1, loss=0.00087, Wa=1.2608, Wb=1.2322
updates=443, Epoch=55, minibatch=2, loss=0.00089, Wa=1.2608, Wb=1.2327
updates=444, Epoch=55, minibatch=3, loss=0.00098, Wa=1.2609, Wb=1.2333
updates=445, Epoch=55, minibatch=4, loss=0.00083, Wa=1.2609, Wb=1.2329
updates=446, Epoch=55, minibatch=5, loss=0.00085, Wa=1.2607, Wb=1.2321
updates=447, Epoch=55, minibatch=6, loss=0.00087, Wa=1.2607, Wb=1.2324
updates=448, Epoch=55, minibatch=7, loss=0.00078, Wa=1.2608, Wb=1.2323
updates=449, Epoch=56, minibatch=0, loss=0.00095, Wa=1.2608, Wb=1.2321
updates=450, Epoch=56, minibatch=1, loss=0.00080, Wa=1.2610, Wb=1.2315
updates=451, Epoch=56, minibatch=2, loss=0.00086, Wa=1.2611, Wb=1.2324
updates=452, Epoch=56, minibatch=3, loss=0.00093, Wa=1.2611, Wb=1.2325
updates=453, Epoch=56, minibatch=4, loss=0.00083, Wa=1.2610, Wb=1.2306
updates=454, Epoch=56, minibatch=5, loss=0.00084, Wa=1.2609, Wb=1.2306
updates=455, Epoch=56, minibatch=6, loss=0.00103, Wa=1.2607, Wb=1.2322
updates=456, Epoch=56, minibatch=7, loss=0.00083, Wa=1.2608, Wb=1.2328
updates=457, Epoch=57, minibatch=0, loss=0.00090, Wa=1.2610, Wb=1.2332
updates=458, Epoch=57, minibatch=1, loss=0.00084, Wa=1.2612, Wb=1.2337
updates=459, Epoch=57, minibatch=2, loss=0.00082, Wa=1.2611, Wb=1.2338
updates=460, Epoch=57, minibatch=3, loss=0.00092, Wa=1.2612, Wb=1.2325
updates=461, Epoch=57, minibatch=4, loss=0.00090, Wa=1.2612, Wb=1.2334
updates=462, Epoch=57, minibatch=5, loss=0.00077, Wa=1.2611, Wb=1.2328
updates=463, Epoch=57, minibatch=6, loss=0.00091, Wa=1.2610, Wb=1.2324
updates=464, Epoch=57, minibatch=7, loss=0.00100, Wa=1.2610, Wb=1.2336
updates=465, Epoch=58, minibatch=0, loss=0.00091, Wa=1.2609, Wb=1.2321
updates=466, Epoch=58, minibatch=1, loss=0.00105, Wa=1.2608, Wb=1.2320
updates=467, Epoch=58, minibatch=2, loss=0.00076, Wa=1.2608, Wb=1.2321
updates=468, Epoch=58, minibatch=3, loss=0.00083, Wa=1.2605, Wb=1.2322
updates=469, Epoch=58, minibatch=4, loss=0.00084, Wa=1.2607, Wb=1.2342
updates=470, Epoch=58, minibatch=5, loss=0.00088, Wa=1.2610, Wb=1.2346
updates=471, Epoch=58, minibatch=6, loss=0.00095, Wa=1.2609, Wb=1.2320
updates=472, Epoch=58, minibatch=7, loss=0.00087, Wa=1.2610, Wb=1.2312
updates=473, Epoch=59, minibatch=0, loss=0.00102, Wa=1.2611, Wb=1.2323
updates=474, Epoch=59, minibatch=1, loss=0.00070, Wa=1.2612, Wb=1.2309
updates=475, Epoch=59, minibatch=2, loss=0.00091, Wa=1.2612, Wb=1.2316
updates=476, Epoch=59, minibatch=3, loss=0.00095, Wa=1.2611, Wb=1.2314
updates=477, Epoch=59, minibatch=4, loss=0.00091, Wa=1.2611, Wb=1.2322
updates=478, Epoch=59, minibatch=5, loss=0.00079, Wa=1.2612, Wb=1.2322
updates=479, Epoch=59, minibatch=6, loss=0.00082, Wa=1.2611, Wb=1.2320
updates=480, Epoch=59, minibatch=7, loss=0.00096, Wa=1.2612, Wb=1.2331
updates=481, Epoch=60, minibatch=0, loss=0.00099, Wa=1.2611, Wb=1.2332
updates=482, Epoch=60, minibatch=1, loss=0.00095, Wa=1.2611, Wb=1.2327
updates=483, Epoch=60, minibatch=2, loss=0.00094, Wa=1.2611, Wb=1.2331
updates=484, Epoch=60, minibatch=3, loss=0.00087, Wa=1.2610, Wb=1.2338
updates=485, Epoch=60, minibatch=4, loss=0.00089, Wa=1.2611, Wb=1.2329
updates=486, Epoch=60, minibatch=5, loss=0.00086, Wa=1.2612, Wb=1.2325
updates=487, Epoch=60, minibatch=6, loss=0.00076, Wa=1.2613, Wb=1.2337
updates=488, Epoch=60, minibatch=7, loss=0.00078, Wa=1.2611, Wb=1.2322
updates=489, Epoch=61, minibatch=0, loss=0.00091, Wa=1.2611, Wb=1.2323
updates=490, Epoch=61, minibatch=1, loss=0.00101, Wa=1.2611, Wb=1.2323
updates=491, Epoch=61, minibatch=2, loss=0.00093, Wa=1.2610, Wb=1.2316
updates=492, Epoch=61, minibatch=3, loss=0.00078, Wa=1.2609, Wb=1.2318
updates=493, Epoch=61, minibatch=4, loss=0.00096, Wa=1.2609, Wb=1.2322
updates=494, Epoch=61, minibatch=5, loss=0.00095, Wa=1.2608, Wb=1.2313
updates=495, Epoch=61, minibatch=6, loss=0.00072, Wa=1.2609, Wb=1.2325
updates=496, Epoch=61, minibatch=7, loss=0.00078, Wa=1.2610, Wb=1.2323
updates=497, Epoch=62, minibatch=0, loss=0.00094, Wa=1.2612, Wb=1.2332
updates=498, Epoch=62, minibatch=1, loss=0.00087, Wa=1.2613, Wb=1.2331
updates=499, Epoch=62, minibatch=2, loss=0.00103, Wa=1.2613, Wb=1.2337
updates=500, Epoch=62, minibatch=3, loss=0.00082, Wa=1.2612, Wb=1.2335
updates=501, Epoch=62, minibatch=4, loss=0.00096, Wa=1.2612, Wb=1.2329
updates=502, Epoch=62, minibatch=5, loss=0.00088, Wa=1.2612, Wb=1.2346
updates=503, Epoch=62, minibatch=6, loss=0.00085, Wa=1.2611, Wb=1.2340
updates=504, Epoch=62, minibatch=7, loss=0.00071, Wa=1.2613, Wb=1.2333
updates=505, Epoch=63, minibatch=0, loss=0.00091, Wa=1.2611, Wb=1.2312
updates=506, Epoch=63, minibatch=1, loss=0.00086, Wa=1.2612, Wb=1.2333
updates=507, Epoch=63, minibatch=2, loss=0.00090, Wa=1.2612, Wb=1.2329
updates=508, Epoch=63, minibatch=3, loss=0.00081, Wa=1.2613, Wb=1.2321
updates=509, Epoch=63, minibatch=4, loss=0.00080, Wa=1.2613, Wb=1.2324
updates=510, Epoch=63, minibatch=5, loss=0.00093, Wa=1.2613, Wb=1.2309
updates=511, Epoch=63, minibatch=6, loss=0.00079, Wa=1.2613, Wb=1.2320
updates=512, Epoch=63, minibatch=7, loss=0.00108, Wa=1.2611, Wb=1.2305
updates=513, Epoch=64, minibatch=0, loss=0.00080, Wa=1.2611, Wb=1.2322
updates=514, Epoch=64, minibatch=1, loss=0.00080, Wa=1.2611, Wb=1.2310
updates=515, Epoch=64, minibatch=2, loss=0.00090, Wa=1.2611, Wb=1.2326
updates=516, Epoch=64, minibatch=3, loss=0.00083, Wa=1.2612, Wb=1.2337
updates=517, Epoch=64, minibatch=4, loss=0.00089, Wa=1.2615, Wb=1.2332
updates=518, Epoch=64, minibatch=5, loss=0.00093, Wa=1.2614, Wb=1.2319
updates=519, Epoch=64, minibatch=6, loss=0.00095, Wa=1.2610, Wb=1.2306
updates=520, Epoch=64, minibatch=7, loss=0.00099, Wa=1.2612, Wb=1.2325
updates=521, Epoch=65, minibatch=0, loss=0.00089, Wa=1.2611, Wb=1.2326
updates=522, Epoch=65, minibatch=1, loss=0.00089, Wa=1.2611, Wb=1.2336
updates=523, Epoch=65, minibatch=2, loss=0.00101, Wa=1.2610, Wb=1.2320
updates=524, Epoch=65, minibatch=3, loss=0.00091, Wa=1.2611, Wb=1.2334
updates=525, Epoch=65, minibatch=4, loss=0.00084, Wa=1.2611, Wb=1.2348
updates=526, Epoch=65, minibatch=5, loss=0.00085, Wa=1.2611, Wb=1.2327
updates=527, Epoch=65, minibatch=6, loss=0.00087, Wa=1.2607, Wb=1.2323
updates=528, Epoch=65, minibatch=7, loss=0.00082, Wa=1.2610, Wb=1.2325
updates=529, Epoch=66, minibatch=0, loss=0.00088, Wa=1.2612, Wb=1.2317
updates=530, Epoch=66, minibatch=1, loss=0.00091, Wa=1.2611, Wb=1.2292
updates=531, Epoch=66, minibatch=2, loss=0.00080, Wa=1.2612, Wb=1.2300
updates=532, Epoch=66, minibatch=3, loss=0.00100, Wa=1.2611, Wb=1.2303
updates=533, Epoch=66, minibatch=4, loss=0.00090, Wa=1.2610, Wb=1.2307
updates=534, Epoch=66, minibatch=5, loss=0.00084, Wa=1.2609, Wb=1.2323
updates=535, Epoch=66, minibatch=6, loss=0.00097, Wa=1.2612, Wb=1.2316
updates=536, Epoch=66, minibatch=7, loss=0.00076, Wa=1.2612, Wb=1.2337
updates=537, Epoch=67, minibatch=0, loss=0.00070, Wa=1.2613, Wb=1.2343
updates=538, Epoch=67, minibatch=1, loss=0.00083, Wa=1.2612, Wb=1.2336
updates=539, Epoch=67, minibatch=2, loss=0.00094, Wa=1.2612, Wb=1.2331
updates=540, Epoch=67, minibatch=3, loss=0.00091, Wa=1.2610, Wb=1.2330
updates=541, Epoch=67, minibatch=4, loss=0.00082, Wa=1.2613, Wb=1.2325
updates=542, Epoch=67, minibatch=5, loss=0.00096, Wa=1.2613, Wb=1.2315
updates=543, Epoch=67, minibatch=6, loss=0.00099, Wa=1.2610, Wb=1.2327
updates=544, Epoch=67, minibatch=7, loss=0.00095, Wa=1.2611, Wb=1.2356
updates=545, Epoch=68, minibatch=0, loss=0.00095, Wa=1.2613, Wb=1.2327
updates=546, Epoch=68, minibatch=1, loss=0.00078, Wa=1.2612, Wb=1.2328
updates=547, Epoch=68, minibatch=2, loss=0.00084, Wa=1.2614, Wb=1.2328
updates=548, Epoch=68, minibatch=3, loss=0.00101, Wa=1.2615, Wb=1.2338
updates=549, Epoch=68, minibatch=4, loss=0.00095, Wa=1.2610, Wb=1.2335
updates=550, Epoch=68, minibatch=5, loss=0.00090, Wa=1.2612, Wb=1.2345
updates=551, Epoch=68, minibatch=6, loss=0.00088, Wa=1.2611, Wb=1.2335
updates=552, Epoch=68, minibatch=7, loss=0.00075, Wa=1.2612, Wb=1.2327
updates=553, Epoch=69, minibatch=0, loss=0.00081, Wa=1.2612, Wb=1.2309
updates=554, Epoch=69, minibatch=1, loss=0.00073, Wa=1.2612, Wb=1.2316
updates=555, Epoch=69, minibatch=2, loss=0.00105, Wa=1.2613, Wb=1.2324
updates=556, Epoch=69, minibatch=3, loss=0.00078, Wa=1.2614, Wb=1.2333
updates=557, Epoch=69, minibatch=4, loss=0.00093, Wa=1.2613, Wb=1.2328
updates=558, Epoch=69, minibatch=5, loss=0.00113, Wa=1.2613, Wb=1.2313
updates=559, Epoch=69, minibatch=6, loss=0.00085, Wa=1.2615, Wb=1.2329
updates=560, Epoch=69, minibatch=7, loss=0.00080, Wa=1.2612, Wb=1.2313
updates=561, Epoch=70, minibatch=0, loss=0.00075, Wa=1.2611, Wb=1.2316
updates=562, Epoch=70, minibatch=1, loss=0.00076, Wa=1.2612, Wb=1.2321
updates=563, Epoch=70, minibatch=2, loss=0.00103, Wa=1.2614, Wb=1.2335
updates=564, Epoch=70, minibatch=3, loss=0.00106, Wa=1.2615, Wb=1.2324
updates=565, Epoch=70, minibatch=4, loss=0.00074, Wa=1.2615, Wb=1.2310
updates=566, Epoch=70, minibatch=5, loss=0.00091, Wa=1.2614, Wb=1.2304
updates=567, Epoch=70, minibatch=6, loss=0.00096, Wa=1.2613, Wb=1.2327
updates=568, Epoch=70, minibatch=7, loss=0.00085, Wa=1.2613, Wb=1.2324
updates=569, Epoch=71, minibatch=0, loss=0.00084, Wa=1.2611, Wb=1.2324
updates=570, Epoch=71, minibatch=1, loss=0.00085, Wa=1.2611, Wb=1.2304
updates=571, Epoch=71, minibatch=2, loss=0.00106, Wa=1.2611, Wb=1.2311
updates=572, Epoch=71, minibatch=3, loss=0.00092, Wa=1.2615, Wb=1.2335
updates=573, Epoch=71, minibatch=4, loss=0.00096, Wa=1.2616, Wb=1.2340
updates=574, Epoch=71, minibatch=5, loss=0.00079, Wa=1.2616, Wb=1.2333
updates=575, Epoch=71, minibatch=6, loss=0.00085, Wa=1.2614, Wb=1.2332
updates=576, Epoch=71, minibatch=7, loss=0.00079, Wa=1.2610, Wb=1.2330
updates=577, Epoch=72, minibatch=0, loss=0.00082, Wa=1.2609, Wb=1.2320
updates=578, Epoch=72, minibatch=1, loss=0.00090, Wa=1.2608, Wb=1.2309
updates=579, Epoch=72, minibatch=2, loss=0.00103, Wa=1.2606, Wb=1.2302
updates=580, Epoch=72, minibatch=3, loss=0.00085, Wa=1.2608, Wb=1.2312
updates=581, Epoch=72, minibatch=4, loss=0.00083, Wa=1.2608, Wb=1.2317
updates=582, Epoch=72, minibatch=5, loss=0.00099, Wa=1.2612, Wb=1.2311
updates=583, Epoch=72, minibatch=6, loss=0.00081, Wa=1.2612, Wb=1.2332
updates=584, Epoch=72, minibatch=7, loss=0.00081, Wa=1.2611, Wb=1.2346
updates=585, Epoch=73, minibatch=0, loss=0.00091, Wa=1.2612, Wb=1.2337
updates=586, Epoch=73, minibatch=1, loss=0.00102, Wa=1.2609, Wb=1.2334
updates=587, Epoch=73, minibatch=2, loss=0.00082, Wa=1.2609, Wb=1.2331
updates=588, Epoch=73, minibatch=3, loss=0.00089, Wa=1.2609, Wb=1.2325
updates=589, Epoch=73, minibatch=4, loss=0.00092, Wa=1.2609, Wb=1.2324
updates=590, Epoch=73, minibatch=5, loss=0.00082, Wa=1.2610, Wb=1.2326
updates=591, Epoch=73, minibatch=6, loss=0.00089, Wa=1.2609, Wb=1.2326
updates=592, Epoch=73, minibatch=7, loss=0.00077, Wa=1.2610, Wb=1.2328
updates=593, Epoch=74, minibatch=0, loss=0.00104, Wa=1.2613, Wb=1.2330
updates=594, Epoch=74, minibatch=1, loss=0.00076, Wa=1.2617, Wb=1.2365
updates=595, Epoch=74, minibatch=2, loss=0.00104, Wa=1.2616, Wb=1.2344
updates=596, Epoch=74, minibatch=3, loss=0.00085, Wa=1.2615, Wb=1.2347
updates=597, Epoch=74, minibatch=4, loss=0.00085, Wa=1.2615, Wb=1.2324
updates=598, Epoch=74, minibatch=5, loss=0.00084, Wa=1.2611, Wb=1.2301
updates=599, Epoch=74, minibatch=6, loss=0.00090, Wa=1.2613, Wb=1.2290
updates=600, Epoch=74, minibatch=7, loss=0.00081, Wa=1.2612, Wb=1.2317
updates=601, Epoch=75, minibatch=0, loss=0.00084, Wa=1.2611, Wb=1.2321
updates=602, Epoch=75, minibatch=1, loss=0.00099, Wa=1.2612, Wb=1.2323
updates=603, Epoch=75, minibatch=2, loss=0.00083, Wa=1.2613, Wb=1.2332
updates=604, Epoch=75, minibatch=3, loss=0.00093, Wa=1.2611, Wb=1.2331
updates=605, Epoch=75, minibatch=4, loss=0.00080, Wa=1.2612, Wb=1.2337
updates=606, Epoch=75, minibatch=5, loss=0.00100, Wa=1.2611, Wb=1.2334
updates=607, Epoch=75, minibatch=6, loss=0.00094, Wa=1.2610, Wb=1.2333
updates=608, Epoch=75, minibatch=7, loss=0.00072, Wa=1.2611, Wb=1.2307
updates=609, Epoch=76, minibatch=0, loss=0.00099, Wa=1.2611, Wb=1.2315
updates=610, Epoch=76, minibatch=1, loss=0.00091, Wa=1.2612, Wb=1.2295
updates=611, Epoch=76, minibatch=2, loss=0.00083, Wa=1.2613, Wb=1.2309
updates=612, Epoch=76, minibatch=3, loss=0.00084, Wa=1.2616, Wb=1.2317
updates=613, Epoch=76, minibatch=4, loss=0.00070, Wa=1.2613, Wb=1.2330
updates=614, Epoch=76, minibatch=5, loss=0.00083, Wa=1.2614, Wb=1.2319
updates=615, Epoch=76, minibatch=6, loss=0.00104, Wa=1.2614, Wb=1.2323
updates=616, Epoch=76, minibatch=7, loss=0.00093, Wa=1.2614, Wb=1.2318
updates=617, Epoch=77, minibatch=0, loss=0.00081, Wa=1.2611, Wb=1.2336
updates=618, Epoch=77, minibatch=1, loss=0.00089, Wa=1.2606, Wb=1.2323
updates=619, Epoch=77, minibatch=2, loss=0.00091, Wa=1.2607, Wb=1.2320
updates=620, Epoch=77, minibatch=3, loss=0.00080, Wa=1.2609, Wb=1.2321
updates=621, Epoch=77, minibatch=4, loss=0.00092, Wa=1.2610, Wb=1.2329
updates=622, Epoch=77, minibatch=5, loss=0.00095, Wa=1.2609, Wb=1.2356
updates=623, Epoch=77, minibatch=6, loss=0.00098, Wa=1.2607, Wb=1.2345
updates=624, Epoch=77, minibatch=7, loss=0.00085, Wa=1.2610, Wb=1.2305
updates=625, Epoch=78, minibatch=0, loss=0.00067, Wa=1.2613, Wb=1.2327
updates=626, Epoch=78, minibatch=1, loss=0.00091, Wa=1.2615, Wb=1.2330
updates=627, Epoch=78, minibatch=2, loss=0.00100, Wa=1.2615, Wb=1.2326
updates=628, Epoch=78, minibatch=3, loss=0.00064, Wa=1.2612, Wb=1.2319
updates=629, Epoch=78, minibatch=4, loss=0.00087, Wa=1.2612, Wb=1.2335
updates=630, Epoch=78, minibatch=5, loss=0.00109, Wa=1.2611, Wb=1.2353
updates=631, Epoch=78, minibatch=6, loss=0.00090, Wa=1.2605, Wb=1.2337
updates=632, Epoch=78, minibatch=7, loss=0.00099, Wa=1.2607, Wb=1.2323
updates=633, Epoch=79, minibatch=0, loss=0.00082, Wa=1.2613, Wb=1.2311
updates=634, Epoch=79, minibatch=1, loss=0.00085, Wa=1.2611, Wb=1.2313
updates=635, Epoch=79, minibatch=2, loss=0.00091, Wa=1.2614, Wb=1.2341
updates=636, Epoch=79, minibatch=3, loss=0.00099, Wa=1.2614, Wb=1.2333
updates=637, Epoch=79, minibatch=4, loss=0.00086, Wa=1.2615, Wb=1.2315
updates=638, Epoch=79, minibatch=5, loss=0.00085, Wa=1.2614, Wb=1.2303
updates=639, Epoch=79, minibatch=6, loss=0.00087, Wa=1.2616, Wb=1.2321
updates=640, Epoch=79, minibatch=7, loss=0.00093, Wa=1.2615, Wb=1.2318
updates=641, Epoch=80, minibatch=0, loss=0.00082, Wa=1.2611, Wb=1.2321
updates=642, Epoch=80, minibatch=1, loss=0.00090, Wa=1.2612, Wb=1.2327
updates=643, Epoch=80, minibatch=2, loss=0.00091, Wa=1.2612, Wb=1.2325
updates=644, Epoch=80, minibatch=3, loss=0.00081, Wa=1.2612, Wb=1.2316
updates=645, Epoch=80, minibatch=4, loss=0.00089, Wa=1.2613, Wb=1.2311
updates=646, Epoch=80, minibatch=5, loss=0.00093, Wa=1.2612, Wb=1.2312
updates=647, Epoch=80, minibatch=6, loss=0.00096, Wa=1.2607, Wb=1.2304
updates=648, Epoch=80, minibatch=7, loss=0.00084, Wa=1.2610, Wb=1.2341
updates=649, Epoch=81, minibatch=0, loss=0.00085, Wa=1.2612, Wb=1.2335
updates=650, Epoch=81, minibatch=1, loss=0.00083, Wa=1.2616, Wb=1.2355
updates=651, Epoch=81, minibatch=2, loss=0.00104, Wa=1.2614, Wb=1.2338
updates=652, Epoch=81, minibatch=3, loss=0.00090, Wa=1.2611, Wb=1.2322
updates=653, Epoch=81, minibatch=4, loss=0.00088, Wa=1.2609, Wb=1.2337
updates=654, Epoch=81, minibatch=5, loss=0.00094, Wa=1.2607, Wb=1.2313
updates=655, Epoch=81, minibatch=6, loss=0.00086, Wa=1.2613, Wb=1.2289
updates=656, Epoch=81, minibatch=7, loss=0.00080, Wa=1.2613, Wb=1.2306
updates=657, Epoch=82, minibatch=0, loss=0.00088, Wa=1.2612, Wb=1.2335
updates=658, Epoch=82, minibatch=1, loss=0.00077, Wa=1.2609, Wb=1.2336
updates=659, Epoch=82, minibatch=2, loss=0.00086, Wa=1.2609, Wb=1.2317
updates=660, Epoch=82, minibatch=3, loss=0.00107, Wa=1.2614, Wb=1.2323
updates=661, Epoch=82, minibatch=4, loss=0.00083, Wa=1.2615, Wb=1.2318
updates=662, Epoch=82, minibatch=5, loss=0.00091, Wa=1.2615, Wb=1.2306
updates=663, Epoch=82, minibatch=6, loss=0.00084, Wa=1.2613, Wb=1.2329
updates=664, Epoch=82, minibatch=7, loss=0.00091, Wa=1.2613, Wb=1.2330
updates=665, Epoch=83, minibatch=0, loss=0.00102, Wa=1.2611, Wb=1.2335
updates=666, Epoch=83, minibatch=1, loss=0.00081, Wa=1.2608, Wb=1.2321
updates=667, Epoch=83, minibatch=2, loss=0.00073, Wa=1.2609, Wb=1.2312
updates=668, Epoch=83, minibatch=3, loss=0.00076, Wa=1.2609, Wb=1.2316
updates=669, Epoch=83, minibatch=4, loss=0.00099, Wa=1.2609, Wb=1.2333
updates=670, Epoch=83, minibatch=5, loss=0.00096, Wa=1.2617, Wb=1.2338
updates=671, Epoch=83, minibatch=6, loss=0.00081, Wa=1.2616, Wb=1.2353
updates=672, Epoch=83, minibatch=7, loss=0.00099, Wa=1.2615, Wb=1.2329
updates=673, Epoch=84, minibatch=0, loss=0.00073, Wa=1.2611, Wb=1.2320
updates=674, Epoch=84, minibatch=1, loss=0.00080, Wa=1.2608, Wb=1.2345
updates=675, Epoch=84, minibatch=2, loss=0.00077, Wa=1.2606, Wb=1.2331
updates=676, Epoch=84, minibatch=3, loss=0.00089, Wa=1.2605, Wb=1.2325
updates=677, Epoch=84, minibatch=4, loss=0.00095, Wa=1.2609, Wb=1.2313
updates=678, Epoch=84, minibatch=5, loss=0.00089, Wa=1.2606, Wb=1.2315
updates=679, Epoch=84, minibatch=6, loss=0.00085, Wa=1.2606, Wb=1.2300
updates=680, Epoch=84, minibatch=7, loss=0.00119, Wa=1.2610, Wb=1.2324
updates=681, Epoch=85, minibatch=0, loss=0.00092, Wa=1.2615, Wb=1.2334
updates=682, Epoch=85, minibatch=1, loss=0.00105, Wa=1.2612, Wb=1.2302
updates=683, Epoch=85, minibatch=2, loss=0.00075, Wa=1.2617, Wb=1.2330
updates=684, Epoch=85, minibatch=3, loss=0.00102, Wa=1.2622, Wb=1.2334
updates=685, Epoch=85, minibatch=4, loss=0.00085, Wa=1.2615, Wb=1.2330
updates=686, Epoch=85, minibatch=5, loss=0.00077, Wa=1.2617, Wb=1.2323
updates=687, Epoch=85, minibatch=6, loss=0.00085, Wa=1.2618, Wb=1.2328
updates=688, Epoch=85, minibatch=7, loss=0.00088, Wa=1.2612, Wb=1.2336
updates=689, Epoch=86, minibatch=0, loss=0.00089, Wa=1.2610, Wb=1.2320
updates=690, Epoch=86, minibatch=1, loss=0.00083, Wa=1.2615, Wb=1.2326
updates=691, Epoch=86, minibatch=2, loss=0.00096, Wa=1.2614, Wb=1.2320
updates=692, Epoch=86, minibatch=3, loss=0.00090, Wa=1.2612, Wb=1.2311
updates=693, Epoch=86, minibatch=4, loss=0.00084, Wa=1.2609, Wb=1.2296
updates=694, Epoch=86, minibatch=5, loss=0.00074, Wa=1.2606, Wb=1.2319
updates=695, Epoch=86, minibatch=6, loss=0.00098, Wa=1.2605, Wb=1.2334
updates=696, Epoch=86, minibatch=7, loss=0.00093, Wa=1.2611, Wb=1.2350
updates=697, Epoch=87, minibatch=0, loss=0.00094, Wa=1.2612, Wb=1.2329
updates=698, Epoch=87, minibatch=1, loss=0.00098, Wa=1.2615, Wb=1.2325
updates=699, Epoch=87, minibatch=2, loss=0.00096, Wa=1.2614, Wb=1.2305
updates=700, Epoch=87, minibatch=3, loss=0.00070, Wa=1.2614, Wb=1.2328
updates=701, Epoch=87, minibatch=4, loss=0.00087, Wa=1.2616, Wb=1.2349
updates=702, Epoch=87, minibatch=5, loss=0.00077, Wa=1.2610, Wb=1.2370
updates=703, Epoch=87, minibatch=6, loss=0.00095, Wa=1.2609, Wb=1.2336
updates=704, Epoch=87, minibatch=7, loss=0.00092, Wa=1.2607, Wb=1.2302
updates=705, Epoch=88, minibatch=0, loss=0.00093, Wa=1.2609, Wb=1.2311
updates=706, Epoch=88, minibatch=1, loss=0.00093, Wa=1.2604, Wb=1.2301
updates=707, Epoch=88, minibatch=2, loss=0.00084, Wa=1.2605, Wb=1.2311
updates=708, Epoch=88, minibatch=3, loss=0.00083, Wa=1.2605, Wb=1.2320
updates=709, Epoch=88, minibatch=4, loss=0.00086, Wa=1.2606, Wb=1.2321
updates=710, Epoch=88, minibatch=5, loss=0.00083, Wa=1.2607, Wb=1.2318
updates=711, Epoch=88, minibatch=6, loss=0.00093, Wa=1.2610, Wb=1.2340
updates=712, Epoch=88, minibatch=7, loss=0.00092, Wa=1.2615, Wb=1.2322
updates=713, Epoch=89, minibatch=0, loss=0.00085, Wa=1.2615, Wb=1.2337
updates=714, Epoch=89, minibatch=1, loss=0.00089, Wa=1.2612, Wb=1.2336
updates=715, Epoch=89, minibatch=2, loss=0.00084, Wa=1.2609, Wb=1.2302
updates=716, Epoch=89, minibatch=3, loss=0.00106, Wa=1.2611, Wb=1.2313
updates=717, Epoch=89, minibatch=4, loss=0.00084, Wa=1.2611, Wb=1.2355
updates=718, Epoch=89, minibatch=5, loss=0.00094, Wa=1.2610, Wb=1.2328
updates=719, Epoch=89, minibatch=6, loss=0.00079, Wa=1.2611, Wb=1.2340
updates=720, Epoch=89, minibatch=7, loss=0.00090, Wa=1.2612, Wb=1.2330
updates=721, Epoch=90, minibatch=0, loss=0.00103, Wa=1.2614, Wb=1.2322
updates=722, Epoch=90, minibatch=1, loss=0.00086, Wa=1.2613, Wb=1.2329
updates=723, Epoch=90, minibatch=2, loss=0.00080, Wa=1.2613, Wb=1.2333
updates=724, Epoch=90, minibatch=3, loss=0.00104, Wa=1.2607, Wb=1.2327
updates=725, Epoch=90, minibatch=4, loss=0.00077, Wa=1.2603, Wb=1.2300
updates=726, Epoch=90, minibatch=5, loss=0.00085, Wa=1.2605, Wb=1.2317
updates=727, Epoch=90, minibatch=6, loss=0.00079, Wa=1.2605, Wb=1.2313
updates=728, Epoch=90, minibatch=7, loss=0.00094, Wa=1.2607, Wb=1.2316
updates=729, Epoch=91, minibatch=0, loss=0.00080, Wa=1.2617, Wb=1.2341
updates=730, Epoch=91, minibatch=1, loss=0.00097, Wa=1.2617, Wb=1.2337
updates=731, Epoch=91, minibatch=2, loss=0.00090, Wa=1.2625, Wb=1.2339
updates=732, Epoch=91, minibatch=3, loss=0.00089, Wa=1.2625, Wb=1.2317
updates=733, Epoch=91, minibatch=4, loss=0.00090, Wa=1.2621, Wb=1.2344
updates=734, Epoch=91, minibatch=5, loss=0.00073, Wa=1.2621, Wb=1.2324
updates=735, Epoch=91, minibatch=6, loss=0.00088, Wa=1.2625, Wb=1.2305
updates=736, Epoch=91, minibatch=7, loss=0.00103, Wa=1.2622, Wb=1.2329
updates=737, Epoch=92, minibatch=0, loss=0.00102, Wa=1.2608, Wb=1.2310
updates=738, Epoch=92, minibatch=1, loss=0.00092, Wa=1.2605, Wb=1.2285
updates=739, Epoch=92, minibatch=2, loss=0.00100, Wa=1.2605, Wb=1.2292
updates=740, Epoch=92, minibatch=3, loss=0.00079, Wa=1.2615, Wb=1.2308
updates=741, Epoch=92, minibatch=4, loss=0.00082, Wa=1.2606, Wb=1.2304
updates=742, Epoch=92, minibatch=5, loss=0.00091, Wa=1.2609, Wb=1.2328
updates=743, Epoch=92, minibatch=6, loss=0.00078, Wa=1.2609, Wb=1.2333
updates=744, Epoch=92, minibatch=7, loss=0.00083, Wa=1.2611, Wb=1.2334
updates=745, Epoch=93, minibatch=0, loss=0.00099, Wa=1.2615, Wb=1.2352
updates=746, Epoch=93, minibatch=1, loss=0.00082, Wa=1.2618, Wb=1.2356
updates=747, Epoch=93, minibatch=2, loss=0.00086, Wa=1.2610, Wb=1.2336
updates=748, Epoch=93, minibatch=3, loss=0.00082, Wa=1.2605, Wb=1.2310
updates=749, Epoch=93, minibatch=4, loss=0.00084, Wa=1.2613, Wb=1.2330
updates=750, Epoch=93, minibatch=5, loss=0.00084, Wa=1.2614, Wb=1.2315
updates=751, Epoch=93, minibatch=6, loss=0.00094, Wa=1.2614, Wb=1.2329
updates=752, Epoch=93, minibatch=7, loss=0.00097, Wa=1.2613, Wb=1.2330
updates=753, Epoch=94, minibatch=0, loss=0.00092, Wa=1.2613, Wb=1.2327
updates=754, Epoch=94, minibatch=1, loss=0.00082, Wa=1.2622, Wb=1.2322
updates=755, Epoch=94, minibatch=2, loss=0.00094, Wa=1.2621, Wb=1.2312
updates=756, Epoch=94, minibatch=3, loss=0.00087, Wa=1.2620, Wb=1.2322
updates=757, Epoch=94, minibatch=4, loss=0.00081, Wa=1.2591, Wb=1.2301
updates=758, Epoch=94, minibatch=5, loss=0.00114, Wa=1.2601, Wb=1.2327
updates=759, Epoch=94, minibatch=6, loss=0.00084, Wa=1.2604, Wb=1.2307
updates=760, Epoch=94, minibatch=7, loss=0.00076, Wa=1.2596, Wb=1.2322
updates=761, Epoch=95, minibatch=0, loss=0.00076, Wa=1.2599, Wb=1.2355
updates=762, Epoch=95, minibatch=1, loss=0.00095, Wa=1.2595, Wb=1.2320
updates=763, Epoch=95, minibatch=2, loss=0.00074, Wa=1.2594, Wb=1.2331
updates=764, Epoch=95, minibatch=3, loss=0.00103, Wa=1.2597, Wb=1.2308
updates=765, Epoch=95, minibatch=4, loss=0.00080, Wa=1.2602, Wb=1.2332
updates=766, Epoch=95, minibatch=5, loss=0.00086, Wa=1.2605, Wb=1.2349
updates=767, Epoch=95, minibatch=6, loss=0.00097, Wa=1.2618, Wb=1.2359
updates=768, Epoch=95, minibatch=7, loss=0.00103, Wa=1.2607, Wb=1.2336
updates=769, Epoch=96, minibatch=0, loss=0.00078, Wa=1.2606, Wb=1.2333
updates=770, Epoch=96, minibatch=1, loss=0.00092, Wa=1.2611, Wb=1.2332
updates=771, Epoch=96, minibatch=2, loss=0.00088, Wa=1.2612, Wb=1.2316
updates=772, Epoch=96, minibatch=3, loss=0.00083, Wa=1.2608, Wb=1.2325
updates=773, Epoch=96, minibatch=4, loss=0.00079, Wa=1.2614, Wb=1.2352
updates=774, Epoch=96, minibatch=5, loss=0.00082, Wa=1.2604, Wb=1.2333
updates=775, Epoch=96, minibatch=6, loss=0.00111, Wa=1.2600, Wb=1.2334
updates=776, Epoch=96, minibatch=7, loss=0.00099, Wa=1.2600, Wb=1.2297
updates=777, Epoch=97, minibatch=0, loss=0.00086, Wa=1.2613, Wb=1.2331
updates=778, Epoch=97, minibatch=1, loss=0.00094, Wa=1.2609, Wb=1.2315
updates=779, Epoch=97, minibatch=2, loss=0.00076, Wa=1.2606, Wb=1.2335
updates=780, Epoch=97, minibatch=3, loss=0.00090, Wa=1.2611, Wb=1.2328
updates=781, Epoch=97, minibatch=4, loss=0.00091, Wa=1.2606, Wb=1.2333
updates=782, Epoch=97, minibatch=5, loss=0.00078, Wa=1.2611, Wb=1.2329
updates=783, Epoch=97, minibatch=6, loss=0.00092, Wa=1.2609, Wb=1.2324
updates=784, Epoch=97, minibatch=7, loss=0.00099, Wa=1.2612, Wb=1.2337
updates=785, Epoch=98, minibatch=0, loss=0.00083, Wa=1.2615, Wb=1.2320
updates=786, Epoch=98, minibatch=1, loss=0.00099, Wa=1.2615, Wb=1.2323
updates=787, Epoch=98, minibatch=2, loss=0.00084, Wa=1.2612, Wb=1.2330
updates=788, Epoch=98, minibatch=3, loss=0.00084, Wa=1.2618, Wb=1.2348
updates=789, Epoch=98, minibatch=4, loss=0.00086, Wa=1.2626, Wb=1.2345
updates=790, Epoch=98, minibatch=5, loss=0.00094, Wa=1.2617, Wb=1.2347
updates=791, Epoch=98, minibatch=6, loss=0.00092, Wa=1.2614, Wb=1.2292
updates=792, Epoch=98, minibatch=7, loss=0.00088, Wa=1.2608, Wb=1.2318
updates=793, Epoch=99, minibatch=0, loss=0.00103, Wa=1.2608, Wb=1.2306
updates=794, Epoch=99, minibatch=1, loss=0.00104, Wa=1.2609, Wb=1.2316
updates=795, Epoch=99, minibatch=2, loss=0.00084, Wa=1.2621, Wb=1.2340
updates=796, Epoch=99, minibatch=3, loss=0.00072, Wa=1.2617, Wb=1.2302
updates=797, Epoch=99, minibatch=4, loss=0.00078, Wa=1.2618, Wb=1.2296
updates=798, Epoch=99, minibatch=5, loss=0.00073, Wa=1.2615, Wb=1.2317
updates=799, Epoch=99, minibatch=6, loss=0.00103, Wa=1.2615, Wb=1.2328
updates=800, Epoch=99, minibatch=7, loss=0.00094, Wa=1.2608, Wb=1.2333
The ground truth is A=1.2618, B=1.2344
PyTorch built-in AutoGradient+optimizer result: Final estimated Wa=1.2608, Wb=1.2325
