RMSprop using custom implementation
nsamples=512, batch_size=64, epoch=100, lr=0.01
initial Wa=0.8973734974861145, Wb=0.9345461130142212
Epoch=0, minibatch=0 loss=16.99763, Wa=0.8974, Wb=0.9345
Epoch=0, minibatch=1 loss=12.83767, Wa=0.9290, Wb=0.9662
Epoch=0, minibatch=2 loss=10.14959, Wa=0.9489, Wb=0.9882
Epoch=0, minibatch=3 loss=10.09301, Wa=0.9604, Wb=1.0057
Epoch=0, minibatch=4 loss=7.74163, Wa=0.9788, Wb=1.0232
Epoch=0, minibatch=5 loss=10.37475, Wa=0.9881, Wb=1.0382
Epoch=0, minibatch=6 loss=7.62140, Wa=0.9998, Wb=1.0499
Epoch=0, minibatch=7 loss=7.55156, Wa=1.0124, Wb=1.0629
Epoch=1, minibatch=0 loss=6.34955, Wa=1.0209, Wb=1.0735
Epoch=1, minibatch=1 loss=6.85888, Wa=1.0304, Wb=1.0844
Epoch=1, minibatch=2 loss=6.90432, Wa=1.0408, Wb=1.0943
Epoch=1, minibatch=3 loss=4.79108, Wa=1.0543, Wb=1.1040
Epoch=1, minibatch=4 loss=3.67426, Wa=1.0624, Wb=1.1135
Epoch=1, minibatch=5 loss=4.09915, Wa=1.0692, Wb=1.1227
Epoch=1, minibatch=6 loss=4.62119, Wa=1.0782, Wb=1.1321
Epoch=1, minibatch=7 loss=2.71696, Wa=1.0880, Wb=1.1400
Epoch=2, minibatch=0 loss=2.76236, Wa=1.1056, Wb=1.1480
Epoch=2, minibatch=1 loss=3.20160, Wa=1.1193, Wb=1.1554
Epoch=2, minibatch=2 loss=2.15677, Wa=1.1355, Wb=1.1625
Epoch=2, minibatch=3 loss=2.54507, Wa=1.1422, Wb=1.1693
Epoch=2, minibatch=4 loss=2.32043, Wa=1.1462, Wb=1.1755
Epoch=2, minibatch=5 loss=1.29551, Wa=1.1588, Wb=1.1824
Epoch=2, minibatch=6 loss=0.87105, Wa=1.1639, Wb=1.1881
Epoch=2, minibatch=7 loss=0.98983, Wa=1.1737, Wb=1.1935
Epoch=3, minibatch=0 loss=0.81300, Wa=1.1773, Wb=1.1987
Epoch=3, minibatch=1 loss=0.65747, Wa=1.1851, Wb=1.2039
Epoch=3, minibatch=2 loss=0.55221, Wa=1.1911, Wb=1.2087
Epoch=3, minibatch=3 loss=0.73605, Wa=1.1930, Wb=1.2121
Epoch=3, minibatch=4 loss=0.65041, Wa=1.1999, Wb=1.2168
Epoch=3, minibatch=5 loss=0.37294, Wa=1.2066, Wb=1.2203
Epoch=3, minibatch=6 loss=0.50646, Wa=1.2100, Wb=1.2239
Epoch=3, minibatch=7 loss=0.36576, Wa=1.2174, Wb=1.2270
Epoch=4, minibatch=0 loss=0.31771, Wa=1.2214, Wb=1.2300
Epoch=4, minibatch=1 loss=0.21103, Wa=1.2311, Wb=1.2333
Epoch=4, minibatch=2 loss=0.17142, Wa=1.2325, Wb=1.2349
Epoch=4, minibatch=3 loss=0.19336, Wa=1.2350, Wb=1.2363
Epoch=4, minibatch=4 loss=0.12212, Wa=1.2407, Wb=1.2380
Epoch=4, minibatch=5 loss=0.08903, Wa=1.2460, Wb=1.2373
Epoch=4, minibatch=6 loss=0.06850, Wa=1.2468, Wb=1.2374
Epoch=4, minibatch=7 loss=0.06655, Wa=1.2483, Wb=1.2374
Epoch=5, minibatch=0 loss=0.08849, Wa=1.2491, Wb=1.2367
Epoch=5, minibatch=1 loss=0.05370, Wa=1.2514, Wb=1.2383
Epoch=5, minibatch=2 loss=0.09369, Wa=1.2524, Wb=1.2382
Epoch=5, minibatch=3 loss=0.06962, Wa=1.2632, Wb=1.2377
Epoch=5, minibatch=4 loss=0.05938, Wa=1.2598, Wb=1.2371
Epoch=5, minibatch=5 loss=0.04622, Wa=1.2596, Wb=1.2356
Epoch=5, minibatch=6 loss=0.05632, Wa=1.2609, Wb=1.2358
Epoch=5, minibatch=7 loss=0.05062, Wa=1.2607, Wb=1.2337
Epoch=6, minibatch=0 loss=0.05179, Wa=1.2604, Wb=1.2320
Epoch=6, minibatch=1 loss=0.06229, Wa=1.2607, Wb=1.2318
Epoch=6, minibatch=2 loss=0.05881, Wa=1.2606, Wb=1.2319
Epoch=6, minibatch=3 loss=0.06194, Wa=1.2624, Wb=1.2329
Epoch=6, minibatch=4 loss=0.04894, Wa=1.2626, Wb=1.2319
Epoch=6, minibatch=5 loss=0.05760, Wa=1.2629, Wb=1.2322
Epoch=6, minibatch=6 loss=0.04863, Wa=1.2610, Wb=1.2306
Epoch=6, minibatch=7 loss=0.06472, Wa=1.2589, Wb=1.2294
Epoch=7, minibatch=0 loss=0.06285, Wa=1.2596, Wb=1.2347
Epoch=7, minibatch=1 loss=0.06473, Wa=1.2599, Wb=1.2323
Epoch=7, minibatch=2 loss=0.05844, Wa=1.2609, Wb=1.2341
Epoch=7, minibatch=3 loss=0.06295, Wa=1.2607, Wb=1.2334
Epoch=7, minibatch=4 loss=0.04989, Wa=1.2602, Wb=1.2331
Epoch=7, minibatch=5 loss=0.04754, Wa=1.2604, Wb=1.2344
Epoch=7, minibatch=6 loss=0.05833, Wa=1.2595, Wb=1.2318
Epoch=7, minibatch=7 loss=0.05298, Wa=1.2641, Wb=1.2343
Epoch=8, minibatch=0 loss=0.06204, Wa=1.2615, Wb=1.2317
Epoch=8, minibatch=1 loss=0.05606, Wa=1.2616, Wb=1.2369
Epoch=8, minibatch=2 loss=0.05870, Wa=1.2594, Wb=1.2391
Epoch=8, minibatch=3 loss=0.05596, Wa=1.2625, Wb=1.2315
Epoch=8, minibatch=4 loss=0.05141, Wa=1.2628, Wb=1.2291
Epoch=8, minibatch=5 loss=0.06187, Wa=1.2602, Wb=1.2295
Epoch=8, minibatch=6 loss=0.06023, Wa=1.2602, Wb=1.2277
Epoch=8, minibatch=7 loss=0.05391, Wa=1.2637, Wb=1.2334
Epoch=9, minibatch=0 loss=0.05495, Wa=1.2567, Wb=1.2307
Epoch=9, minibatch=1 loss=0.06141, Wa=1.2585, Wb=1.2302
Epoch=9, minibatch=2 loss=0.05370, Wa=1.2635, Wb=1.2339
Epoch=9, minibatch=3 loss=0.08962, Wa=1.2477, Wb=1.2297
Epoch=9, minibatch=4 loss=0.08296, Wa=1.2721, Wb=1.2333
Epoch=9, minibatch=5 loss=0.05562, Wa=1.2647, Wb=1.2284
Epoch=9, minibatch=6 loss=0.05546, Wa=1.2638, Wb=1.2287
Epoch=9, minibatch=7 loss=0.06653, Wa=1.2648, Wb=1.2337
Epoch=10, minibatch=0 loss=0.06478, Wa=1.2578, Wb=1.2405
Epoch=10, minibatch=1 loss=0.06995, Wa=1.2593, Wb=1.2328
Epoch=10, minibatch=2 loss=0.06442, Wa=1.2626, Wb=1.2480
Epoch=10, minibatch=3 loss=0.06184, Wa=1.2609, Wb=1.2321
Epoch=10, minibatch=4 loss=0.05167, Wa=1.2605, Wb=1.2338
Epoch=10, minibatch=5 loss=0.04722, Wa=1.2598, Wb=1.2349
Epoch=10, minibatch=6 loss=0.05652, Wa=1.2613, Wb=1.2351
Epoch=10, minibatch=7 loss=0.06156, Wa=1.2558, Wb=1.2239
Epoch=11, minibatch=0 loss=0.06186, Wa=1.2713, Wb=1.2241
Epoch=11, minibatch=1 loss=0.05089, Wa=1.2688, Wb=1.2204
Epoch=11, minibatch=2 loss=0.04760, Wa=1.2651, Wb=1.2257
Epoch=11, minibatch=3 loss=0.05621, Wa=1.2658, Wb=1.2248
Epoch=11, minibatch=4 loss=0.07313, Wa=1.2655, Wb=1.2391
Epoch=11, minibatch=5 loss=0.05128, Wa=1.2563, Wb=1.2318
Epoch=11, minibatch=6 loss=0.08153, Wa=1.2584, Wb=1.2224
Epoch=11, minibatch=7 loss=0.08224, Wa=1.2719, Wb=1.2446
Epoch=12, minibatch=0 loss=0.06081, Wa=1.2558, Wb=1.2364
Epoch=12, minibatch=1 loss=0.06270, Wa=1.2651, Wb=1.2384
Epoch=12, minibatch=2 loss=0.05138, Wa=1.2583, Wb=1.2363
Epoch=12, minibatch=3 loss=0.06889, Wa=1.2575, Wb=1.2358
Epoch=12, minibatch=4 loss=0.05541, Wa=1.2701, Wb=1.2327
Epoch=12, minibatch=5 loss=0.07727, Wa=1.2669, Wb=1.2215
Epoch=12, minibatch=6 loss=0.06375, Wa=1.2549, Wb=1.2334
Epoch=12, minibatch=7 loss=0.05715, Wa=1.2621, Wb=1.2340
Epoch=13, minibatch=0 loss=0.05696, Wa=1.2591, Wb=1.2256
Epoch=13, minibatch=1 loss=0.05943, Wa=1.2670, Wb=1.2296
Epoch=13, minibatch=2 loss=0.06281, Wa=1.2616, Wb=1.2373
Epoch=13, minibatch=3 loss=0.05370, Wa=1.2605, Wb=1.2353
Epoch=13, minibatch=4 loss=0.05891, Wa=1.2575, Wb=1.2374
Epoch=13, minibatch=5 loss=0.05425, Wa=1.2576, Wb=1.2317
Epoch=13, minibatch=6 loss=0.06632, Wa=1.2604, Wb=1.2417
Epoch=13, minibatch=7 loss=0.05457, Wa=1.2605, Wb=1.2220
Epoch=14, minibatch=0 loss=0.06469, Wa=1.2627, Wb=1.2296
Epoch=14, minibatch=1 loss=0.10489, Wa=1.2452, Wb=1.2352
Epoch=14, minibatch=2 loss=0.07389, Wa=1.2660, Wb=1.2414
Epoch=14, minibatch=3 loss=0.06772, Wa=1.2526, Wb=1.2206
Epoch=14, minibatch=4 loss=0.06394, Wa=1.2597, Wb=1.2381
Epoch=14, minibatch=5 loss=0.06723, Wa=1.2606, Wb=1.2343
Epoch=14, minibatch=6 loss=0.05393, Wa=1.2654, Wb=1.2344
Epoch=14, minibatch=7 loss=0.05539, Wa=1.2599, Wb=1.2371
Epoch=15, minibatch=0 loss=0.04518, Wa=1.2635, Wb=1.2265
Epoch=15, minibatch=1 loss=0.05130, Wa=1.2598, Wb=1.2275
Epoch=15, minibatch=2 loss=0.06497, Wa=1.2645, Wb=1.2352
Epoch=15, minibatch=3 loss=0.07165, Wa=1.2484, Wb=1.2281
Epoch=15, minibatch=4 loss=0.06128, Wa=1.2605, Wb=1.2339
Epoch=15, minibatch=5 loss=0.06438, Wa=1.2622, Wb=1.2398
Epoch=15, minibatch=6 loss=0.06011, Wa=1.2614, Wb=1.2303
Epoch=15, minibatch=7 loss=0.08108, Wa=1.2687, Wb=1.2336
Epoch=16, minibatch=0 loss=0.06916, Wa=1.2525, Wb=1.2312
Epoch=16, minibatch=1 loss=0.04779, Wa=1.2565, Wb=1.2381
Epoch=16, minibatch=2 loss=0.05312, Wa=1.2586, Wb=1.2310
Epoch=16, minibatch=3 loss=0.06093, Wa=1.2619, Wb=1.2343
Epoch=16, minibatch=4 loss=0.06136, Wa=1.2637, Wb=1.2340
Epoch=16, minibatch=5 loss=0.08454, Wa=1.2533, Wb=1.2241
Epoch=16, minibatch=6 loss=0.09230, Wa=1.2767, Wb=1.2443
Epoch=16, minibatch=7 loss=0.06363, Wa=1.2654, Wb=1.2206
Epoch=17, minibatch=0 loss=0.06259, Wa=1.2633, Wb=1.2343
Epoch=17, minibatch=1 loss=0.05339, Wa=1.2643, Wb=1.2344
Epoch=17, minibatch=2 loss=0.06255, Wa=1.2629, Wb=1.2369
Epoch=17, minibatch=3 loss=0.05988, Wa=1.2557, Wb=1.2261
Epoch=17, minibatch=4 loss=0.06145, Wa=1.2621, Wb=1.2320
Epoch=17, minibatch=5 loss=0.11200, Wa=1.2445, Wb=1.2333
Epoch=17, minibatch=6 loss=0.05755, Wa=1.2673, Wb=1.2387
Epoch=17, minibatch=7 loss=0.04447, Wa=1.2613, Wb=1.2308
Epoch=18, minibatch=0 loss=0.04982, Wa=1.2567, Wb=1.2339
Epoch=18, minibatch=1 loss=0.06215, Wa=1.2574, Wb=1.2297
Epoch=18, minibatch=2 loss=0.06541, Wa=1.2666, Wb=1.2396
Epoch=18, minibatch=3 loss=0.06746, Wa=1.2609, Wb=1.2207
Epoch=18, minibatch=4 loss=0.07825, Wa=1.2677, Wb=1.2339
Epoch=18, minibatch=5 loss=0.07452, Wa=1.2535, Wb=1.2331
Epoch=18, minibatch=6 loss=0.06148, Wa=1.2637, Wb=1.2363
Epoch=18, minibatch=7 loss=0.06867, Wa=1.2550, Wb=1.2325
Epoch=19, minibatch=0 loss=0.05367, Wa=1.2611, Wb=1.2384
Epoch=19, minibatch=1 loss=0.04300, Wa=1.2620, Wb=1.2282
Epoch=19, minibatch=2 loss=0.04951, Wa=1.2600, Wb=1.2245
Epoch=19, minibatch=3 loss=0.06356, Wa=1.2643, Wb=1.2245
Epoch=19, minibatch=4 loss=0.07300, Wa=1.2565, Wb=1.2262
Epoch=19, minibatch=5 loss=0.05609, Wa=1.2642, Wb=1.2454
Epoch=19, minibatch=6 loss=0.06802, Wa=1.2607, Wb=1.2368
Epoch=19, minibatch=7 loss=0.06191, Wa=1.2569, Wb=1.2388
Epoch=20, minibatch=0 loss=0.06580, Wa=1.2680, Wb=1.2319
Epoch=20, minibatch=1 loss=0.04994, Wa=1.2592, Wb=1.2331
Epoch=20, minibatch=2 loss=0.06135, Wa=1.2611, Wb=1.2225
Epoch=20, minibatch=3 loss=0.05631, Wa=1.2650, Wb=1.2389
Epoch=20, minibatch=4 loss=0.08020, Wa=1.2678, Wb=1.2357
Epoch=20, minibatch=5 loss=0.08183, Wa=1.2476, Wb=1.2265
Epoch=20, minibatch=6 loss=0.09112, Wa=1.2755, Wb=1.2319
Epoch=20, minibatch=7 loss=0.06371, Wa=1.2659, Wb=1.2272
Epoch=21, minibatch=0 loss=0.07209, Wa=1.2606, Wb=1.2311
Epoch=21, minibatch=1 loss=0.05338, Wa=1.2609, Wb=1.2354
Epoch=21, minibatch=2 loss=0.06138, Wa=1.2627, Wb=1.2293
Epoch=21, minibatch=3 loss=0.06086, Wa=1.2563, Wb=1.2219
Epoch=21, minibatch=4 loss=0.06034, Wa=1.2634, Wb=1.2428
Epoch=21, minibatch=5 loss=0.06094, Wa=1.2614, Wb=1.2247
Epoch=21, minibatch=6 loss=0.05907, Wa=1.2622, Wb=1.2310
Epoch=21, minibatch=7 loss=0.05183, Wa=1.2613, Wb=1.2397
Epoch=22, minibatch=0 loss=0.05703, Wa=1.2605, Wb=1.2357
Epoch=22, minibatch=1 loss=0.06331, Wa=1.2586, Wb=1.2369
Epoch=22, minibatch=2 loss=0.06527, Wa=1.2621, Wb=1.2373
Epoch=22, minibatch=3 loss=0.12295, Wa=1.2437, Wb=1.2229
Epoch=22, minibatch=4 loss=0.05890, Wa=1.2627, Wb=1.2419
Epoch=22, minibatch=5 loss=0.05013, Wa=1.2610, Wb=1.2291
Epoch=22, minibatch=6 loss=0.05945, Wa=1.2611, Wb=1.2323
Epoch=22, minibatch=7 loss=0.06428, Wa=1.2617, Wb=1.2274
Epoch=23, minibatch=0 loss=0.04512, Wa=1.2617, Wb=1.2392
Epoch=23, minibatch=1 loss=0.06043, Wa=1.2596, Wb=1.2339
Epoch=23, minibatch=2 loss=0.05850, Wa=1.2621, Wb=1.2349
Epoch=23, minibatch=3 loss=0.13927, Wa=1.2428, Wb=1.2371
Epoch=23, minibatch=4 loss=0.07398, Wa=1.2707, Wb=1.2324
Epoch=23, minibatch=5 loss=0.05269, Wa=1.2659, Wb=1.2204
Epoch=23, minibatch=6 loss=0.05704, Wa=1.2664, Wb=1.2351
Epoch=23, minibatch=7 loss=0.07653, Wa=1.2657, Wb=1.2318
Epoch=24, minibatch=0 loss=0.06570, Wa=1.2606, Wb=1.2258
Epoch=24, minibatch=1 loss=0.07158, Wa=1.2638, Wb=1.2400
Epoch=24, minibatch=2 loss=0.06185, Wa=1.2533, Wb=1.2297
Epoch=24, minibatch=3 loss=0.04748, Wa=1.2554, Wb=1.2295
Epoch=24, minibatch=4 loss=0.06054, Wa=1.2618, Wb=1.2351
Epoch=24, minibatch=5 loss=0.05649, Wa=1.2633, Wb=1.2302
Epoch=24, minibatch=6 loss=0.05845, Wa=1.2608, Wb=1.2362
Epoch=24, minibatch=7 loss=0.05974, Wa=1.2597, Wb=1.2271
Epoch=25, minibatch=0 loss=0.07023, Wa=1.2608, Wb=1.2416
Epoch=25, minibatch=1 loss=0.08280, Wa=1.2557, Wb=1.2207
Epoch=25, minibatch=2 loss=0.06252, Wa=1.2619, Wb=1.2397
Epoch=25, minibatch=3 loss=0.04830, Wa=1.2633, Wb=1.2296
Epoch=25, minibatch=4 loss=0.06250, Wa=1.2536, Wb=1.2275
Epoch=25, minibatch=5 loss=0.06274, Wa=1.2571, Wb=1.2338
Epoch=25, minibatch=6 loss=0.12326, Wa=1.2807, Wb=1.2382
Epoch=25, minibatch=7 loss=0.04946, Wa=1.2691, Wb=1.2290
Epoch=26, minibatch=0 loss=0.07022, Wa=1.2687, Wb=1.2335
Epoch=26, minibatch=1 loss=0.06787, Wa=1.2636, Wb=1.2392
Epoch=26, minibatch=2 loss=0.05982, Wa=1.2534, Wb=1.2220
Epoch=26, minibatch=3 loss=0.05570, Wa=1.2560, Wb=1.2308
Epoch=26, minibatch=4 loss=0.06195, Wa=1.2567, Wb=1.2273
Epoch=26, minibatch=5 loss=0.05082, Wa=1.2631, Wb=1.2376
Epoch=26, minibatch=6 loss=0.06511, Wa=1.2621, Wb=1.2382
Epoch=26, minibatch=7 loss=0.04494, Wa=1.2616, Wb=1.2325
Epoch=27, minibatch=0 loss=0.05390, Wa=1.2620, Wb=1.2341
Epoch=27, minibatch=1 loss=0.06208, Wa=1.2616, Wb=1.2296
Epoch=27, minibatch=2 loss=0.06194, Wa=1.2627, Wb=1.2342
Epoch=27, minibatch=3 loss=0.04728, Wa=1.2616, Wb=1.2271
Epoch=27, minibatch=4 loss=0.05285, Wa=1.2611, Wb=1.2314
Epoch=27, minibatch=5 loss=0.07209, Wa=1.2666, Wb=1.2339
Epoch=27, minibatch=6 loss=0.05937, Wa=1.2556, Wb=1.2282
Epoch=27, minibatch=7 loss=0.06392, Wa=1.2611, Wb=1.2439
Epoch=28, minibatch=0 loss=0.05598, Wa=1.2559, Wb=1.2282
Epoch=28, minibatch=1 loss=0.07376, Wa=1.2588, Wb=1.2363
Epoch=28, minibatch=2 loss=0.06541, Wa=1.2703, Wb=1.2282
Epoch=28, minibatch=3 loss=0.05458, Wa=1.2624, Wb=1.2385
Epoch=28, minibatch=4 loss=0.05455, Wa=1.2566, Wb=1.2330
Epoch=28, minibatch=5 loss=0.06007, Wa=1.2588, Wb=1.2335
Epoch=28, minibatch=6 loss=0.04856, Wa=1.2619, Wb=1.2293
Epoch=28, minibatch=7 loss=0.07093, Wa=1.2710, Wb=1.2303
Epoch=29, minibatch=0 loss=0.04644, Wa=1.2591, Wb=1.2258
Epoch=29, minibatch=1 loss=0.06567, Wa=1.2615, Wb=1.2164
Epoch=29, minibatch=2 loss=0.06478, Wa=1.2652, Wb=1.2399
Epoch=29, minibatch=3 loss=0.05822, Wa=1.2622, Wb=1.2242
Epoch=29, minibatch=4 loss=0.06133, Wa=1.2548, Wb=1.2294
Epoch=29, minibatch=5 loss=0.07540, Wa=1.2743, Wb=1.2426
Epoch=29, minibatch=6 loss=0.05921, Wa=1.2631, Wb=1.2322
Epoch=29, minibatch=7 loss=0.06751, Wa=1.2620, Wb=1.2328
Epoch=30, minibatch=0 loss=0.13748, Wa=1.2387, Wb=1.2358
Epoch=30, minibatch=1 loss=0.08533, Wa=1.2588, Wb=1.2490
Epoch=30, minibatch=2 loss=0.05379, Wa=1.2547, Wb=1.2262
Epoch=30, minibatch=3 loss=0.05863, Wa=1.2576, Wb=1.2319
Epoch=30, minibatch=4 loss=0.05931, Wa=1.2644, Wb=1.2356
Epoch=30, minibatch=5 loss=0.05419, Wa=1.2615, Wb=1.2316
Epoch=30, minibatch=6 loss=0.05796, Wa=1.2599, Wb=1.2294
Epoch=30, minibatch=7 loss=0.07193, Wa=1.2673, Wb=1.2394
Epoch=31, minibatch=0 loss=0.07498, Wa=1.2537, Wb=1.2341
Epoch=31, minibatch=1 loss=0.05726, Wa=1.2624, Wb=1.2403
Epoch=31, minibatch=2 loss=0.05793, Wa=1.2557, Wb=1.2266
Epoch=31, minibatch=3 loss=0.05325, Wa=1.2587, Wb=1.2328
Epoch=31, minibatch=4 loss=0.05840, Wa=1.2623, Wb=1.2404
Epoch=31, minibatch=5 loss=0.05498, Wa=1.2619, Wb=1.2365
Epoch=31, minibatch=6 loss=0.10575, Wa=1.2808, Wb=1.2313
Epoch=31, minibatch=7 loss=0.06335, Wa=1.2657, Wb=1.2182
Epoch=32, minibatch=0 loss=0.05434, Wa=1.2638, Wb=1.2257
Epoch=32, minibatch=1 loss=0.05498, Wa=1.2632, Wb=1.2293
Epoch=32, minibatch=2 loss=0.06417, Wa=1.2628, Wb=1.2351
Epoch=32, minibatch=3 loss=0.07345, Wa=1.2476, Wb=1.2249
Epoch=32, minibatch=4 loss=0.06065, Wa=1.2603, Wb=1.2446
Epoch=32, minibatch=5 loss=0.07147, Wa=1.2651, Wb=1.2381
Epoch=32, minibatch=6 loss=0.08718, Wa=1.2504, Wb=1.2283
Epoch=32, minibatch=7 loss=0.06790, Wa=1.2672, Wb=1.2400
Epoch=33, minibatch=0 loss=0.05853, Wa=1.2598, Wb=1.2240
Epoch=33, minibatch=1 loss=0.05153, Wa=1.2596, Wb=1.2346
Epoch=33, minibatch=2 loss=0.06436, Wa=1.2579, Wb=1.2375
Epoch=33, minibatch=3 loss=0.06232, Wa=1.2632, Wb=1.2363
Epoch=33, minibatch=4 loss=0.07126, Wa=1.2553, Wb=1.2219
Epoch=33, minibatch=5 loss=0.05959, Wa=1.2700, Wb=1.2319
Epoch=33, minibatch=6 loss=0.05166, Wa=1.2675, Wb=1.2353
Epoch=33, minibatch=7 loss=0.05802, Wa=1.2635, Wb=1.2258
Epoch=34, minibatch=0 loss=0.05995, Wa=1.2623, Wb=1.2318
Epoch=34, minibatch=1 loss=0.12120, Wa=1.2461, Wb=1.2282
Epoch=34, minibatch=2 loss=0.05234, Wa=1.2600, Wb=1.2381
Epoch=34, minibatch=3 loss=0.05109, Wa=1.2619, Wb=1.2378
Epoch=34, minibatch=4 loss=0.06143, Wa=1.2617, Wb=1.2344
Epoch=34, minibatch=5 loss=0.05755, Wa=1.2593, Wb=1.2366
Epoch=34, minibatch=6 loss=0.05961, Wa=1.2586, Wb=1.2323
Epoch=34, minibatch=7 loss=0.07115, Wa=1.2658, Wb=1.2309
Epoch=35, minibatch=0 loss=0.08332, Wa=1.2464, Wb=1.2242
Epoch=35, minibatch=1 loss=0.06759, Wa=1.2556, Wb=1.2437
Epoch=35, minibatch=2 loss=0.05516, Wa=1.2599, Wb=1.2297
Epoch=35, minibatch=3 loss=0.06553, Wa=1.2641, Wb=1.2368
Epoch=35, minibatch=4 loss=0.12526, Wa=1.2486, Wb=1.2285
Epoch=35, minibatch=5 loss=0.06407, Wa=1.2533, Wb=1.2396
Epoch=35, minibatch=6 loss=0.06444, Wa=1.2642, Wb=1.2421
Epoch=35, minibatch=7 loss=0.06442, Wa=1.2551, Wb=1.2307
Epoch=36, minibatch=0 loss=0.05221, Wa=1.2614, Wb=1.2310
Epoch=36, minibatch=1 loss=0.05671, Wa=1.2657, Wb=1.2316
Epoch=36, minibatch=2 loss=0.05319, Wa=1.2624, Wb=1.2269
Epoch=36, minibatch=3 loss=0.05551, Wa=1.2648, Wb=1.2296
Epoch=36, minibatch=4 loss=0.07603, Wa=1.2575, Wb=1.2228
Epoch=36, minibatch=5 loss=0.06874, Wa=1.2650, Wb=1.2440
Epoch=36, minibatch=6 loss=0.06344, Wa=1.2518, Wb=1.2332
Epoch=36, minibatch=7 loss=0.05643, Wa=1.2642, Wb=1.2406
Epoch=37, minibatch=0 loss=0.06909, Wa=1.2646, Wb=1.2282
Epoch=37, minibatch=1 loss=0.06498, Wa=1.2603, Wb=1.2215
Epoch=37, minibatch=2 loss=0.05971, Wa=1.2617, Wb=1.2394
Epoch=37, minibatch=3 loss=0.05159, Wa=1.2575, Wb=1.2318
Epoch=37, minibatch=4 loss=0.05351, Wa=1.2565, Wb=1.2374
Epoch=37, minibatch=5 loss=0.04908, Wa=1.2606, Wb=1.2361
Epoch=37, minibatch=6 loss=0.06442, Wa=1.2632, Wb=1.2365
Epoch=37, minibatch=7 loss=0.04899, Wa=1.2663, Wb=1.2264
Epoch=38, minibatch=0 loss=0.04873, Wa=1.2651, Wb=1.2298
Epoch=38, minibatch=1 loss=0.05893, Wa=1.2620, Wb=1.2286
Epoch=38, minibatch=2 loss=0.06241, Wa=1.2650, Wb=1.2379
Epoch=38, minibatch=3 loss=0.06808, Wa=1.2479, Wb=1.2297
Epoch=38, minibatch=4 loss=0.07306, Wa=1.2662, Wb=1.2419
Epoch=38, minibatch=5 loss=0.05053, Wa=1.2558, Wb=1.2300
Epoch=38, minibatch=6 loss=0.06722, Wa=1.2664, Wb=1.2278
Epoch=38, minibatch=7 loss=0.06312, Wa=1.2525, Wb=1.2335
Epoch=39, minibatch=0 loss=0.06662, Wa=1.2563, Wb=1.2360
Epoch=39, minibatch=1 loss=0.05900, Wa=1.2591, Wb=1.2355
Epoch=39, minibatch=2 loss=0.08060, Wa=1.2666, Wb=1.2292
Epoch=39, minibatch=3 loss=0.15184, Wa=1.2447, Wb=1.2276
Epoch=39, minibatch=4 loss=0.05194, Wa=1.2607, Wb=1.2447
Epoch=39, minibatch=5 loss=0.06381, Wa=1.2647, Wb=1.2324
Epoch=39, minibatch=6 loss=0.05541, Wa=1.2558, Wb=1.2326
Epoch=39, minibatch=7 loss=0.05604, Wa=1.2655, Wb=1.2266
Epoch=40, minibatch=0 loss=0.05138, Wa=1.2603, Wb=1.2359
Epoch=40, minibatch=1 loss=0.06911, Wa=1.2664, Wb=1.2330
Epoch=40, minibatch=2 loss=0.06454, Wa=1.2558, Wb=1.2226
Epoch=40, minibatch=3 loss=0.07935, Wa=1.2647, Wb=1.2414
Epoch=40, minibatch=4 loss=0.08581, Wa=1.2518, Wb=1.2192
Epoch=40, minibatch=5 loss=0.05569, Wa=1.2632, Wb=1.2408
Epoch=40, minibatch=6 loss=0.05335, Wa=1.2617, Wb=1.2351
Epoch=40, minibatch=7 loss=0.06616, Wa=1.2550, Wb=1.2335
Epoch=41, minibatch=0 loss=0.05947, Wa=1.2725, Wb=1.2343
Epoch=41, minibatch=1 loss=0.06855, Wa=1.2684, Wb=1.2248
Epoch=41, minibatch=2 loss=0.06154, Wa=1.2631, Wb=1.2305
Epoch=41, minibatch=3 loss=0.06588, Wa=1.2545, Wb=1.2310
Epoch=41, minibatch=4 loss=0.05066, Wa=1.2657, Wb=1.2306
Epoch=41, minibatch=5 loss=0.04433, Wa=1.2607, Wb=1.2300
Epoch=41, minibatch=6 loss=0.06609, Wa=1.2633, Wb=1.2383
Epoch=41, minibatch=7 loss=0.07247, Wa=1.2519, Wb=1.2335
Epoch=42, minibatch=0 loss=0.06774, Wa=1.2684, Wb=1.2386
Epoch=42, minibatch=1 loss=0.05849, Wa=1.2604, Wb=1.2258
Epoch=42, minibatch=2 loss=0.06383, Wa=1.2622, Wb=1.2330
Epoch=42, minibatch=3 loss=0.04392, Wa=1.2554, Wb=1.2294
Epoch=42, minibatch=4 loss=0.05751, Wa=1.2664, Wb=1.2330
Epoch=42, minibatch=5 loss=0.07485, Wa=1.2653, Wb=1.2324
Epoch=42, minibatch=6 loss=0.07872, Wa=1.2527, Wb=1.2387
Epoch=42, minibatch=7 loss=0.07551, Wa=1.2806, Wb=1.2355
Epoch=43, minibatch=0 loss=0.08648, Wa=1.2741, Wb=1.2167
Epoch=43, minibatch=1 loss=0.06321, Wa=1.2676, Wb=1.2272
Epoch=43, minibatch=2 loss=0.06606, Wa=1.2667, Wb=1.2309
Epoch=43, minibatch=3 loss=0.05562, Wa=1.2555, Wb=1.2319
Epoch=43, minibatch=4 loss=0.06997, Wa=1.2603, Wb=1.2492
Epoch=43, minibatch=5 loss=0.06072, Wa=1.2581, Wb=1.2268
Epoch=43, minibatch=6 loss=0.05090, Wa=1.2658, Wb=1.2295
Epoch=43, minibatch=7 loss=0.07926, Wa=1.2659, Wb=1.2305
Epoch=44, minibatch=0 loss=0.06693, Wa=1.2547, Wb=1.2275
Epoch=44, minibatch=1 loss=0.06049, Wa=1.2643, Wb=1.2350
Epoch=44, minibatch=2 loss=0.07671, Wa=1.2537, Wb=1.2382
Epoch=44, minibatch=3 loss=0.04796, Wa=1.2562, Wb=1.2379
Epoch=44, minibatch=4 loss=0.06445, Wa=1.2579, Wb=1.2355
Epoch=44, minibatch=5 loss=0.05412, Wa=1.2594, Wb=1.2368
Epoch=44, minibatch=6 loss=0.06205, Wa=1.2606, Wb=1.2340
Epoch=44, minibatch=7 loss=0.05910, Wa=1.2612, Wb=1.2181
Epoch=45, minibatch=0 loss=0.06444, Wa=1.2635, Wb=1.2340
Epoch=45, minibatch=1 loss=0.07589, Wa=1.2588, Wb=1.2180
Epoch=45, minibatch=2 loss=0.09168, Wa=1.2715, Wb=1.2371
Epoch=45, minibatch=3 loss=0.06051, Wa=1.2514, Wb=1.2268
Epoch=45, minibatch=4 loss=0.05614, Wa=1.2559, Wb=1.2382
Epoch=45, minibatch=5 loss=0.06099, Wa=1.2581, Wb=1.2322
Epoch=45, minibatch=6 loss=0.05771, Wa=1.2626, Wb=1.2348
Epoch=45, minibatch=7 loss=0.05389, Wa=1.2616, Wb=1.2355
Epoch=46, minibatch=0 loss=0.05469, Wa=1.2610, Wb=1.2361
Epoch=46, minibatch=1 loss=0.06285, Wa=1.2545, Wb=1.2331
Epoch=46, minibatch=2 loss=0.06663, Wa=1.2612, Wb=1.2394
Epoch=46, minibatch=3 loss=0.05975, Wa=1.2600, Wb=1.2224
Epoch=46, minibatch=4 loss=0.05967, Wa=1.2637, Wb=1.2397
Epoch=46, minibatch=5 loss=0.07471, Wa=1.2536, Wb=1.2326
Epoch=46, minibatch=6 loss=0.06692, Wa=1.2677, Wb=1.2278
Epoch=46, minibatch=7 loss=0.06059, Wa=1.2589, Wb=1.2310
Epoch=47, minibatch=0 loss=0.08324, Wa=1.2690, Wb=1.2375
Epoch=47, minibatch=1 loss=0.06645, Wa=1.2502, Wb=1.2268
Epoch=47, minibatch=2 loss=0.06682, Wa=1.2674, Wb=1.2262
Epoch=47, minibatch=3 loss=0.04686, Wa=1.2642, Wb=1.2293
Epoch=47, minibatch=4 loss=0.05071, Wa=1.2554, Wb=1.2358
Epoch=47, minibatch=5 loss=0.05986, Wa=1.2595, Wb=1.2327
Epoch=47, minibatch=6 loss=0.07889, Wa=1.2637, Wb=1.2471
Epoch=47, minibatch=7 loss=0.08467, Wa=1.2548, Wb=1.2268
Epoch=48, minibatch=0 loss=0.14247, Wa=1.2770, Wb=1.2396
Epoch=48, minibatch=1 loss=0.06056, Wa=1.2576, Wb=1.2224
Epoch=48, minibatch=2 loss=0.04786, Wa=1.2622, Wb=1.2339
Epoch=48, minibatch=3 loss=0.06017, Wa=1.2635, Wb=1.2322
Epoch=48, minibatch=4 loss=0.06211, Wa=1.2520, Wb=1.2241
Epoch=48, minibatch=5 loss=0.06329, Wa=1.2589, Wb=1.2365
Epoch=48, minibatch=6 loss=0.05707, Wa=1.2619, Wb=1.2375
Epoch=48, minibatch=7 loss=0.06475, Wa=1.2629, Wb=1.2328
Epoch=49, minibatch=0 loss=0.04796, Wa=1.2631, Wb=1.2355
Epoch=49, minibatch=1 loss=0.06803, Wa=1.2613, Wb=1.2290
Epoch=49, minibatch=2 loss=0.06570, Wa=1.2634, Wb=1.2440
Epoch=49, minibatch=3 loss=0.06514, Wa=1.2532, Wb=1.2313
Epoch=49, minibatch=4 loss=0.07085, Wa=1.2735, Wb=1.2342
Epoch=49, minibatch=5 loss=0.06552, Wa=1.2672, Wb=1.2259
Epoch=49, minibatch=6 loss=0.05784, Wa=1.2568, Wb=1.2264
Epoch=49, minibatch=7 loss=0.06793, Wa=1.2608, Wb=1.2371
Epoch=50, minibatch=0 loss=0.06314, Wa=1.2612, Wb=1.2274
Epoch=50, minibatch=1 loss=0.05703, Wa=1.2616, Wb=1.2286
Epoch=50, minibatch=2 loss=0.05062, Wa=1.2615, Wb=1.2307
Epoch=50, minibatch=3 loss=0.06358, Wa=1.2623, Wb=1.2335
Epoch=50, minibatch=4 loss=0.05840, Wa=1.2549, Wb=1.2364
Epoch=50, minibatch=5 loss=0.06196, Wa=1.2719, Wb=1.2360
Epoch=50, minibatch=6 loss=0.06265, Wa=1.2649, Wb=1.2194
Epoch=50, minibatch=7 loss=0.06601, Wa=1.2588, Wb=1.2321
Epoch=51, minibatch=0 loss=0.05404, Wa=1.2595, Wb=1.2418
Epoch=51, minibatch=1 loss=0.04999, Wa=1.2555, Wb=1.2280
Epoch=51, minibatch=2 loss=0.06998, Wa=1.2585, Wb=1.2343
Epoch=51, minibatch=3 loss=0.06523, Wa=1.2663, Wb=1.2319
Epoch=51, minibatch=4 loss=0.05015, Wa=1.2631, Wb=1.2271
Epoch=51, minibatch=5 loss=0.06546, Wa=1.2582, Wb=1.2352
Epoch=51, minibatch=6 loss=0.05754, Wa=1.2604, Wb=1.2408
Epoch=51, minibatch=7 loss=0.05547, Wa=1.2679, Wb=1.2312
Epoch=52, minibatch=0 loss=0.05980, Wa=1.2650, Wb=1.2315
Epoch=52, minibatch=1 loss=0.09201, Wa=1.2523, Wb=1.2295
Epoch=52, minibatch=2 loss=0.10810, Wa=1.2829, Wb=1.2367
Epoch=52, minibatch=3 loss=0.05926, Wa=1.2770, Wb=1.2130
Epoch=52, minibatch=4 loss=0.08842, Wa=1.2751, Wb=1.2228
Epoch=52, minibatch=5 loss=0.09942, Wa=1.2715, Wb=1.2356
Epoch=52, minibatch=6 loss=0.05518, Wa=1.2624, Wb=1.2284
Epoch=52, minibatch=7 loss=0.06633, Wa=1.2613, Wb=1.2382
Epoch=53, minibatch=0 loss=0.06183, Wa=1.2596, Wb=1.2291
Epoch=53, minibatch=1 loss=0.06537, Wa=1.2604, Wb=1.2217
Epoch=53, minibatch=2 loss=0.05299, Wa=1.2635, Wb=1.2320
Epoch=53, minibatch=3 loss=0.05097, Wa=1.2631, Wb=1.2273
Epoch=53, minibatch=4 loss=0.05077, Wa=1.2629, Wb=1.2379
Epoch=53, minibatch=5 loss=0.05664, Wa=1.2603, Wb=1.2323
Epoch=53, minibatch=6 loss=0.05370, Wa=1.2603, Wb=1.2392
Epoch=53, minibatch=7 loss=0.06467, Wa=1.2611, Wb=1.2351
Epoch=54, minibatch=0 loss=0.06416, Wa=1.2571, Wb=1.2337
Epoch=54, minibatch=1 loss=0.06356, Wa=1.2627, Wb=1.2339
Epoch=54, minibatch=2 loss=0.05417, Wa=1.2472, Wb=1.2323
Epoch=54, minibatch=3 loss=0.07260, Wa=1.2508, Wb=1.2470
Epoch=54, minibatch=4 loss=0.06009, Wa=1.2542, Wb=1.2341
Epoch=54, minibatch=5 loss=0.05715, Wa=1.2657, Wb=1.2320
Epoch=54, minibatch=6 loss=0.06197, Wa=1.2662, Wb=1.2241
Epoch=54, minibatch=7 loss=0.05461, Wa=1.2649, Wb=1.2302
Epoch=55, minibatch=0 loss=0.05511, Wa=1.2603, Wb=1.2362
Epoch=55, minibatch=1 loss=0.05434, Wa=1.2619, Wb=1.2315
Epoch=55, minibatch=2 loss=0.05027, Wa=1.2619, Wb=1.2386
Epoch=55, minibatch=3 loss=0.08907, Wa=1.2735, Wb=1.2318
Epoch=55, minibatch=4 loss=0.06458, Wa=1.2621, Wb=1.2428
Epoch=55, minibatch=5 loss=0.06597, Wa=1.2630, Wb=1.2222
Epoch=55, minibatch=6 loss=0.06415, Wa=1.2564, Wb=1.2335
Epoch=55, minibatch=7 loss=0.06131, Wa=1.2575, Wb=1.2293
Epoch=56, minibatch=0 loss=0.05239, Wa=1.2662, Wb=1.2253
Epoch=56, minibatch=1 loss=0.05521, Wa=1.2623, Wb=1.2309
Epoch=56, minibatch=2 loss=0.06118, Wa=1.2638, Wb=1.2323
Epoch=56, minibatch=3 loss=0.05161, Wa=1.2588, Wb=1.2238
Epoch=56, minibatch=4 loss=0.05451, Wa=1.2614, Wb=1.2382
Epoch=56, minibatch=5 loss=0.06022, Wa=1.2610, Wb=1.2367
Epoch=56, minibatch=6 loss=0.06836, Wa=1.2616, Wb=1.2258
Epoch=56, minibatch=7 loss=0.06180, Wa=1.2586, Wb=1.2410
Epoch=57, minibatch=0 loss=0.06287, Wa=1.2567, Wb=1.2295
Epoch=57, minibatch=1 loss=0.08854, Wa=1.2721, Wb=1.2242
Epoch=57, minibatch=2 loss=0.08029, Wa=1.2514, Wb=1.2353
Epoch=57, minibatch=3 loss=0.06007, Wa=1.2603, Wb=1.2398
Epoch=57, minibatch=4 loss=0.05674, Wa=1.2602, Wb=1.2282
Epoch=57, minibatch=5 loss=0.06921, Wa=1.2612, Wb=1.2260
Epoch=57, minibatch=6 loss=0.07177, Wa=1.2647, Wb=1.2398
Epoch=57, minibatch=7 loss=0.08850, Wa=1.2452, Wb=1.2309
Epoch=58, minibatch=0 loss=0.07257, Wa=1.2649, Wb=1.2474
Epoch=58, minibatch=1 loss=0.06746, Wa=1.2564, Wb=1.2264
Epoch=58, minibatch=2 loss=0.04551, Wa=1.2658, Wb=1.2363
Epoch=58, minibatch=3 loss=0.05404, Wa=1.2625, Wb=1.2365
Epoch=58, minibatch=4 loss=0.06356, Wa=1.2576, Wb=1.2320
Epoch=58, minibatch=5 loss=0.06146, Wa=1.2666, Wb=1.2316
Epoch=58, minibatch=6 loss=0.08549, Wa=1.2530, Wb=1.2282
Epoch=58, minibatch=7 loss=0.05701, Wa=1.2588, Wb=1.2304
Epoch=59, minibatch=0 loss=0.04839, Wa=1.2580, Wb=1.2385
Epoch=59, minibatch=1 loss=0.06502, Wa=1.2636, Wb=1.2341
Epoch=59, minibatch=2 loss=0.06425, Wa=1.2604, Wb=1.2239
Epoch=59, minibatch=3 loss=0.05776, Wa=1.2636, Wb=1.2341
Epoch=59, minibatch=4 loss=0.06418, Wa=1.2661, Wb=1.2453
Epoch=59, minibatch=5 loss=0.05163, Wa=1.2603, Wb=1.2267
Epoch=59, minibatch=6 loss=0.05451, Wa=1.2588, Wb=1.2341
Epoch=59, minibatch=7 loss=0.06090, Wa=1.2600, Wb=1.2391
Epoch=60, minibatch=0 loss=0.09368, Wa=1.2539, Wb=1.2219
Epoch=60, minibatch=1 loss=0.11618, Wa=1.2810, Wb=1.2376
Epoch=60, minibatch=2 loss=0.04924, Wa=1.2670, Wb=1.2183
Epoch=60, minibatch=3 loss=0.05444, Wa=1.2632, Wb=1.2248
Epoch=60, minibatch=4 loss=0.06268, Wa=1.2614, Wb=1.2278
Epoch=60, minibatch=5 loss=0.05761, Wa=1.2646, Wb=1.2339
Epoch=60, minibatch=6 loss=0.06080, Wa=1.2569, Wb=1.2323
Epoch=60, minibatch=7 loss=0.05825, Wa=1.2612, Wb=1.2406
Epoch=61, minibatch=0 loss=0.05343, Wa=1.2591, Wb=1.2378
Epoch=61, minibatch=1 loss=0.06633, Wa=1.2649, Wb=1.2303
Epoch=61, minibatch=2 loss=0.05151, Wa=1.2603, Wb=1.2213
Epoch=61, minibatch=3 loss=0.06798, Wa=1.2594, Wb=1.2312
Epoch=61, minibatch=4 loss=0.05862, Wa=1.2634, Wb=1.2348
Epoch=61, minibatch=5 loss=0.05259, Wa=1.2625, Wb=1.2355
Epoch=61, minibatch=6 loss=0.07070, Wa=1.2430, Wb=1.2392
Epoch=61, minibatch=7 loss=0.06260, Wa=1.2550, Wb=1.2385
Epoch=62, minibatch=0 loss=0.05165, Wa=1.2611, Wb=1.2385
Epoch=62, minibatch=1 loss=0.06165, Wa=1.2597, Wb=1.2315
Epoch=62, minibatch=2 loss=0.06509, Wa=1.2630, Wb=1.2304
Epoch=62, minibatch=3 loss=0.08378, Wa=1.2535, Wb=1.2237
Epoch=62, minibatch=4 loss=0.07061, Wa=1.2813, Wb=1.2394
Epoch=62, minibatch=5 loss=0.08344, Wa=1.2744, Wb=1.2308
Epoch=62, minibatch=6 loss=0.05848, Wa=1.2643, Wb=1.2234
Epoch=62, minibatch=7 loss=0.07196, Wa=1.2639, Wb=1.2342
Epoch=63, minibatch=0 loss=0.06758, Wa=1.2601, Wb=1.2252
Epoch=63, minibatch=1 loss=0.06858, Wa=1.2630, Wb=1.2396
Epoch=63, minibatch=2 loss=0.07147, Wa=1.2599, Wb=1.2248
Epoch=63, minibatch=3 loss=0.04961, Wa=1.2644, Wb=1.2324
Epoch=63, minibatch=4 loss=0.04211, Wa=1.2628, Wb=1.2395
Epoch=63, minibatch=5 loss=0.06601, Wa=1.2588, Wb=1.2311
Epoch=63, minibatch=6 loss=0.06170, Wa=1.2660, Wb=1.2388
Epoch=63, minibatch=7 loss=0.07035, Wa=1.2602, Wb=1.2167
Epoch=64, minibatch=0 loss=0.05928, Wa=1.2662, Wb=1.2336
Epoch=64, minibatch=1 loss=0.04834, Wa=1.2569, Wb=1.2270
Epoch=64, minibatch=2 loss=0.05233, Wa=1.2622, Wb=1.2282
Epoch=64, minibatch=3 loss=0.06753, Wa=1.2617, Wb=1.2338
Epoch=64, minibatch=4 loss=0.06399, Wa=1.2592, Wb=1.2243
Epoch=64, minibatch=5 loss=0.06313, Wa=1.2653, Wb=1.2384
Epoch=64, minibatch=6 loss=0.14013, Wa=1.2458, Wb=1.2377
Epoch=64, minibatch=7 loss=0.06659, Wa=1.2670, Wb=1.2331
Epoch=65, minibatch=0 loss=0.06158, Wa=1.2670, Wb=1.2381
Epoch=65, minibatch=1 loss=0.05945, Wa=1.2569, Wb=1.2245
Epoch=65, minibatch=2 loss=0.05678, Wa=1.2654, Wb=1.2323
Epoch=65, minibatch=3 loss=0.06810, Wa=1.2639, Wb=1.2353
Epoch=65, minibatch=4 loss=0.05379, Wa=1.2619, Wb=1.2355
Epoch=65, minibatch=5 loss=0.05925, Wa=1.2575, Wb=1.2311
Epoch=65, minibatch=6 loss=0.05627, Wa=1.2626, Wb=1.2375
Epoch=65, minibatch=7 loss=0.07728, Wa=1.2561, Wb=1.2264
Epoch=66, minibatch=0 loss=0.07514, Wa=1.2673, Wb=1.2365
Epoch=66, minibatch=1 loss=0.07871, Wa=1.2514, Wb=1.2239
Epoch=66, minibatch=2 loss=0.08093, Wa=1.2555, Wb=1.2381
Epoch=66, minibatch=3 loss=0.07136, Wa=1.2691, Wb=1.2312
Epoch=66, minibatch=4 loss=0.05976, Wa=1.2607, Wb=1.2263
Epoch=66, minibatch=5 loss=0.06435, Wa=1.2650, Wb=1.2417
Epoch=66, minibatch=6 loss=0.04697, Wa=1.2592, Wb=1.2342
Epoch=66, minibatch=7 loss=0.04921, Wa=1.2575, Wb=1.2316
Epoch=67, minibatch=0 loss=0.05180, Wa=1.2624, Wb=1.2325
Epoch=67, minibatch=1 loss=0.05453, Wa=1.2603, Wb=1.2272
Epoch=67, minibatch=2 loss=0.04812, Wa=1.2606, Wb=1.2398
Epoch=67, minibatch=3 loss=0.06730, Wa=1.2566, Wb=1.2379
Epoch=67, minibatch=4 loss=0.06922, Wa=1.2709, Wb=1.2228
Epoch=67, minibatch=5 loss=0.07354, Wa=1.2704, Wb=1.2332
Epoch=67, minibatch=6 loss=0.05717, Wa=1.2593, Wb=1.2353
Epoch=67, minibatch=7 loss=0.05880, Wa=1.2634, Wb=1.2242
Epoch=68, minibatch=0 loss=0.05353, Wa=1.2583, Wb=1.2353
Epoch=68, minibatch=1 loss=0.05425, Wa=1.2602, Wb=1.2315
Epoch=68, minibatch=2 loss=0.07866, Wa=1.2544, Wb=1.2220
Epoch=68, minibatch=3 loss=0.06297, Wa=1.2625, Wb=1.2390
Epoch=68, minibatch=4 loss=0.06157, Wa=1.2571, Wb=1.2349
Epoch=68, minibatch=5 loss=0.05299, Wa=1.2646, Wb=1.2390
Epoch=68, minibatch=6 loss=0.08765, Wa=1.2508, Wb=1.2237
Epoch=68, minibatch=7 loss=0.07498, Wa=1.2702, Wb=1.2414
Epoch=69, minibatch=0 loss=0.06860, Wa=1.2547, Wb=1.2300
Epoch=69, minibatch=1 loss=0.07293, Wa=1.2725, Wb=1.2369
Epoch=69, minibatch=2 loss=0.05557, Wa=1.2668, Wb=1.2275
Epoch=69, minibatch=3 loss=0.06055, Wa=1.2641, Wb=1.2352
Epoch=69, minibatch=4 loss=0.08516, Wa=1.2536, Wb=1.2249
Epoch=69, minibatch=5 loss=0.07297, Wa=1.2709, Wb=1.2381
Epoch=69, minibatch=6 loss=0.05526, Wa=1.2657, Wb=1.2265
Epoch=69, minibatch=7 loss=0.04974, Wa=1.2630, Wb=1.2286
Epoch=70, minibatch=0 loss=0.08605, Wa=1.2477, Wb=1.2322
Epoch=70, minibatch=1 loss=0.06868, Wa=1.2649, Wb=1.2418
Epoch=70, minibatch=2 loss=0.11289, Wa=1.2513, Wb=1.2307
Epoch=70, minibatch=3 loss=0.05712, Wa=1.2520, Wb=1.2399
Epoch=70, minibatch=4 loss=0.06757, Wa=1.2523, Wb=1.2313
Epoch=70, minibatch=5 loss=0.07460, Wa=1.2677, Wb=1.2298
Epoch=70, minibatch=6 loss=0.07775, Wa=1.2644, Wb=1.2410
Epoch=70, minibatch=7 loss=0.07077, Wa=1.2575, Wb=1.2212
Epoch=71, minibatch=0 loss=0.06639, Wa=1.2656, Wb=1.2375
Epoch=71, minibatch=1 loss=0.06927, Wa=1.2490, Wb=1.2349
Epoch=71, minibatch=2 loss=0.06055, Wa=1.2563, Wb=1.2409
Epoch=71, minibatch=3 loss=0.06187, Wa=1.2650, Wb=1.2364
Epoch=71, minibatch=4 loss=0.07244, Wa=1.2536, Wb=1.2289
Epoch=71, minibatch=5 loss=0.05158, Wa=1.2621, Wb=1.2334
Epoch=71, minibatch=6 loss=0.06520, Wa=1.2574, Wb=1.2270
Epoch=71, minibatch=7 loss=0.05746, Wa=1.2607, Wb=1.2338
Epoch=72, minibatch=0 loss=0.05218, Wa=1.2604, Wb=1.2350
Epoch=72, minibatch=1 loss=0.05212, Wa=1.2580, Wb=1.2334
Epoch=72, minibatch=2 loss=0.05297, Wa=1.2562, Wb=1.2362
Epoch=72, minibatch=3 loss=0.07100, Wa=1.2664, Wb=1.2412
Epoch=72, minibatch=4 loss=0.05881, Wa=1.2592, Wb=1.2274
Epoch=72, minibatch=5 loss=0.06502, Wa=1.2635, Wb=1.2365
Epoch=72, minibatch=6 loss=0.05365, Wa=1.2605, Wb=1.2247
Epoch=72, minibatch=7 loss=0.06338, Wa=1.2677, Wb=1.2306
Epoch=73, minibatch=0 loss=0.05035, Wa=1.2631, Wb=1.2279
Epoch=73, minibatch=1 loss=0.06826, Wa=1.2636, Wb=1.2368
Epoch=73, minibatch=2 loss=0.12063, Wa=1.2383, Wb=1.2327
Epoch=73, minibatch=3 loss=0.09183, Wa=1.2486, Wb=1.2474
Epoch=73, minibatch=4 loss=0.07092, Wa=1.2705, Wb=1.2343
Epoch=73, minibatch=5 loss=0.06008, Wa=1.2653, Wb=1.2225
Epoch=73, minibatch=6 loss=0.06312, Wa=1.2652, Wb=1.2203
Epoch=73, minibatch=7 loss=0.05155, Wa=1.2658, Wb=1.2362
Epoch=74, minibatch=0 loss=0.05080, Wa=1.2642, Wb=1.2322
Epoch=74, minibatch=1 loss=0.05633, Wa=1.2628, Wb=1.2372
Epoch=74, minibatch=2 loss=0.06400, Wa=1.2606, Wb=1.2310
Epoch=74, minibatch=3 loss=0.06532, Wa=1.2564, Wb=1.2284
Epoch=74, minibatch=4 loss=0.06742, Wa=1.2600, Wb=1.2433
Epoch=74, minibatch=5 loss=0.05032, Wa=1.2592, Wb=1.2240
Epoch=74, minibatch=6 loss=0.05288, Wa=1.2594, Wb=1.2296
Epoch=74, minibatch=7 loss=0.05547, Wa=1.2628, Wb=1.2342
Epoch=75, minibatch=0 loss=0.06127, Wa=1.2642, Wb=1.2358
Epoch=75, minibatch=1 loss=0.04727, Wa=1.2612, Wb=1.2319
Epoch=75, minibatch=2 loss=0.06731, Wa=1.2554, Wb=1.2217
Epoch=75, minibatch=3 loss=0.05039, Wa=1.2598, Wb=1.2373
Epoch=75, minibatch=4 loss=0.06139, Wa=1.2607, Wb=1.2412
Epoch=75, minibatch=5 loss=0.05817, Wa=1.2588, Wb=1.2307
Epoch=75, minibatch=6 loss=0.06665, Wa=1.2732, Wb=1.2296
Epoch=75, minibatch=7 loss=0.06042, Wa=1.2614, Wb=1.2302
Epoch=76, minibatch=0 loss=0.06091, Wa=1.2619, Wb=1.2329
Epoch=76, minibatch=1 loss=0.05889, Wa=1.2621, Wb=1.2361
Epoch=76, minibatch=2 loss=0.07285, Wa=1.2552, Wb=1.2366
Epoch=76, minibatch=3 loss=0.06025, Wa=1.2637, Wb=1.2404
Epoch=76, minibatch=4 loss=0.05677, Wa=1.2612, Wb=1.2242
Epoch=76, minibatch=5 loss=0.05277, Wa=1.2610, Wb=1.2348
Epoch=76, minibatch=6 loss=0.04940, Wa=1.2639, Wb=1.2263
Epoch=76, minibatch=7 loss=0.09411, Wa=1.2511, Wb=1.2292
Epoch=77, minibatch=0 loss=0.05847, Wa=1.2563, Wb=1.2383
Epoch=77, minibatch=1 loss=0.08287, Wa=1.2686, Wb=1.2270
Epoch=77, minibatch=2 loss=0.10715, Wa=1.2439, Wb=1.2215
Epoch=77, minibatch=3 loss=0.08872, Wa=1.2665, Wb=1.2471
Epoch=77, minibatch=4 loss=0.06995, Wa=1.2516, Wb=1.2255
Epoch=77, minibatch=5 loss=0.08565, Wa=1.2554, Wb=1.2403
Epoch=77, minibatch=6 loss=0.07043, Wa=1.2656, Wb=1.2327
Epoch=77, minibatch=7 loss=0.05448, Wa=1.2613, Wb=1.2284
Epoch=78, minibatch=0 loss=0.06707, Wa=1.2644, Wb=1.2408
Epoch=78, minibatch=1 loss=0.05184, Wa=1.2602, Wb=1.2276
Epoch=78, minibatch=2 loss=0.06078, Wa=1.2563, Wb=1.2327
Epoch=78, minibatch=3 loss=0.08540, Wa=1.2685, Wb=1.2328
Epoch=78, minibatch=4 loss=0.08406, Wa=1.2538, Wb=1.2217
Epoch=78, minibatch=5 loss=0.05706, Wa=1.2628, Wb=1.2403
Epoch=78, minibatch=6 loss=0.05859, Wa=1.2604, Wb=1.2334
Epoch=78, minibatch=7 loss=0.05732, Wa=1.2640, Wb=1.2361
Epoch=79, minibatch=0 loss=0.07386, Wa=1.2551, Wb=1.2335
Epoch=79, minibatch=1 loss=0.06021, Wa=1.2602, Wb=1.2357
Epoch=79, minibatch=2 loss=0.06430, Wa=1.2641, Wb=1.2355
Epoch=79, minibatch=3 loss=0.05122, Wa=1.2561, Wb=1.2355
Epoch=79, minibatch=4 loss=0.06693, Wa=1.2649, Wb=1.2348
Epoch=79, minibatch=5 loss=0.05655, Wa=1.2659, Wb=1.2322
Epoch=79, minibatch=6 loss=0.05110, Wa=1.2630, Wb=1.2264
Epoch=79, minibatch=7 loss=0.04611, Wa=1.2636, Wb=1.2307
Epoch=80, minibatch=0 loss=0.06278, Wa=1.2592, Wb=1.2264
Epoch=80, minibatch=1 loss=0.06799, Wa=1.2598, Wb=1.2408
Epoch=80, minibatch=2 loss=0.07444, Wa=1.2575, Wb=1.2259
Epoch=80, minibatch=3 loss=0.10894, Wa=1.2839, Wb=1.2382
Epoch=80, minibatch=4 loss=0.04104, Wa=1.2722, Wb=1.2230
Epoch=80, minibatch=5 loss=0.06717, Wa=1.2694, Wb=1.2245
Epoch=80, minibatch=6 loss=0.05144, Wa=1.2588, Wb=1.2256
Epoch=80, minibatch=7 loss=0.07218, Wa=1.2644, Wb=1.2371
Epoch=81, minibatch=0 loss=0.05042, Wa=1.2585, Wb=1.2293
Epoch=81, minibatch=1 loss=0.07180, Wa=1.2646, Wb=1.2305
Epoch=81, minibatch=2 loss=0.09092, Wa=1.2508, Wb=1.2336
Epoch=81, minibatch=3 loss=0.05936, Wa=1.2554, Wb=1.2457
Epoch=81, minibatch=4 loss=0.07878, Wa=1.2558, Wb=1.2346
Epoch=81, minibatch=5 loss=0.06210, Wa=1.2652, Wb=1.2253
Epoch=81, minibatch=6 loss=0.08049, Wa=1.2672, Wb=1.2332
Epoch=81, minibatch=7 loss=0.07968, Wa=1.2506, Wb=1.2211
Epoch=82, minibatch=0 loss=0.06222, Wa=1.2654, Wb=1.2406
Epoch=82, minibatch=1 loss=0.05644, Wa=1.2624, Wb=1.2287
Epoch=82, minibatch=2 loss=0.05351, Wa=1.2599, Wb=1.2262
Epoch=82, minibatch=3 loss=0.05147, Wa=1.2622, Wb=1.2274
Epoch=82, minibatch=4 loss=0.04976, Wa=1.2610, Wb=1.2360
Epoch=82, minibatch=5 loss=0.07168, Wa=1.2612, Wb=1.2442
Epoch=82, minibatch=6 loss=0.05648, Wa=1.2593, Wb=1.2356
Epoch=82, minibatch=7 loss=0.05740, Wa=1.2652, Wb=1.2330
Epoch=83, minibatch=0 loss=0.05303, Wa=1.2578, Wb=1.2241
Epoch=83, minibatch=1 loss=0.05510, Wa=1.2587, Wb=1.2365
Epoch=83, minibatch=2 loss=0.12600, Wa=1.2722, Wb=1.2414
Epoch=83, minibatch=3 loss=0.17504, Wa=1.2459, Wb=1.2193
Epoch=83, minibatch=4 loss=0.06113, Wa=1.2676, Wb=1.2370
Epoch=83, minibatch=5 loss=0.06420, Wa=1.2637, Wb=1.2310
Epoch=83, minibatch=6 loss=0.05873, Wa=1.2644, Wb=1.2351
Epoch=83, minibatch=7 loss=0.06626, Wa=1.2596, Wb=1.2244
Epoch=84, minibatch=0 loss=0.06590, Wa=1.2628, Wb=1.2349
Epoch=84, minibatch=1 loss=0.06846, Wa=1.2566, Wb=1.2376
Epoch=84, minibatch=2 loss=0.05905, Wa=1.2591, Wb=1.2316
Epoch=84, minibatch=3 loss=0.06628, Wa=1.2644, Wb=1.2340
Epoch=84, minibatch=4 loss=0.05642, Wa=1.2523, Wb=1.2255
Epoch=84, minibatch=5 loss=0.04773, Wa=1.2622, Wb=1.2318
Epoch=84, minibatch=6 loss=0.05570, Wa=1.2624, Wb=1.2292
Epoch=84, minibatch=7 loss=0.05541, Wa=1.2638, Wb=1.2378
Epoch=85, minibatch=0 loss=0.05662, Wa=1.2604, Wb=1.2348
Epoch=85, minibatch=1 loss=0.05319, Wa=1.2602, Wb=1.2318
Epoch=85, minibatch=2 loss=0.04801, Wa=1.2594, Wb=1.2349
Epoch=85, minibatch=3 loss=0.06724, Wa=1.2622, Wb=1.2341
Epoch=85, minibatch=4 loss=0.06716, Wa=1.2477, Wb=1.2316
Epoch=85, minibatch=5 loss=0.06889, Wa=1.2522, Wb=1.2385
Epoch=85, minibatch=6 loss=0.06544, Wa=1.2591, Wb=1.2438
Epoch=85, minibatch=7 loss=0.05228, Wa=1.2593, Wb=1.2274
Epoch=86, minibatch=0 loss=0.06321, Wa=1.2613, Wb=1.2315
Epoch=86, minibatch=1 loss=0.05215, Wa=1.2604, Wb=1.2357
Epoch=86, minibatch=2 loss=0.07273, Wa=1.2598, Wb=1.2263
Epoch=86, minibatch=3 loss=0.08297, Wa=1.2695, Wb=1.2456
Epoch=86, minibatch=4 loss=0.05525, Wa=1.2554, Wb=1.2261
Epoch=86, minibatch=5 loss=0.06089, Wa=1.2638, Wb=1.2315
Epoch=86, minibatch=6 loss=0.04772, Wa=1.2609, Wb=1.2329
Epoch=86, minibatch=7 loss=0.05982, Wa=1.2587, Wb=1.2318
Epoch=87, minibatch=0 loss=0.11095, Wa=1.2742, Wb=1.2300
Epoch=87, minibatch=1 loss=0.08207, Wa=1.2524, Wb=1.2292
Epoch=87, minibatch=2 loss=0.10689, Wa=1.2794, Wb=1.2404
Epoch=87, minibatch=3 loss=0.05865, Wa=1.2693, Wb=1.2220
Epoch=87, minibatch=4 loss=0.05709, Wa=1.2682, Wb=1.2236
Epoch=87, minibatch=5 loss=0.06442, Wa=1.2656, Wb=1.2294
Epoch=87, minibatch=6 loss=0.05510, Wa=1.2629, Wb=1.2284
Epoch=87, minibatch=7 loss=0.05440, Wa=1.2605, Wb=1.2321
Epoch=88, minibatch=0 loss=0.05359, Wa=1.2601, Wb=1.2360
Epoch=88, minibatch=1 loss=0.06081, Wa=1.2634, Wb=1.2474
Epoch=88, minibatch=2 loss=0.06278, Wa=1.2566, Wb=1.2296
Epoch=88, minibatch=3 loss=0.06657, Wa=1.2595, Wb=1.2423
Epoch=88, minibatch=4 loss=0.05080, Wa=1.2575, Wb=1.2263
Epoch=88, minibatch=5 loss=0.04954, Wa=1.2567, Wb=1.2283
Epoch=88, minibatch=6 loss=0.06749, Wa=1.2583, Wb=1.2272
Epoch=88, minibatch=7 loss=0.06220, Wa=1.2621, Wb=1.2375
Epoch=89, minibatch=0 loss=0.05618, Wa=1.2628, Wb=1.2314
Epoch=89, minibatch=1 loss=0.07303, Wa=1.2564, Wb=1.2243
Epoch=89, minibatch=2 loss=0.05764, Wa=1.2659, Wb=1.2383
Epoch=89, minibatch=3 loss=0.04736, Wa=1.2598, Wb=1.2338
Epoch=89, minibatch=4 loss=0.05103, Wa=1.2613, Wb=1.2334
Epoch=89, minibatch=5 loss=0.06247, Wa=1.2625, Wb=1.2294
Epoch=89, minibatch=6 loss=0.08433, Wa=1.2454, Wb=1.2390
Epoch=89, minibatch=7 loss=0.06268, Wa=1.2609, Wb=1.2388
Epoch=90, minibatch=0 loss=0.04442, Wa=1.2609, Wb=1.2287
Epoch=90, minibatch=1 loss=0.06572, Wa=1.2526, Wb=1.2282
Epoch=90, minibatch=2 loss=0.06368, Wa=1.2560, Wb=1.2368
Epoch=90, minibatch=3 loss=0.06330, Wa=1.2672, Wb=1.2315
Epoch=90, minibatch=4 loss=0.07706, Wa=1.2554, Wb=1.2250
Epoch=90, minibatch=5 loss=0.06850, Wa=1.2665, Wb=1.2464
Epoch=90, minibatch=6 loss=0.06284, Wa=1.2586, Wb=1.2301
Epoch=90, minibatch=7 loss=0.05490, Wa=1.2690, Wb=1.2333
Epoch=91, minibatch=0 loss=0.06470, Wa=1.2652, Wb=1.2303
Epoch=91, minibatch=1 loss=0.14727, Wa=1.2423, Wb=1.2243
Epoch=91, minibatch=2 loss=0.06465, Wa=1.2556, Wb=1.2447
Epoch=91, minibatch=3 loss=0.06171, Wa=1.2621, Wb=1.2421
Epoch=91, minibatch=4 loss=0.06450, Wa=1.2593, Wb=1.2315
Epoch=91, minibatch=5 loss=0.06036, Wa=1.2627, Wb=1.2322
Epoch=91, minibatch=6 loss=0.06115, Wa=1.2588, Wb=1.2329
Epoch=91, minibatch=7 loss=0.03962, Wa=1.2628, Wb=1.2322
Epoch=92, minibatch=0 loss=0.06364, Wa=1.2624, Wb=1.2258
Epoch=92, minibatch=1 loss=0.05799, Wa=1.2576, Wb=1.2379
Epoch=92, minibatch=2 loss=0.05571, Wa=1.2667, Wb=1.2305
Epoch=92, minibatch=3 loss=0.06075, Wa=1.2609, Wb=1.2290
Epoch=92, minibatch=4 loss=0.06404, Wa=1.2622, Wb=1.2331
Epoch=92, minibatch=5 loss=0.06428, Wa=1.2608, Wb=1.2270
Epoch=92, minibatch=6 loss=0.04131, Wa=1.2619, Wb=1.2407
Epoch=92, minibatch=7 loss=0.16848, Wa=1.2836, Wb=1.2295
Epoch=93, minibatch=0 loss=0.07471, Wa=1.2621, Wb=1.2141
Epoch=93, minibatch=1 loss=0.06662, Wa=1.2639, Wb=1.2334
Epoch=93, minibatch=2 loss=0.06749, Wa=1.2637, Wb=1.2223
Epoch=93, minibatch=3 loss=0.05402, Wa=1.2623, Wb=1.2351
Epoch=93, minibatch=4 loss=0.06108, Wa=1.2651, Wb=1.2384
Epoch=93, minibatch=5 loss=0.05543, Wa=1.2580, Wb=1.2261
Epoch=93, minibatch=6 loss=0.05611, Wa=1.2622, Wb=1.2377
Epoch=93, minibatch=7 loss=0.05657, Wa=1.2604, Wb=1.2271
Epoch=94, minibatch=0 loss=0.06282, Wa=1.2567, Wb=1.2356
Epoch=94, minibatch=1 loss=0.05247, Wa=1.2649, Wb=1.2271
Epoch=94, minibatch=2 loss=0.05229, Wa=1.2593, Wb=1.2308
Epoch=94, minibatch=3 loss=0.06104, Wa=1.2638, Wb=1.2423
Epoch=94, minibatch=4 loss=0.05849, Wa=1.2600, Wb=1.2282
Epoch=94, minibatch=5 loss=0.08313, Wa=1.2697, Wb=1.2368
Epoch=94, minibatch=6 loss=0.05187, Wa=1.2598, Wb=1.2255
Epoch=94, minibatch=7 loss=0.07556, Wa=1.2551, Wb=1.2279
Epoch=95, minibatch=0 loss=0.06790, Wa=1.2708, Wb=1.2408
Epoch=95, minibatch=1 loss=0.05525, Wa=1.2583, Wb=1.2302
Epoch=95, minibatch=2 loss=0.06952, Wa=1.2708, Wb=1.2338
Epoch=95, minibatch=3 loss=0.06003, Wa=1.2673, Wb=1.2286
Epoch=95, minibatch=4 loss=0.05992, Wa=1.2686, Wb=1.2341
Epoch=95, minibatch=5 loss=0.06149, Wa=1.2637, Wb=1.2238
Epoch=95, minibatch=6 loss=0.04332, Wa=1.2619, Wb=1.2339
Epoch=95, minibatch=7 loss=0.06085, Wa=1.2575, Wb=1.2269
Epoch=96, minibatch=0 loss=0.05828, Wa=1.2715, Wb=1.2356
Epoch=96, minibatch=1 loss=0.07935, Wa=1.2673, Wb=1.2340
Epoch=96, minibatch=2 loss=0.07731, Wa=1.2473, Wb=1.2248
Epoch=96, minibatch=3 loss=0.05486, Wa=1.2595, Wb=1.2376
Epoch=96, minibatch=4 loss=0.07391, Wa=1.2722, Wb=1.2316
Epoch=96, minibatch=5 loss=0.07799, Wa=1.2542, Wb=1.2228
Epoch=96, minibatch=6 loss=0.05822, Wa=1.2602, Wb=1.2433
Epoch=96, minibatch=7 loss=0.07189, Wa=1.2546, Wb=1.2342
Epoch=97, minibatch=0 loss=0.07696, Wa=1.2685, Wb=1.2312
Epoch=97, minibatch=1 loss=0.06047, Wa=1.2508, Wb=1.2252
Epoch=97, minibatch=2 loss=0.06822, Wa=1.2570, Wb=1.2325
Epoch=97, minibatch=3 loss=0.11253, Wa=1.2857, Wb=1.2357
Epoch=97, minibatch=4 loss=0.06749, Wa=1.2800, Wb=1.2226
Epoch=97, minibatch=5 loss=0.06707, Wa=1.2749, Wb=1.2175
Epoch=97, minibatch=6 loss=0.09779, Wa=1.2743, Wb=1.2346
Epoch=97, minibatch=7 loss=0.06285, Wa=1.2666, Wb=1.2333
Epoch=98, minibatch=0 loss=0.06846, Wa=1.2651, Wb=1.2245
Epoch=98, minibatch=1 loss=0.07032, Wa=1.2553, Wb=1.2262
Epoch=98, minibatch=2 loss=0.07413, Wa=1.2586, Wb=1.2434
Epoch=98, minibatch=3 loss=0.04816, Wa=1.2596, Wb=1.2309
Epoch=98, minibatch=4 loss=0.06138, Wa=1.2591, Wb=1.2271
Epoch=98, minibatch=5 loss=0.06141, Wa=1.2634, Wb=1.2310
Epoch=98, minibatch=6 loss=0.05416, Wa=1.2629, Wb=1.2351
Epoch=98, minibatch=7 loss=0.05132, Wa=1.2594, Wb=1.2295
Epoch=99, minibatch=0 loss=0.05347, Wa=1.2618, Wb=1.2391
Epoch=99, minibatch=1 loss=0.07711, Wa=1.2563, Wb=1.2308
Epoch=99, minibatch=2 loss=0.08378, Wa=1.2677, Wb=1.2368
Epoch=99, minibatch=3 loss=0.06357, Wa=1.2571, Wb=1.2225
Epoch=99, minibatch=4 loss=0.05615, Wa=1.2602, Wb=1.2369
Epoch=99, minibatch=5 loss=0.05473, Wa=1.2605, Wb=1.2381
Epoch=99, minibatch=6 loss=0.05047, Wa=1.2598, Wb=1.2293
Epoch=99, minibatch=7 loss=0.06442, Wa=1.2639, Wb=1.2365
The ground truth is A=1.2618, B=1.2344
Manually implemented gradient+optimizer result: Final estimated Wa=1.2584, Wb=1.2277
