SDG using torch built-in
nsamples=512, batch_size=64, epoch=100, lr=0.0005
initial Wa=0.10000000149011612, Wb=1.7999999523162842
Epoch=0, minibatch=0 loss=60.90100, Wa=0.1000, Wb=1.8000
Epoch=0, minibatch=1 loss=56.29141, Wa=0.1003, Wb=1.7969
Epoch=0, minibatch=2 loss=54.92580, Wa=0.1018, Wb=1.7964
Epoch=0, minibatch=3 loss=51.56196, Wa=0.2859, Wb=1.7958
Epoch=0, minibatch=4 loss=43.29861, Wa=0.2918, Wb=1.7915
Epoch=0, minibatch=5 loss=44.39766, Wa=0.2926, Wb=1.7876
Epoch=0, minibatch=6 loss=44.25992, Wa=0.2970, Wb=1.7857
Epoch=0, minibatch=7 loss=39.18136, Wa=0.3189, Wb=1.7815
Epoch=1, minibatch=0 loss=38.93418, Wa=0.3781, Wb=1.7779
Epoch=1, minibatch=1 loss=35.36805, Wa=0.5375, Wb=1.7753
Epoch=1, minibatch=2 loss=33.07298, Wa=0.5721, Wb=1.7707
Epoch=1, minibatch=3 loss=27.67528, Wa=0.5799, Wb=1.7666
Epoch=1, minibatch=4 loss=26.09694, Wa=0.6055, Wb=1.7610
Epoch=1, minibatch=5 loss=25.38973, Wa=0.6105, Wb=1.7521
Epoch=1, minibatch=6 loss=26.67774, Wa=0.6168, Wb=1.7432
Epoch=1, minibatch=7 loss=20.43643, Wa=0.6564, Wb=1.7366
Epoch=2, minibatch=0 loss=21.04375, Wa=0.6723, Wb=1.7254
Epoch=2, minibatch=1 loss=21.72538, Wa=0.6726, Wb=1.7187
Epoch=2, minibatch=2 loss=19.65117, Wa=0.6908, Wb=1.7113
Epoch=2, minibatch=3 loss=19.87033, Wa=0.6961, Wb=1.7007
Epoch=2, minibatch=4 loss=20.15807, Wa=0.7328, Wb=1.6924
Epoch=2, minibatch=5 loss=20.03956, Wa=0.7618, Wb=1.6860
Epoch=2, minibatch=6 loss=13.57348, Wa=0.7849, Wb=1.6796
Epoch=2, minibatch=7 loss=18.52713, Wa=0.7882, Wb=1.6706
Epoch=3, minibatch=0 loss=15.64374, Wa=0.8679, Wb=1.6653
Epoch=3, minibatch=1 loss=12.34046, Wa=0.8996, Wb=1.6565
Epoch=3, minibatch=2 loss=9.13789, Wa=0.9147, Wb=1.6486
Epoch=3, minibatch=3 loss=11.50479, Wa=0.9363, Wb=1.6402
Epoch=3, minibatch=4 loss=10.45638, Wa=0.9454, Wb=1.6305
Epoch=3, minibatch=5 loss=8.45739, Wa=0.9603, Wb=1.6191
Epoch=3, minibatch=6 loss=8.91743, Wa=0.9675, Wb=1.6091
Epoch=3, minibatch=7 loss=7.86436, Wa=0.9849, Wb=1.6014
Epoch=4, minibatch=0 loss=5.92486, Wa=0.9868, Wb=1.5921
Epoch=4, minibatch=1 loss=8.23811, Wa=1.0007, Wb=1.5840
Epoch=4, minibatch=2 loss=8.07439, Wa=1.0080, Wb=1.5746
Epoch=4, minibatch=3 loss=6.74690, Wa=1.0153, Wb=1.5666
Epoch=4, minibatch=4 loss=6.39132, Wa=1.0314, Wb=1.5583
Epoch=4, minibatch=5 loss=6.26489, Wa=1.0329, Wb=1.5492
Epoch=4, minibatch=6 loss=4.53094, Wa=1.0618, Wb=1.5418
Epoch=4, minibatch=7 loss=4.69470, Wa=1.0665, Wb=1.5344
Epoch=5, minibatch=0 loss=4.56178, Wa=1.0846, Wb=1.5253
Epoch=5, minibatch=1 loss=3.27406, Wa=1.1164, Wb=1.5180
Epoch=5, minibatch=2 loss=3.40293, Wa=1.1185, Wb=1.5102
Epoch=5, minibatch=3 loss=3.73350, Wa=1.1181, Wb=1.5004
Epoch=5, minibatch=4 loss=2.80048, Wa=1.1280, Wb=1.4906
Epoch=5, minibatch=5 loss=3.60698, Wa=1.1279, Wb=1.4831
Epoch=5, minibatch=6 loss=3.27103, Wa=1.1345, Wb=1.4757
Epoch=5, minibatch=7 loss=3.40416, Wa=1.1419, Wb=1.4681
Epoch=6, minibatch=0 loss=2.88882, Wa=1.1525, Wb=1.4622
Epoch=6, minibatch=1 loss=2.54204, Wa=1.1541, Wb=1.4530
Epoch=6, minibatch=2 loss=2.24333, Wa=1.1607, Wb=1.4472
Epoch=6, minibatch=3 loss=1.49706, Wa=1.1719, Wb=1.4414
Epoch=6, minibatch=4 loss=2.26541, Wa=1.1741, Wb=1.4350
Epoch=6, minibatch=5 loss=1.79167, Wa=1.1889, Wb=1.4292
Epoch=6, minibatch=6 loss=1.60830, Wa=1.1892, Wb=1.4225
Epoch=6, minibatch=7 loss=1.58247, Wa=1.1889, Wb=1.4157
Epoch=7, minibatch=0 loss=1.68779, Wa=1.1883, Wb=1.4089
Epoch=7, minibatch=1 loss=1.19061, Wa=1.1872, Wb=1.4024
Epoch=7, minibatch=2 loss=1.30013, Wa=1.1874, Wb=1.3963
Epoch=7, minibatch=3 loss=1.37288, Wa=1.1921, Wb=1.3917
Epoch=7, minibatch=4 loss=0.89594, Wa=1.1996, Wb=1.3858
Epoch=7, minibatch=5 loss=1.22646, Wa=1.2020, Wb=1.3814
Epoch=7, minibatch=6 loss=0.88769, Wa=1.2082, Wb=1.3764
Epoch=7, minibatch=7 loss=1.00822, Wa=1.2083, Wb=1.3713
Epoch=8, minibatch=0 loss=0.76615, Wa=1.2108, Wb=1.3673
Epoch=8, minibatch=1 loss=0.93388, Wa=1.2131, Wb=1.3630
Epoch=8, minibatch=2 loss=0.71115, Wa=1.2203, Wb=1.3588
Epoch=8, minibatch=3 loss=0.64692, Wa=1.2195, Wb=1.3535
Epoch=8, minibatch=4 loss=0.52442, Wa=1.2257, Wb=1.3494
Epoch=8, minibatch=5 loss=0.72007, Wa=1.2300, Wb=1.3462
Epoch=8, minibatch=6 loss=0.62447, Wa=1.2325, Wb=1.3419
Epoch=8, minibatch=7 loss=0.56166, Wa=1.2319, Wb=1.3373
Epoch=9, minibatch=0 loss=0.49447, Wa=1.2323, Wb=1.3336
Epoch=9, minibatch=1 loss=0.49593, Wa=1.2528, Wb=1.3302
Epoch=9, minibatch=2 loss=0.36850, Wa=1.2519, Wb=1.3258
Epoch=9, minibatch=3 loss=0.33859, Wa=1.2510, Wb=1.3221
Epoch=9, minibatch=4 loss=0.34370, Wa=1.2490, Wb=1.3188
Epoch=9, minibatch=5 loss=0.27631, Wa=1.2496, Wb=1.3156
Epoch=9, minibatch=6 loss=0.33984, Wa=1.2495, Wb=1.3126
Epoch=9, minibatch=7 loss=0.36501, Wa=1.2487, Wb=1.3092
Epoch=10, minibatch=0 loss=0.25884, Wa=1.2511, Wb=1.3058
Epoch=10, minibatch=1 loss=0.22687, Wa=1.2528, Wb=1.3032
Epoch=10, minibatch=2 loss=0.19833, Wa=1.2518, Wb=1.3006
Epoch=10, minibatch=3 loss=0.24047, Wa=1.2513, Wb=1.2980
Epoch=10, minibatch=4 loss=0.22619, Wa=1.2500, Wb=1.2951
Epoch=10, minibatch=5 loss=0.19889, Wa=1.2498, Wb=1.2925
Epoch=10, minibatch=6 loss=0.26616, Wa=1.2497, Wb=1.2901
Epoch=10, minibatch=7 loss=0.18784, Wa=1.2490, Wb=1.2877
Epoch=11, minibatch=0 loss=0.17130, Wa=1.2515, Wb=1.2858
Epoch=11, minibatch=1 loss=0.17842, Wa=1.2509, Wb=1.2839
Epoch=11, minibatch=2 loss=0.17970, Wa=1.2515, Wb=1.2818
Epoch=11, minibatch=3 loss=0.16988, Wa=1.2535, Wb=1.2801
Epoch=11, minibatch=4 loss=0.12989, Wa=1.2536, Wb=1.2780
Epoch=11, minibatch=5 loss=0.12147, Wa=1.2531, Wb=1.2761
Epoch=11, minibatch=6 loss=0.09981, Wa=1.2525, Wb=1.2744
Epoch=11, minibatch=7 loss=0.14229, Wa=1.2522, Wb=1.2729
Epoch=12, minibatch=0 loss=0.12457, Wa=1.2614, Wb=1.2715
Epoch=12, minibatch=1 loss=0.10716, Wa=1.2607, Wb=1.2698
Epoch=12, minibatch=2 loss=0.13881, Wa=1.2602, Wb=1.2684
Epoch=12, minibatch=3 loss=0.10154, Wa=1.2592, Wb=1.2664
Epoch=12, minibatch=4 loss=0.08415, Wa=1.2593, Wb=1.2649
Epoch=12, minibatch=5 loss=0.09152, Wa=1.2589, Wb=1.2637
Epoch=12, minibatch=6 loss=0.09086, Wa=1.2582, Wb=1.2625
Epoch=12, minibatch=7 loss=0.08875, Wa=1.2579, Wb=1.2615
Epoch=13, minibatch=0 loss=0.08109, Wa=1.2576, Wb=1.2603
Epoch=13, minibatch=1 loss=0.09582, Wa=1.2575, Wb=1.2594
Epoch=13, minibatch=2 loss=0.09239, Wa=1.2576, Wb=1.2583
Epoch=13, minibatch=3 loss=0.09978, Wa=1.2568, Wb=1.2569
Epoch=13, minibatch=4 loss=0.07787, Wa=1.2573, Wb=1.2557
Epoch=13, minibatch=5 loss=0.06655, Wa=1.2571, Wb=1.2548
Epoch=13, minibatch=6 loss=0.07013, Wa=1.2602, Wb=1.2542
Epoch=13, minibatch=7 loss=0.05943, Wa=1.2599, Wb=1.2534
Epoch=14, minibatch=0 loss=0.06791, Wa=1.2597, Wb=1.2526
Epoch=14, minibatch=1 loss=0.07296, Wa=1.2601, Wb=1.2518
Epoch=14, minibatch=2 loss=0.06351, Wa=1.2596, Wb=1.2510
Epoch=14, minibatch=3 loss=0.06999, Wa=1.2590, Wb=1.2503
Epoch=14, minibatch=4 loss=0.07344, Wa=1.2589, Wb=1.2495
Epoch=14, minibatch=5 loss=0.06662, Wa=1.2591, Wb=1.2489
Epoch=14, minibatch=6 loss=0.07626, Wa=1.2596, Wb=1.2483
Epoch=14, minibatch=7 loss=0.05880, Wa=1.2593, Wb=1.2475
Epoch=15, minibatch=0 loss=0.04467, Wa=1.2590, Wb=1.2470
Epoch=15, minibatch=1 loss=0.07105, Wa=1.2593, Wb=1.2466
Epoch=15, minibatch=2 loss=0.06026, Wa=1.2592, Wb=1.2460
Epoch=15, minibatch=3 loss=0.07054, Wa=1.2592, Wb=1.2458
Epoch=15, minibatch=4 loss=0.06523, Wa=1.2591, Wb=1.2449
Epoch=15, minibatch=5 loss=0.06296, Wa=1.2593, Wb=1.2442
Epoch=15, minibatch=6 loss=0.06558, Wa=1.2589, Wb=1.2437
Epoch=15, minibatch=7 loss=0.06180, Wa=1.2587, Wb=1.2432
Epoch=16, minibatch=0 loss=0.04740, Wa=1.2596, Wb=1.2430
Epoch=16, minibatch=1 loss=0.06457, Wa=1.2591, Wb=1.2426
Epoch=16, minibatch=2 loss=0.06631, Wa=1.2602, Wb=1.2422
Epoch=16, minibatch=3 loss=0.05161, Wa=1.2598, Wb=1.2418
Epoch=16, minibatch=4 loss=0.05666, Wa=1.2601, Wb=1.2415
Epoch=16, minibatch=5 loss=0.05981, Wa=1.2595, Wb=1.2412
Epoch=16, minibatch=6 loss=0.06962, Wa=1.2602, Wb=1.2412
Epoch=16, minibatch=7 loss=0.06300, Wa=1.2600, Wb=1.2408
Epoch=17, minibatch=0 loss=0.05248, Wa=1.2600, Wb=1.2400
Epoch=17, minibatch=1 loss=0.06440, Wa=1.2603, Wb=1.2399
Epoch=17, minibatch=2 loss=0.05419, Wa=1.2601, Wb=1.2394
Epoch=17, minibatch=3 loss=0.05535, Wa=1.2605, Wb=1.2397
Epoch=17, minibatch=4 loss=0.05707, Wa=1.2598, Wb=1.2392
Epoch=17, minibatch=5 loss=0.05443, Wa=1.2602, Wb=1.2389
Epoch=17, minibatch=6 loss=0.06026, Wa=1.2601, Wb=1.2384
Epoch=17, minibatch=7 loss=0.06708, Wa=1.2601, Wb=1.2384
Epoch=18, minibatch=0 loss=0.06741, Wa=1.2600, Wb=1.2379
Epoch=18, minibatch=1 loss=0.05294, Wa=1.2597, Wb=1.2376
Epoch=18, minibatch=2 loss=0.05796, Wa=1.2595, Wb=1.2374
Epoch=18, minibatch=3 loss=0.05212, Wa=1.2597, Wb=1.2373
Epoch=18, minibatch=4 loss=0.05722, Wa=1.2598, Wb=1.2373
Epoch=18, minibatch=5 loss=0.05550, Wa=1.2600, Wb=1.2370
Epoch=18, minibatch=6 loss=0.06468, Wa=1.2601, Wb=1.2366
Epoch=18, minibatch=7 loss=0.04972, Wa=1.2606, Wb=1.2365
Epoch=19, minibatch=0 loss=0.06307, Wa=1.2606, Wb=1.2365
Epoch=19, minibatch=1 loss=0.06001, Wa=1.2604, Wb=1.2365
Epoch=19, minibatch=2 loss=0.04883, Wa=1.2603, Wb=1.2361
Epoch=19, minibatch=3 loss=0.05650, Wa=1.2600, Wb=1.2359
Epoch=19, minibatch=4 loss=0.06675, Wa=1.2606, Wb=1.2360
Epoch=19, minibatch=5 loss=0.04515, Wa=1.2606, Wb=1.2356
Epoch=19, minibatch=6 loss=0.06188, Wa=1.2604, Wb=1.2356
Epoch=19, minibatch=7 loss=0.05276, Wa=1.2611, Wb=1.2358
Epoch=20, minibatch=0 loss=0.04338, Wa=1.2609, Wb=1.2354
Epoch=20, minibatch=1 loss=0.05444, Wa=1.2606, Wb=1.2351
Epoch=20, minibatch=2 loss=0.04963, Wa=1.2606, Wb=1.2349
Epoch=20, minibatch=3 loss=0.06731, Wa=1.2604, Wb=1.2348
Epoch=20, minibatch=4 loss=0.06498, Wa=1.2597, Wb=1.2349
Epoch=20, minibatch=5 loss=0.05465, Wa=1.2609, Wb=1.2348
Epoch=20, minibatch=6 loss=0.06462, Wa=1.2610, Wb=1.2349
Epoch=20, minibatch=7 loss=0.05469, Wa=1.2610, Wb=1.2346
Epoch=21, minibatch=0 loss=0.05448, Wa=1.2611, Wb=1.2347
Epoch=21, minibatch=1 loss=0.05368, Wa=1.2611, Wb=1.2347
Epoch=21, minibatch=2 loss=0.05752, Wa=1.2617, Wb=1.2349
Epoch=21, minibatch=3 loss=0.05944, Wa=1.2609, Wb=1.2342
Epoch=21, minibatch=4 loss=0.04506, Wa=1.2611, Wb=1.2339
Epoch=21, minibatch=5 loss=0.05675, Wa=1.2610, Wb=1.2339
Epoch=21, minibatch=6 loss=0.06865, Wa=1.2615, Wb=1.2339
Epoch=21, minibatch=7 loss=0.05736, Wa=1.2609, Wb=1.2340
Epoch=22, minibatch=0 loss=0.04647, Wa=1.2608, Wb=1.2340
Epoch=22, minibatch=1 loss=0.05203, Wa=1.2607, Wb=1.2341
Epoch=22, minibatch=2 loss=0.05636, Wa=1.2605, Wb=1.2336
Epoch=22, minibatch=3 loss=0.05882, Wa=1.2599, Wb=1.2336
Epoch=22, minibatch=4 loss=0.06462, Wa=1.2602, Wb=1.2335
Epoch=22, minibatch=5 loss=0.05356, Wa=1.2603, Wb=1.2336
Epoch=22, minibatch=6 loss=0.05530, Wa=1.2606, Wb=1.2334
Epoch=22, minibatch=7 loss=0.06397, Wa=1.2610, Wb=1.2337
Epoch=23, minibatch=0 loss=0.05707, Wa=1.2613, Wb=1.2337
Epoch=23, minibatch=1 loss=0.05685, Wa=1.2615, Wb=1.2336
Epoch=23, minibatch=2 loss=0.05091, Wa=1.2611, Wb=1.2334
Epoch=23, minibatch=3 loss=0.06097, Wa=1.2614, Wb=1.2334
Epoch=23, minibatch=4 loss=0.05510, Wa=1.2612, Wb=1.2335
Epoch=23, minibatch=5 loss=0.05556, Wa=1.2612, Wb=1.2335
Epoch=23, minibatch=6 loss=0.05072, Wa=1.2614, Wb=1.2336
Epoch=23, minibatch=7 loss=0.06370, Wa=1.2613, Wb=1.2333
Epoch=24, minibatch=0 loss=0.04842, Wa=1.2610, Wb=1.2334
Epoch=24, minibatch=1 loss=0.05367, Wa=1.2609, Wb=1.2334
Epoch=24, minibatch=2 loss=0.05618, Wa=1.2613, Wb=1.2334
Epoch=24, minibatch=3 loss=0.06254, Wa=1.2612, Wb=1.2334
Epoch=24, minibatch=4 loss=0.04971, Wa=1.2613, Wb=1.2334
Epoch=24, minibatch=5 loss=0.05329, Wa=1.2606, Wb=1.2331
Epoch=24, minibatch=6 loss=0.06241, Wa=1.2608, Wb=1.2333
Epoch=24, minibatch=7 loss=0.06486, Wa=1.2608, Wb=1.2330
Epoch=25, minibatch=0 loss=0.05296, Wa=1.2611, Wb=1.2331
Epoch=25, minibatch=1 loss=0.06047, Wa=1.2613, Wb=1.2330
Epoch=25, minibatch=2 loss=0.05724, Wa=1.2616, Wb=1.2332
Epoch=25, minibatch=3 loss=0.05628, Wa=1.2617, Wb=1.2329
Epoch=25, minibatch=4 loss=0.05262, Wa=1.2611, Wb=1.2327
Epoch=25, minibatch=5 loss=0.05633, Wa=1.2615, Wb=1.2330
Epoch=25, minibatch=6 loss=0.05543, Wa=1.2616, Wb=1.2332
Epoch=25, minibatch=7 loss=0.05995, Wa=1.2615, Wb=1.2330
Epoch=26, minibatch=0 loss=0.05306, Wa=1.2607, Wb=1.2329
Epoch=26, minibatch=1 loss=0.05207, Wa=1.2607, Wb=1.2327
Epoch=26, minibatch=2 loss=0.05995, Wa=1.2605, Wb=1.2325
Epoch=26, minibatch=3 loss=0.05046, Wa=1.2609, Wb=1.2328
Epoch=26, minibatch=4 loss=0.06755, Wa=1.2602, Wb=1.2326
Epoch=26, minibatch=5 loss=0.05678, Wa=1.2605, Wb=1.2329
Epoch=26, minibatch=6 loss=0.05605, Wa=1.2613, Wb=1.2328
Epoch=26, minibatch=7 loss=0.05533, Wa=1.2615, Wb=1.2329
Epoch=27, minibatch=0 loss=0.05170, Wa=1.2612, Wb=1.2328
Epoch=27, minibatch=1 loss=0.06294, Wa=1.2613, Wb=1.2328
Epoch=27, minibatch=2 loss=0.05367, Wa=1.2613, Wb=1.2325
Epoch=27, minibatch=3 loss=0.04784, Wa=1.2613, Wb=1.2327
Epoch=27, minibatch=4 loss=0.05040, Wa=1.2615, Wb=1.2329
Epoch=27, minibatch=5 loss=0.06588, Wa=1.2615, Wb=1.2329
Epoch=27, minibatch=6 loss=0.05935, Wa=1.2607, Wb=1.2326
Epoch=27, minibatch=7 loss=0.05902, Wa=1.2610, Wb=1.2326
Epoch=28, minibatch=0 loss=0.06801, Wa=1.2611, Wb=1.2327
Epoch=28, minibatch=1 loss=0.05146, Wa=1.2613, Wb=1.2328
Epoch=28, minibatch=2 loss=0.05862, Wa=1.2612, Wb=1.2328
Epoch=28, minibatch=3 loss=0.04522, Wa=1.2618, Wb=1.2330
Epoch=28, minibatch=4 loss=0.04659, Wa=1.2619, Wb=1.2331
Epoch=28, minibatch=5 loss=0.05350, Wa=1.2617, Wb=1.2327
Epoch=28, minibatch=6 loss=0.06219, Wa=1.2603, Wb=1.2326
Epoch=28, minibatch=7 loss=0.06727, Wa=1.2602, Wb=1.2324
Epoch=29, minibatch=0 loss=0.05932, Wa=1.2610, Wb=1.2326
Epoch=29, minibatch=1 loss=0.05931, Wa=1.2611, Wb=1.2327
Epoch=29, minibatch=2 loss=0.04443, Wa=1.2604, Wb=1.2325
Epoch=29, minibatch=3 loss=0.05365, Wa=1.2603, Wb=1.2325
Epoch=29, minibatch=4 loss=0.06176, Wa=1.2605, Wb=1.2326
Epoch=29, minibatch=5 loss=0.05308, Wa=1.2606, Wb=1.2328
Epoch=29, minibatch=6 loss=0.05619, Wa=1.2606, Wb=1.2326
Epoch=29, minibatch=7 loss=0.06306, Wa=1.2608, Wb=1.2324
Epoch=30, minibatch=0 loss=0.04853, Wa=1.2614, Wb=1.2327
Epoch=30, minibatch=1 loss=0.05426, Wa=1.2613, Wb=1.2327
Epoch=30, minibatch=2 loss=0.05375, Wa=1.2613, Wb=1.2327
Epoch=30, minibatch=3 loss=0.06266, Wa=1.2612, Wb=1.2329
Epoch=30, minibatch=4 loss=0.05768, Wa=1.2622, Wb=1.2326
Epoch=30, minibatch=5 loss=0.05076, Wa=1.2623, Wb=1.2328
Epoch=30, minibatch=6 loss=0.06591, Wa=1.2618, Wb=1.2327
Epoch=30, minibatch=7 loss=0.05759, Wa=1.2614, Wb=1.2326
Epoch=31, minibatch=0 loss=0.06299, Wa=1.2609, Wb=1.2325
Epoch=31, minibatch=1 loss=0.05059, Wa=1.2612, Wb=1.2326
Epoch=31, minibatch=2 loss=0.04399, Wa=1.2614, Wb=1.2328
Epoch=31, minibatch=3 loss=0.06344, Wa=1.2610, Wb=1.2325
Epoch=31, minibatch=4 loss=0.05080, Wa=1.2614, Wb=1.2325
Epoch=31, minibatch=5 loss=0.06088, Wa=1.2613, Wb=1.2326
Epoch=31, minibatch=6 loss=0.05754, Wa=1.2606, Wb=1.2326
Epoch=31, minibatch=7 loss=0.06098, Wa=1.2612, Wb=1.2326
Epoch=32, minibatch=0 loss=0.05700, Wa=1.2609, Wb=1.2325
Epoch=32, minibatch=1 loss=0.05887, Wa=1.2608, Wb=1.2323
Epoch=32, minibatch=2 loss=0.05651, Wa=1.2605, Wb=1.2324
Epoch=32, minibatch=3 loss=0.05005, Wa=1.2601, Wb=1.2322
Epoch=32, minibatch=4 loss=0.04936, Wa=1.2605, Wb=1.2322
Epoch=32, minibatch=5 loss=0.05597, Wa=1.2603, Wb=1.2323
Epoch=32, minibatch=6 loss=0.05734, Wa=1.2608, Wb=1.2322
Epoch=32, minibatch=7 loss=0.06535, Wa=1.2612, Wb=1.2324
Epoch=33, minibatch=0 loss=0.06827, Wa=1.2615, Wb=1.2326
Epoch=33, minibatch=1 loss=0.05887, Wa=1.2610, Wb=1.2328
Epoch=33, minibatch=2 loss=0.06071, Wa=1.2608, Wb=1.2324
Epoch=33, minibatch=3 loss=0.04633, Wa=1.2608, Wb=1.2323
Epoch=33, minibatch=4 loss=0.04952, Wa=1.2607, Wb=1.2323
Epoch=33, minibatch=5 loss=0.05020, Wa=1.2603, Wb=1.2321
Epoch=33, minibatch=6 loss=0.05953, Wa=1.2610, Wb=1.2322
Epoch=33, minibatch=7 loss=0.05777, Wa=1.2617, Wb=1.2325
Epoch=34, minibatch=0 loss=0.04969, Wa=1.2616, Wb=1.2327
Epoch=34, minibatch=1 loss=0.05994, Wa=1.2615, Wb=1.2325
Epoch=34, minibatch=2 loss=0.06698, Wa=1.2614, Wb=1.2324
Epoch=34, minibatch=3 loss=0.05971, Wa=1.2615, Wb=1.2323
Epoch=34, minibatch=4 loss=0.05119, Wa=1.2616, Wb=1.2322
Epoch=34, minibatch=5 loss=0.04701, Wa=1.2617, Wb=1.2326
Epoch=34, minibatch=6 loss=0.05753, Wa=1.2610, Wb=1.2326
Epoch=34, minibatch=7 loss=0.05874, Wa=1.2612, Wb=1.2325
Epoch=35, minibatch=0 loss=0.04959, Wa=1.2613, Wb=1.2326
Epoch=35, minibatch=1 loss=0.06136, Wa=1.2612, Wb=1.2323
Epoch=35, minibatch=2 loss=0.05959, Wa=1.2614, Wb=1.2324
Epoch=35, minibatch=3 loss=0.06294, Wa=1.2615, Wb=1.2321
Epoch=35, minibatch=4 loss=0.05851, Wa=1.2616, Wb=1.2323
Epoch=35, minibatch=5 loss=0.06436, Wa=1.2615, Wb=1.2322
Epoch=35, minibatch=6 loss=0.04616, Wa=1.2611, Wb=1.2324
Epoch=35, minibatch=7 loss=0.04800, Wa=1.2614, Wb=1.2324
Epoch=36, minibatch=0 loss=0.05994, Wa=1.2611, Wb=1.2326
Epoch=36, minibatch=1 loss=0.06405, Wa=1.2615, Wb=1.2324
Epoch=36, minibatch=2 loss=0.04868, Wa=1.2608, Wb=1.2325
Epoch=36, minibatch=3 loss=0.06353, Wa=1.2608, Wb=1.2325
Epoch=36, minibatch=4 loss=0.05151, Wa=1.2609, Wb=1.2323
Epoch=36, minibatch=5 loss=0.05035, Wa=1.2606, Wb=1.2324
Epoch=36, minibatch=6 loss=0.05377, Wa=1.2610, Wb=1.2326
Epoch=36, minibatch=7 loss=0.05891, Wa=1.2612, Wb=1.2324
Epoch=37, minibatch=0 loss=0.04975, Wa=1.2614, Wb=1.2327
Epoch=37, minibatch=1 loss=0.04804, Wa=1.2614, Wb=1.2327
Epoch=37, minibatch=2 loss=0.05034, Wa=1.2612, Wb=1.2325
Epoch=37, minibatch=3 loss=0.05323, Wa=1.2616, Wb=1.2328
Epoch=37, minibatch=4 loss=0.05523, Wa=1.2612, Wb=1.2325
Epoch=37, minibatch=5 loss=0.05876, Wa=1.2609, Wb=1.2324
Epoch=37, minibatch=6 loss=0.06947, Wa=1.2607, Wb=1.2325
Epoch=37, minibatch=7 loss=0.06618, Wa=1.2607, Wb=1.2322
Epoch=38, minibatch=0 loss=0.05244, Wa=1.2613, Wb=1.2326
Epoch=38, minibatch=1 loss=0.05843, Wa=1.2614, Wb=1.2330
Epoch=38, minibatch=2 loss=0.05771, Wa=1.2612, Wb=1.2330
Epoch=38, minibatch=3 loss=0.05066, Wa=1.2610, Wb=1.2326
Epoch=38, minibatch=4 loss=0.05803, Wa=1.2615, Wb=1.2326
Epoch=38, minibatch=5 loss=0.06683, Wa=1.2615, Wb=1.2324
Epoch=38, minibatch=6 loss=0.04149, Wa=1.2611, Wb=1.2327
Epoch=38, minibatch=7 loss=0.06524, Wa=1.2612, Wb=1.2327
Epoch=39, minibatch=0 loss=0.06189, Wa=1.2611, Wb=1.2325
Epoch=39, minibatch=1 loss=0.05359, Wa=1.2613, Wb=1.2325
Epoch=39, minibatch=2 loss=0.04896, Wa=1.2612, Wb=1.2323
Epoch=39, minibatch=3 loss=0.06047, Wa=1.2610, Wb=1.2323
Epoch=39, minibatch=4 loss=0.04935, Wa=1.2614, Wb=1.2323
Epoch=39, minibatch=5 loss=0.05319, Wa=1.2608, Wb=1.2322
Epoch=39, minibatch=6 loss=0.06570, Wa=1.2605, Wb=1.2320
Epoch=39, minibatch=7 loss=0.05793, Wa=1.2609, Wb=1.2325
Epoch=40, minibatch=0 loss=0.05632, Wa=1.2612, Wb=1.2326
Epoch=40, minibatch=1 loss=0.05573, Wa=1.2609, Wb=1.2326
Epoch=40, minibatch=2 loss=0.05830, Wa=1.2609, Wb=1.2326
Epoch=40, minibatch=3 loss=0.06536, Wa=1.2614, Wb=1.2328
Epoch=40, minibatch=4 loss=0.05084, Wa=1.2607, Wb=1.2325
Epoch=40, minibatch=5 loss=0.04621, Wa=1.2608, Wb=1.2326
Epoch=40, minibatch=6 loss=0.05796, Wa=1.2613, Wb=1.2325
Epoch=40, minibatch=7 loss=0.06061, Wa=1.2609, Wb=1.2325
Epoch=41, minibatch=0 loss=0.06356, Wa=1.2613, Wb=1.2326
Epoch=41, minibatch=1 loss=0.05933, Wa=1.2608, Wb=1.2322
Epoch=41, minibatch=2 loss=0.05472, Wa=1.2609, Wb=1.2325
Epoch=41, minibatch=3 loss=0.05147, Wa=1.2609, Wb=1.2321
Epoch=41, minibatch=4 loss=0.06122, Wa=1.2615, Wb=1.2325
Epoch=41, minibatch=5 loss=0.04902, Wa=1.2612, Wb=1.2325
Epoch=41, minibatch=6 loss=0.05747, Wa=1.2614, Wb=1.2326
Epoch=41, minibatch=7 loss=0.05430, Wa=1.2613, Wb=1.2327
Epoch=42, minibatch=0 loss=0.05755, Wa=1.2613, Wb=1.2326
Epoch=42, minibatch=1 loss=0.05804, Wa=1.2611, Wb=1.2324
Epoch=42, minibatch=2 loss=0.05474, Wa=1.2610, Wb=1.2323
Epoch=42, minibatch=3 loss=0.06225, Wa=1.2611, Wb=1.2324
Epoch=42, minibatch=4 loss=0.05001, Wa=1.2615, Wb=1.2326
Epoch=42, minibatch=5 loss=0.04798, Wa=1.2614, Wb=1.2324
Epoch=42, minibatch=6 loss=0.06355, Wa=1.2614, Wb=1.2324
Epoch=42, minibatch=7 loss=0.05626, Wa=1.2615, Wb=1.2326
Epoch=43, minibatch=0 loss=0.06669, Wa=1.2612, Wb=1.2326
Epoch=43, minibatch=1 loss=0.05844, Wa=1.2614, Wb=1.2325
Epoch=43, minibatch=2 loss=0.05135, Wa=1.2614, Wb=1.2325
Epoch=43, minibatch=3 loss=0.05208, Wa=1.2614, Wb=1.2326
Epoch=43, minibatch=4 loss=0.05153, Wa=1.2615, Wb=1.2325
Epoch=43, minibatch=5 loss=0.05852, Wa=1.2612, Wb=1.2326
Epoch=43, minibatch=6 loss=0.05780, Wa=1.2612, Wb=1.2323
Epoch=43, minibatch=7 loss=0.05437, Wa=1.2613, Wb=1.2330
Epoch=44, minibatch=0 loss=0.05737, Wa=1.2610, Wb=1.2325
Epoch=44, minibatch=1 loss=0.05827, Wa=1.2610, Wb=1.2325
Epoch=44, minibatch=2 loss=0.04605, Wa=1.2615, Wb=1.2327
Epoch=44, minibatch=3 loss=0.06499, Wa=1.2617, Wb=1.2327
Epoch=44, minibatch=4 loss=0.05918, Wa=1.2606, Wb=1.2325
Epoch=44, minibatch=5 loss=0.05634, Wa=1.2607, Wb=1.2325
Epoch=44, minibatch=6 loss=0.05526, Wa=1.2603, Wb=1.2324
Epoch=44, minibatch=7 loss=0.05404, Wa=1.2605, Wb=1.2324
Epoch=45, minibatch=0 loss=0.05726, Wa=1.2612, Wb=1.2325
Epoch=45, minibatch=1 loss=0.05953, Wa=1.2611, Wb=1.2325
Epoch=45, minibatch=2 loss=0.05629, Wa=1.2611, Wb=1.2324
Epoch=45, minibatch=3 loss=0.06032, Wa=1.2612, Wb=1.2326
Epoch=45, minibatch=4 loss=0.05230, Wa=1.2615, Wb=1.2328
Epoch=45, minibatch=5 loss=0.05976, Wa=1.2621, Wb=1.2329
Epoch=45, minibatch=6 loss=0.05071, Wa=1.2595, Wb=1.2324
Epoch=45, minibatch=7 loss=0.05570, Wa=1.2594, Wb=1.2324
Epoch=46, minibatch=0 loss=0.05227, Wa=1.2598, Wb=1.2325
Epoch=46, minibatch=1 loss=0.06543, Wa=1.2604, Wb=1.2328
Epoch=46, minibatch=2 loss=0.05998, Wa=1.2611, Wb=1.2331
Epoch=46, minibatch=3 loss=0.04865, Wa=1.2610, Wb=1.2328
Epoch=46, minibatch=4 loss=0.04957, Wa=1.2605, Wb=1.2328
Epoch=46, minibatch=5 loss=0.06057, Wa=1.2604, Wb=1.2325
Epoch=46, minibatch=6 loss=0.05952, Wa=1.2605, Wb=1.2326
Epoch=46, minibatch=7 loss=0.05614, Wa=1.2606, Wb=1.2326
Epoch=47, minibatch=0 loss=0.05035, Wa=1.2607, Wb=1.2326
Epoch=47, minibatch=1 loss=0.05793, Wa=1.2609, Wb=1.2326
Epoch=47, minibatch=2 loss=0.06216, Wa=1.2618, Wb=1.2327
Epoch=47, minibatch=3 loss=0.05611, Wa=1.2620, Wb=1.2329
Epoch=47, minibatch=4 loss=0.05905, Wa=1.2610, Wb=1.2329
Epoch=47, minibatch=5 loss=0.05971, Wa=1.2606, Wb=1.2327
Epoch=47, minibatch=6 loss=0.05318, Wa=1.2606, Wb=1.2326
Epoch=47, minibatch=7 loss=0.05328, Wa=1.2608, Wb=1.2326
Epoch=48, minibatch=0 loss=0.05925, Wa=1.2608, Wb=1.2325
Epoch=48, minibatch=1 loss=0.05596, Wa=1.2604, Wb=1.2324
Epoch=48, minibatch=2 loss=0.05600, Wa=1.2608, Wb=1.2324
Epoch=48, minibatch=3 loss=0.06768, Wa=1.2606, Wb=1.2325
Epoch=48, minibatch=4 loss=0.04749, Wa=1.2605, Wb=1.2322
Epoch=48, minibatch=5 loss=0.05815, Wa=1.2607, Wb=1.2324
Epoch=48, minibatch=6 loss=0.05544, Wa=1.2616, Wb=1.2326
Epoch=48, minibatch=7 loss=0.05157, Wa=1.2610, Wb=1.2327
Epoch=49, minibatch=0 loss=0.04822, Wa=1.2612, Wb=1.2326
Epoch=49, minibatch=1 loss=0.05813, Wa=1.2615, Wb=1.2326
Epoch=49, minibatch=2 loss=0.05289, Wa=1.2616, Wb=1.2325
Epoch=49, minibatch=3 loss=0.05964, Wa=1.2619, Wb=1.2321
Epoch=49, minibatch=4 loss=0.06327, Wa=1.2644, Wb=1.2325
Epoch=49, minibatch=5 loss=0.07108, Wa=1.2640, Wb=1.2324
Epoch=49, minibatch=6 loss=0.04921, Wa=1.2636, Wb=1.2325
Epoch=49, minibatch=7 loss=0.05410, Wa=1.2631, Wb=1.2325
Epoch=50, minibatch=0 loss=0.06100, Wa=1.2625, Wb=1.2323
Epoch=50, minibatch=1 loss=0.06523, Wa=1.2615, Wb=1.2321
Epoch=50, minibatch=2 loss=0.06020, Wa=1.2618, Wb=1.2325
Epoch=50, minibatch=3 loss=0.05767, Wa=1.2618, Wb=1.2324
Epoch=50, minibatch=4 loss=0.04949, Wa=1.2617, Wb=1.2321
Epoch=50, minibatch=5 loss=0.05152, Wa=1.2614, Wb=1.2319
Epoch=50, minibatch=6 loss=0.06029, Wa=1.2618, Wb=1.2320
Epoch=50, minibatch=7 loss=0.04696, Wa=1.2616, Wb=1.2322
Epoch=51, minibatch=0 loss=0.04984, Wa=1.2619, Wb=1.2323
Epoch=51, minibatch=1 loss=0.05689, Wa=1.2623, Wb=1.2323
Epoch=51, minibatch=2 loss=0.05597, Wa=1.2605, Wb=1.2323
Epoch=51, minibatch=3 loss=0.05545, Wa=1.2606, Wb=1.2324
Epoch=51, minibatch=4 loss=0.04888, Wa=1.2605, Wb=1.2325
Epoch=51, minibatch=5 loss=0.06378, Wa=1.2608, Wb=1.2323
Epoch=51, minibatch=6 loss=0.06347, Wa=1.2608, Wb=1.2326
Epoch=51, minibatch=7 loss=0.05714, Wa=1.2603, Wb=1.2324
Epoch=52, minibatch=0 loss=0.05253, Wa=1.2604, Wb=1.2324
Epoch=52, minibatch=1 loss=0.05714, Wa=1.2602, Wb=1.2327
Epoch=52, minibatch=2 loss=0.05500, Wa=1.2603, Wb=1.2326
Epoch=52, minibatch=3 loss=0.05309, Wa=1.2601, Wb=1.2326
Epoch=52, minibatch=4 loss=0.06209, Wa=1.2605, Wb=1.2326
Epoch=52, minibatch=5 loss=0.05137, Wa=1.2605, Wb=1.2327
Epoch=52, minibatch=6 loss=0.05478, Wa=1.2606, Wb=1.2325
Epoch=52, minibatch=7 loss=0.06549, Wa=1.2616, Wb=1.2328
Epoch=53, minibatch=0 loss=0.05705, Wa=1.2612, Wb=1.2324
Epoch=53, minibatch=1 loss=0.06549, Wa=1.2612, Wb=1.2326
Epoch=53, minibatch=2 loss=0.05511, Wa=1.2611, Wb=1.2325
Epoch=53, minibatch=3 loss=0.05905, Wa=1.2615, Wb=1.2326
Epoch=53, minibatch=4 loss=0.05033, Wa=1.2612, Wb=1.2323
Epoch=53, minibatch=5 loss=0.05914, Wa=1.2609, Wb=1.2322
Epoch=53, minibatch=6 loss=0.05823, Wa=1.2609, Wb=1.2323
Epoch=53, minibatch=7 loss=0.04597, Wa=1.2610, Wb=1.2322
Epoch=54, minibatch=0 loss=0.05642, Wa=1.2611, Wb=1.2324
Epoch=54, minibatch=1 loss=0.05586, Wa=1.2613, Wb=1.2322
Epoch=54, minibatch=2 loss=0.05437, Wa=1.2614, Wb=1.2325
Epoch=54, minibatch=3 loss=0.06199, Wa=1.2615, Wb=1.2326
Epoch=54, minibatch=4 loss=0.06001, Wa=1.2617, Wb=1.2326
Epoch=54, minibatch=5 loss=0.05171, Wa=1.2615, Wb=1.2327
Epoch=54, minibatch=6 loss=0.05224, Wa=1.2618, Wb=1.2329
Epoch=54, minibatch=7 loss=0.05831, Wa=1.2617, Wb=1.2328
Epoch=55, minibatch=0 loss=0.06279, Wa=1.2608, Wb=1.2323
Epoch=55, minibatch=1 loss=0.05586, Wa=1.2611, Wb=1.2324
Epoch=55, minibatch=2 loss=0.05669, Wa=1.2608, Wb=1.2325
Epoch=55, minibatch=3 loss=0.06266, Wa=1.2614, Wb=1.2327
Epoch=55, minibatch=4 loss=0.05313, Wa=1.2612, Wb=1.2326
Epoch=55, minibatch=5 loss=0.05433, Wa=1.2606, Wb=1.2324
Epoch=55, minibatch=6 loss=0.05535, Wa=1.2606, Wb=1.2325
Epoch=55, minibatch=7 loss=0.05005, Wa=1.2609, Wb=1.2324
Epoch=56, minibatch=0 loss=0.06103, Wa=1.2610, Wb=1.2324
Epoch=56, minibatch=1 loss=0.05044, Wa=1.2614, Wb=1.2322
Epoch=56, minibatch=2 loss=0.05531, Wa=1.2617, Wb=1.2324
Epoch=56, minibatch=3 loss=0.05974, Wa=1.2615, Wb=1.2324
Epoch=56, minibatch=4 loss=0.05301, Wa=1.2612, Wb=1.2320
Epoch=56, minibatch=5 loss=0.05276, Wa=1.2609, Wb=1.2319
Epoch=56, minibatch=6 loss=0.06604, Wa=1.2603, Wb=1.2322
Epoch=56, minibatch=7 loss=0.05304, Wa=1.2608, Wb=1.2324
Epoch=57, minibatch=0 loss=0.05760, Wa=1.2612, Wb=1.2325
Epoch=57, minibatch=1 loss=0.05402, Wa=1.2619, Wb=1.2326
Epoch=57, minibatch=2 loss=0.05172, Wa=1.2616, Wb=1.2327
Epoch=57, minibatch=3 loss=0.05883, Wa=1.2619, Wb=1.2324
Epoch=57, minibatch=4 loss=0.05731, Wa=1.2617, Wb=1.2326
Epoch=57, minibatch=5 loss=0.04948, Wa=1.2613, Wb=1.2325
Epoch=57, minibatch=6 loss=0.05807, Wa=1.2611, Wb=1.2324
Epoch=57, minibatch=7 loss=0.06379, Wa=1.2609, Wb=1.2327
Epoch=58, minibatch=0 loss=0.05814, Wa=1.2609, Wb=1.2324
Epoch=58, minibatch=1 loss=0.06688, Wa=1.2605, Wb=1.2324
Epoch=58, minibatch=2 loss=0.04784, Wa=1.2603, Wb=1.2324
Epoch=58, minibatch=3 loss=0.05356, Wa=1.2597, Wb=1.2324
Epoch=58, minibatch=4 loss=0.05502, Wa=1.2603, Wb=1.2328
Epoch=58, minibatch=5 loss=0.05495, Wa=1.2614, Wb=1.2330
Epoch=58, minibatch=6 loss=0.06022, Wa=1.2612, Wb=1.2325
Epoch=58, minibatch=7 loss=0.05531, Wa=1.2613, Wb=1.2323
Epoch=59, minibatch=0 loss=0.06524, Wa=1.2615, Wb=1.2325
Epoch=59, minibatch=1 loss=0.04467, Wa=1.2617, Wb=1.2322
Epoch=59, minibatch=2 loss=0.05789, Wa=1.2617, Wb=1.2323
Epoch=59, minibatch=3 loss=0.06026, Wa=1.2611, Wb=1.2322
Epoch=59, minibatch=4 loss=0.05789, Wa=1.2611, Wb=1.2323
Epoch=59, minibatch=5 loss=0.05045, Wa=1.2614, Wb=1.2323
Epoch=59, minibatch=6 loss=0.05253, Wa=1.2613, Wb=1.2322
Epoch=59, minibatch=7 loss=0.06158, Wa=1.2614, Wb=1.2325
Epoch=60, minibatch=0 loss=0.06314, Wa=1.2612, Wb=1.2325
Epoch=60, minibatch=1 loss=0.05990, Wa=1.2611, Wb=1.2324
Epoch=60, minibatch=2 loss=0.06063, Wa=1.2612, Wb=1.2325
Epoch=60, minibatch=3 loss=0.05550, Wa=1.2610, Wb=1.2327
Epoch=60, minibatch=4 loss=0.05718, Wa=1.2613, Wb=1.2325
Epoch=60, minibatch=5 loss=0.05517, Wa=1.2614, Wb=1.2325
Epoch=60, minibatch=6 loss=0.04883, Wa=1.2617, Wb=1.2327
Epoch=60, minibatch=7 loss=0.05019, Wa=1.2610, Wb=1.2324
Epoch=61, minibatch=0 loss=0.05841, Wa=1.2611, Wb=1.2325
Epoch=61, minibatch=1 loss=0.06461, Wa=1.2611, Wb=1.2324
Epoch=61, minibatch=2 loss=0.05961, Wa=1.2609, Wb=1.2323
Epoch=61, minibatch=3 loss=0.04982, Wa=1.2606, Wb=1.2323
Epoch=61, minibatch=4 loss=0.06154, Wa=1.2606, Wb=1.2324
Epoch=61, minibatch=5 loss=0.06030, Wa=1.2605, Wb=1.2322
Epoch=61, minibatch=6 loss=0.04641, Wa=1.2608, Wb=1.2324
Epoch=61, minibatch=7 loss=0.04947, Wa=1.2611, Wb=1.2324
Epoch=62, minibatch=0 loss=0.06015, Wa=1.2615, Wb=1.2325
Epoch=62, minibatch=1 loss=0.05566, Wa=1.2616, Wb=1.2325
Epoch=62, minibatch=2 loss=0.06624, Wa=1.2618, Wb=1.2327
Epoch=62, minibatch=3 loss=0.05229, Wa=1.2615, Wb=1.2327
Epoch=62, minibatch=4 loss=0.06149, Wa=1.2614, Wb=1.2326
Epoch=62, minibatch=5 loss=0.05538, Wa=1.2614, Wb=1.2329
Epoch=62, minibatch=6 loss=0.05406, Wa=1.2613, Wb=1.2329
Epoch=62, minibatch=7 loss=0.04527, Wa=1.2616, Wb=1.2328
Epoch=63, minibatch=0 loss=0.05649, Wa=1.2611, Wb=1.2324
Epoch=63, minibatch=1 loss=0.05498, Wa=1.2612, Wb=1.2327
Epoch=63, minibatch=2 loss=0.05760, Wa=1.2613, Wb=1.2327
Epoch=63, minibatch=3 loss=0.05207, Wa=1.2616, Wb=1.2325
Epoch=63, minibatch=4 loss=0.05155, Wa=1.2615, Wb=1.2326
Epoch=63, minibatch=5 loss=0.05904, Wa=1.2615, Wb=1.2323
Epoch=63, minibatch=6 loss=0.05059, Wa=1.2614, Wb=1.2324
Epoch=63, minibatch=7 loss=0.06806, Wa=1.2610, Wb=1.2321
Epoch=64, minibatch=0 loss=0.05138, Wa=1.2609, Wb=1.2324
Epoch=64, minibatch=1 loss=0.05064, Wa=1.2608, Wb=1.2321
Epoch=64, minibatch=2 loss=0.05746, Wa=1.2610, Wb=1.2324
Epoch=64, minibatch=3 loss=0.05278, Wa=1.2611, Wb=1.2326
Epoch=64, minibatch=4 loss=0.05659, Wa=1.2619, Wb=1.2326
Epoch=64, minibatch=5 loss=0.05949, Wa=1.2616, Wb=1.2323
Epoch=64, minibatch=6 loss=0.06012, Wa=1.2607, Wb=1.2321
Epoch=64, minibatch=7 loss=0.06325, Wa=1.2611, Wb=1.2324
Epoch=65, minibatch=0 loss=0.05643, Wa=1.2609, Wb=1.2324
Epoch=65, minibatch=1 loss=0.05613, Wa=1.2610, Wb=1.2326
Epoch=65, minibatch=2 loss=0.06471, Wa=1.2607, Wb=1.2324
Epoch=65, minibatch=3 loss=0.05842, Wa=1.2610, Wb=1.2326
Epoch=65, minibatch=4 loss=0.05223, Wa=1.2610, Wb=1.2329
Epoch=65, minibatch=5 loss=0.05447, Wa=1.2610, Wb=1.2326
Epoch=65, minibatch=6 loss=0.05690, Wa=1.2601, Wb=1.2325
Epoch=65, minibatch=7 loss=0.05252, Wa=1.2610, Wb=1.2326
Epoch=66, minibatch=0 loss=0.05712, Wa=1.2615, Wb=1.2324
Epoch=66, minibatch=1 loss=0.05702, Wa=1.2612, Wb=1.2320
Epoch=66, minibatch=2 loss=0.05136, Wa=1.2614, Wb=1.2320
Epoch=66, minibatch=3 loss=0.06376, Wa=1.2610, Wb=1.2319
Epoch=66, minibatch=4 loss=0.05694, Wa=1.2608, Wb=1.2320
Epoch=66, minibatch=5 loss=0.05371, Wa=1.2607, Wb=1.2322
Epoch=66, minibatch=6 loss=0.06171, Wa=1.2612, Wb=1.2321
Epoch=66, minibatch=7 loss=0.04924, Wa=1.2612, Wb=1.2324
Epoch=67, minibatch=0 loss=0.04498, Wa=1.2616, Wb=1.2326
Epoch=67, minibatch=1 loss=0.05290, Wa=1.2614, Wb=1.2325
Epoch=67, minibatch=2 loss=0.06002, Wa=1.2613, Wb=1.2325
Epoch=67, minibatch=3 loss=0.05738, Wa=1.2610, Wb=1.2325
Epoch=67, minibatch=4 loss=0.05223, Wa=1.2616, Wb=1.2324
Epoch=67, minibatch=5 loss=0.06176, Wa=1.2616, Wb=1.2322
Epoch=67, minibatch=6 loss=0.06360, Wa=1.2609, Wb=1.2324
Epoch=67, minibatch=7 loss=0.05862, Wa=1.2612, Wb=1.2329
Epoch=68, minibatch=0 loss=0.06067, Wa=1.2615, Wb=1.2325
Epoch=68, minibatch=1 loss=0.04968, Wa=1.2614, Wb=1.2325
Epoch=68, minibatch=2 loss=0.05356, Wa=1.2617, Wb=1.2326
Epoch=68, minibatch=3 loss=0.06482, Wa=1.2619, Wb=1.2327
Epoch=68, minibatch=4 loss=0.06802, Wa=1.2557, Wb=1.2327
Epoch=68, minibatch=5 loss=0.05748, Wa=1.2567, Wb=1.2330
Epoch=68, minibatch=6 loss=0.06026, Wa=1.2569, Wb=1.2330
Epoch=68, minibatch=7 loss=0.04972, Wa=1.2577, Wb=1.2330
Epoch=69, minibatch=0 loss=0.05392, Wa=1.2581, Wb=1.2327
Epoch=69, minibatch=1 loss=0.04700, Wa=1.2589, Wb=1.2328
Epoch=69, minibatch=2 loss=0.06749, Wa=1.2591, Wb=1.2330
Epoch=69, minibatch=3 loss=0.04962, Wa=1.2596, Wb=1.2331
Epoch=69, minibatch=4 loss=0.06026, Wa=1.2598, Wb=1.2331
Epoch=69, minibatch=5 loss=0.07219, Wa=1.2601, Wb=1.2329
Epoch=69, minibatch=6 loss=0.05382, Wa=1.2606, Wb=1.2331
Epoch=69, minibatch=7 loss=0.05084, Wa=1.2603, Wb=1.2328
Epoch=70, minibatch=0 loss=0.04841, Wa=1.2601, Wb=1.2328
Epoch=70, minibatch=1 loss=0.04906, Wa=1.2604, Wb=1.2329
Epoch=70, minibatch=2 loss=0.06510, Wa=1.2609, Wb=1.2331
Epoch=70, minibatch=3 loss=0.06786, Wa=1.2611, Wb=1.2329
Epoch=70, minibatch=4 loss=0.04761, Wa=1.2611, Wb=1.2327
Epoch=70, minibatch=5 loss=0.05706, Wa=1.2610, Wb=1.2325
Epoch=70, minibatch=6 loss=0.06160, Wa=1.2608, Wb=1.2328
Epoch=70, minibatch=7 loss=0.05436, Wa=1.2609, Wb=1.2328
Epoch=71, minibatch=0 loss=0.05439, Wa=1.2605, Wb=1.2328
Epoch=71, minibatch=1 loss=0.05385, Wa=1.2607, Wb=1.2325
Epoch=71, minibatch=2 loss=0.06729, Wa=1.2606, Wb=1.2325
Epoch=71, minibatch=3 loss=0.05890, Wa=1.2613, Wb=1.2328
Epoch=71, minibatch=4 loss=0.06107, Wa=1.2616, Wb=1.2329
Epoch=71, minibatch=5 loss=0.05049, Wa=1.2615, Wb=1.2328
Epoch=71, minibatch=6 loss=0.05445, Wa=1.2612, Wb=1.2329
Epoch=71, minibatch=7 loss=0.05054, Wa=1.2606, Wb=1.2328
Epoch=72, minibatch=0 loss=0.05253, Wa=1.2605, Wb=1.2327
Epoch=72, minibatch=1 loss=0.05753, Wa=1.2602, Wb=1.2325
Epoch=72, minibatch=2 loss=0.06622, Wa=1.2600, Wb=1.2324
Epoch=72, minibatch=3 loss=0.05402, Wa=1.2605, Wb=1.2324
Epoch=72, minibatch=4 loss=0.05380, Wa=1.2605, Wb=1.2325
Epoch=72, minibatch=5 loss=0.06280, Wa=1.2612, Wb=1.2323
Epoch=72, minibatch=6 loss=0.05206, Wa=1.2612, Wb=1.2326
Epoch=72, minibatch=7 loss=0.05159, Wa=1.2611, Wb=1.2328
Epoch=73, minibatch=0 loss=0.05854, Wa=1.2613, Wb=1.2328
Epoch=73, minibatch=1 loss=0.06538, Wa=1.2607, Wb=1.2328
Epoch=73, minibatch=2 loss=0.05217, Wa=1.2607, Wb=1.2327
Epoch=73, minibatch=3 loss=0.05675, Wa=1.2608, Wb=1.2327
Epoch=73, minibatch=4 loss=0.05917, Wa=1.2608, Wb=1.2327
Epoch=73, minibatch=5 loss=0.05270, Wa=1.2610, Wb=1.2327
Epoch=73, minibatch=6 loss=0.05643, Wa=1.2609, Wb=1.2327
Epoch=73, minibatch=7 loss=0.04923, Wa=1.2610, Wb=1.2327
Epoch=74, minibatch=0 loss=0.06635, Wa=1.2615, Wb=1.2327
Epoch=74, minibatch=1 loss=0.04692, Wa=1.2622, Wb=1.2332
Epoch=74, minibatch=2 loss=0.06702, Wa=1.2621, Wb=1.2331
Epoch=74, minibatch=3 loss=0.05384, Wa=1.2618, Wb=1.2331
Epoch=74, minibatch=4 loss=0.05543, Wa=1.2618, Wb=1.2329
Epoch=74, minibatch=5 loss=0.05501, Wa=1.2612, Wb=1.2325
Epoch=74, minibatch=6 loss=0.05543, Wa=1.2615, Wb=1.2323
Epoch=74, minibatch=7 loss=0.05131, Wa=1.2612, Wb=1.2325
Epoch=75, minibatch=0 loss=0.05347, Wa=1.2610, Wb=1.2325
Epoch=75, minibatch=1 loss=0.06363, Wa=1.2611, Wb=1.2325
Epoch=75, minibatch=2 loss=0.05261, Wa=1.2612, Wb=1.2327
Epoch=75, minibatch=3 loss=0.05936, Wa=1.2610, Wb=1.2327
Epoch=75, minibatch=4 loss=0.05120, Wa=1.2612, Wb=1.2328
Epoch=75, minibatch=5 loss=0.06413, Wa=1.2610, Wb=1.2328
Epoch=75, minibatch=6 loss=0.05984, Wa=1.2609, Wb=1.2328
Epoch=75, minibatch=7 loss=0.04602, Wa=1.2612, Wb=1.2325
Epoch=76, minibatch=0 loss=0.06374, Wa=1.2612, Wb=1.2325
Epoch=76, minibatch=1 loss=0.05736, Wa=1.2612, Wb=1.2322
Epoch=76, minibatch=2 loss=0.05320, Wa=1.2613, Wb=1.2322
Epoch=76, minibatch=3 loss=0.05351, Wa=1.2618, Wb=1.2323
Epoch=76, minibatch=4 loss=0.04465, Wa=1.2613, Wb=1.2324
Epoch=76, minibatch=5 loss=0.05279, Wa=1.2614, Wb=1.2323
Epoch=76, minibatch=6 loss=0.06576, Wa=1.2614, Wb=1.2324
Epoch=76, minibatch=7 loss=0.05959, Wa=1.2614, Wb=1.2323
Epoch=77, minibatch=0 loss=0.05107, Wa=1.2609, Wb=1.2325
Epoch=77, minibatch=1 loss=0.05684, Wa=1.2603, Wb=1.2324
Epoch=77, minibatch=2 loss=0.05853, Wa=1.2605, Wb=1.2323
Epoch=77, minibatch=3 loss=0.05071, Wa=1.2608, Wb=1.2323
Epoch=77, minibatch=4 loss=0.05920, Wa=1.2610, Wb=1.2324
Epoch=77, minibatch=5 loss=0.06018, Wa=1.2609, Wb=1.2328
Epoch=77, minibatch=6 loss=0.06091, Wa=1.2606, Wb=1.2328
Epoch=77, minibatch=7 loss=0.05346, Wa=1.2611, Wb=1.2323
Epoch=78, minibatch=0 loss=0.04305, Wa=1.2614, Wb=1.2326
Epoch=78, minibatch=1 loss=0.05789, Wa=1.2617, Wb=1.2326
Epoch=78, minibatch=2 loss=0.06402, Wa=1.2617, Wb=1.2326
Epoch=78, minibatch=3 loss=0.04096, Wa=1.2613, Wb=1.2325
Epoch=78, minibatch=4 loss=0.05620, Wa=1.2613, Wb=1.2326
Epoch=78, minibatch=5 loss=0.06801, Wa=1.2611, Wb=1.2329
Epoch=78, minibatch=6 loss=0.05731, Wa=1.2604, Wb=1.2328
Epoch=78, minibatch=7 loss=0.06371, Wa=1.2607, Wb=1.2327
Epoch=79, minibatch=0 loss=0.05247, Wa=1.2614, Wb=1.2325
Epoch=79, minibatch=1 loss=0.05375, Wa=1.2612, Wb=1.2325
Epoch=79, minibatch=2 loss=0.05733, Wa=1.2615, Wb=1.2328
Epoch=79, minibatch=3 loss=0.06291, Wa=1.2615, Wb=1.2327
Epoch=79, minibatch=4 loss=0.05535, Wa=1.2616, Wb=1.2325
Epoch=79, minibatch=5 loss=0.05383, Wa=1.2615, Wb=1.2323
Epoch=79, minibatch=6 loss=0.05549, Wa=1.2616, Wb=1.2325
Epoch=79, minibatch=7 loss=0.05925, Wa=1.2615, Wb=1.2324
Epoch=80, minibatch=0 loss=0.05258, Wa=1.2611, Wb=1.2324
Epoch=80, minibatch=1 loss=0.05743, Wa=1.2611, Wb=1.2325
Epoch=80, minibatch=2 loss=0.05751, Wa=1.2612, Wb=1.2325
Epoch=80, minibatch=3 loss=0.05217, Wa=1.2611, Wb=1.2324
Epoch=80, minibatch=4 loss=0.05724, Wa=1.2612, Wb=1.2323
Epoch=80, minibatch=5 loss=0.05994, Wa=1.2612, Wb=1.2322
Epoch=80, minibatch=6 loss=0.06036, Wa=1.2605, Wb=1.2321
Epoch=80, minibatch=7 loss=0.05354, Wa=1.2608, Wb=1.2325
Epoch=81, minibatch=0 loss=0.05480, Wa=1.2612, Wb=1.2325
Epoch=81, minibatch=1 loss=0.05200, Wa=1.2617, Wb=1.2328
Epoch=81, minibatch=2 loss=0.06598, Wa=1.2615, Wb=1.2327
Epoch=81, minibatch=3 loss=0.05735, Wa=1.2611, Wb=1.2325
Epoch=81, minibatch=4 loss=0.05583, Wa=1.2609, Wb=1.2327
Epoch=81, minibatch=5 loss=0.06100, Wa=1.2607, Wb=1.2324
Epoch=81, minibatch=6 loss=0.05433, Wa=1.2614, Wb=1.2321
Epoch=81, minibatch=7 loss=0.04989, Wa=1.2613, Wb=1.2322
Epoch=82, minibatch=0 loss=0.05663, Wa=1.2612, Wb=1.2325
Epoch=82, minibatch=1 loss=0.04887, Wa=1.2609, Wb=1.2325
Epoch=82, minibatch=2 loss=0.05490, Wa=1.2608, Wb=1.2323
Epoch=82, minibatch=3 loss=0.06830, Wa=1.2614, Wb=1.2324
Epoch=82, minibatch=4 loss=0.05310, Wa=1.2615, Wb=1.2323
Epoch=82, minibatch=5 loss=0.05711, Wa=1.2616, Wb=1.2321
Epoch=82, minibatch=6 loss=0.05351, Wa=1.2613, Wb=1.2324
Epoch=82, minibatch=7 loss=0.05805, Wa=1.2613, Wb=1.2324
Epoch=83, minibatch=0 loss=0.06508, Wa=1.2611, Wb=1.2325
Epoch=83, minibatch=1 loss=0.05173, Wa=1.2607, Wb=1.2324
Epoch=83, minibatch=2 loss=0.04635, Wa=1.2609, Wb=1.2322
Epoch=83, minibatch=3 loss=0.04828, Wa=1.2609, Wb=1.2322
Epoch=83, minibatch=4 loss=0.06354, Wa=1.2609, Wb=1.2324
Epoch=83, minibatch=5 loss=0.06222, Wa=1.2618, Wb=1.2325
Epoch=83, minibatch=6 loss=0.05077, Wa=1.2617, Wb=1.2328
Epoch=83, minibatch=7 loss=0.06310, Wa=1.2616, Wb=1.2326
Epoch=84, minibatch=0 loss=0.04658, Wa=1.2611, Wb=1.2325
Epoch=84, minibatch=1 loss=0.05087, Wa=1.2608, Wb=1.2328
Epoch=84, minibatch=2 loss=0.04892, Wa=1.2606, Wb=1.2327
Epoch=84, minibatch=3 loss=0.05682, Wa=1.2606, Wb=1.2326
Epoch=84, minibatch=4 loss=0.06041, Wa=1.2610, Wb=1.2325
Epoch=84, minibatch=5 loss=0.05707, Wa=1.2606, Wb=1.2324
Epoch=84, minibatch=6 loss=0.05353, Wa=1.2606, Wb=1.2322
Epoch=84, minibatch=7 loss=0.07643, Wa=1.2610, Wb=1.2324
Epoch=85, minibatch=0 loss=0.05835, Wa=1.2615, Wb=1.2325
Epoch=85, minibatch=1 loss=0.06583, Wa=1.2612, Wb=1.2322
Epoch=85, minibatch=2 loss=0.04819, Wa=1.2617, Wb=1.2324
Epoch=85, minibatch=3 loss=0.06518, Wa=1.2622, Wb=1.2325
Epoch=85, minibatch=4 loss=0.05372, Wa=1.2616, Wb=1.2325
Epoch=85, minibatch=5 loss=0.04956, Wa=1.2618, Wb=1.2324
Epoch=85, minibatch=6 loss=0.05443, Wa=1.2618, Wb=1.2325
Epoch=85, minibatch=7 loss=0.05613, Wa=1.2612, Wb=1.2326
Epoch=86, minibatch=0 loss=0.05672, Wa=1.2610, Wb=1.2325
Epoch=86, minibatch=1 loss=0.05284, Wa=1.2615, Wb=1.2325
Epoch=86, minibatch=2 loss=0.06093, Wa=1.2614, Wb=1.2324
Epoch=86, minibatch=3 loss=0.05819, Wa=1.2612, Wb=1.2323
Epoch=86, minibatch=4 loss=0.05261, Wa=1.2609, Wb=1.2321
Epoch=86, minibatch=5 loss=0.04744, Wa=1.2606, Wb=1.2323
Epoch=86, minibatch=6 loss=0.06331, Wa=1.2604, Wb=1.2324
Epoch=86, minibatch=7 loss=0.05881, Wa=1.2611, Wb=1.2326
Epoch=87, minibatch=0 loss=0.06038, Wa=1.2612, Wb=1.2325
Epoch=87, minibatch=1 loss=0.06275, Wa=1.2615, Wb=1.2325
Epoch=87, minibatch=2 loss=0.06036, Wa=1.2614, Wb=1.2322
Epoch=87, minibatch=3 loss=0.04509, Wa=1.2614, Wb=1.2324
Epoch=87, minibatch=4 loss=0.05714, Wa=1.2616, Wb=1.2327
Epoch=87, minibatch=5 loss=0.04694, Wa=1.2611, Wb=1.2330
Epoch=87, minibatch=6 loss=0.05972, Wa=1.2611, Wb=1.2328
Epoch=87, minibatch=7 loss=0.05830, Wa=1.2608, Wb=1.2324
Epoch=88, minibatch=0 loss=0.05967, Wa=1.2610, Wb=1.2325
Epoch=88, minibatch=1 loss=0.05897, Wa=1.2605, Wb=1.2323
Epoch=88, minibatch=2 loss=0.05345, Wa=1.2605, Wb=1.2323
Epoch=88, minibatch=3 loss=0.05251, Wa=1.2605, Wb=1.2323
Epoch=88, minibatch=4 loss=0.05500, Wa=1.2605, Wb=1.2323
Epoch=88, minibatch=5 loss=0.05299, Wa=1.2607, Wb=1.2323
Epoch=88, minibatch=6 loss=0.05889, Wa=1.2610, Wb=1.2325
Epoch=88, minibatch=7 loss=0.05875, Wa=1.2615, Wb=1.2324
Epoch=89, minibatch=0 loss=0.05461, Wa=1.2614, Wb=1.2326
Epoch=89, minibatch=1 loss=0.05619, Wa=1.2612, Wb=1.2326
Epoch=89, minibatch=2 loss=0.05355, Wa=1.2609, Wb=1.2322
Epoch=89, minibatch=3 loss=0.06585, Wa=1.2611, Wb=1.2323
Epoch=89, minibatch=4 loss=0.05237, Wa=1.2611, Wb=1.2327
Epoch=89, minibatch=5 loss=0.06000, Wa=1.2611, Wb=1.2325
Epoch=89, minibatch=6 loss=0.05039, Wa=1.2612, Wb=1.2327
Epoch=89, minibatch=7 loss=0.05744, Wa=1.2613, Wb=1.2326
Epoch=90, minibatch=0 loss=0.06487, Wa=1.2614, Wb=1.2325
Epoch=90, minibatch=1 loss=0.05482, Wa=1.2613, Wb=1.2326
Epoch=90, minibatch=2 loss=0.05121, Wa=1.2614, Wb=1.2326
Epoch=90, minibatch=3 loss=0.06681, Wa=1.2608, Wb=1.2326
Epoch=90, minibatch=4 loss=0.04858, Wa=1.2605, Wb=1.2323
Epoch=90, minibatch=5 loss=0.05419, Wa=1.2605, Wb=1.2324
Epoch=90, minibatch=6 loss=0.05036, Wa=1.2606, Wb=1.2323
Epoch=90, minibatch=7 loss=0.06006, Wa=1.2607, Wb=1.2323
Epoch=91, minibatch=0 loss=0.05148, Wa=1.2616, Wb=1.2326
Epoch=91, minibatch=1 loss=0.06151, Wa=1.2616, Wb=1.2326
Epoch=91, minibatch=2 loss=0.05680, Wa=1.2623, Wb=1.2327
Epoch=91, minibatch=3 loss=0.05625, Wa=1.2623, Wb=1.2325
Epoch=91, minibatch=4 loss=0.05701, Wa=1.2620, Wb=1.2328
Epoch=91, minibatch=5 loss=0.04695, Wa=1.2620, Wb=1.2326
Epoch=91, minibatch=6 loss=0.05558, Wa=1.2627, Wb=1.2324
Epoch=91, minibatch=7 loss=0.06637, Wa=1.2623, Wb=1.2326
Epoch=92, minibatch=0 loss=0.06640, Wa=1.2612, Wb=1.2324
Epoch=92, minibatch=1 loss=0.05874, Wa=1.2608, Wb=1.2320
Epoch=92, minibatch=2 loss=0.06273, Wa=1.2607, Wb=1.2319
Epoch=92, minibatch=3 loss=0.05068, Wa=1.2614, Wb=1.2320
Epoch=92, minibatch=4 loss=0.05146, Wa=1.2607, Wb=1.2319
Epoch=92, minibatch=5 loss=0.05816, Wa=1.2609, Wb=1.2321
Epoch=92, minibatch=6 loss=0.04973, Wa=1.2609, Wb=1.2322
Epoch=92, minibatch=7 loss=0.05337, Wa=1.2611, Wb=1.2323
Epoch=93, minibatch=0 loss=0.06360, Wa=1.2614, Wb=1.2325
Epoch=93, minibatch=1 loss=0.05162, Wa=1.2617, Wb=1.2327
Epoch=93, minibatch=2 loss=0.05462, Wa=1.2611, Wb=1.2326
Epoch=93, minibatch=3 loss=0.05195, Wa=1.2608, Wb=1.2323
Epoch=93, minibatch=4 loss=0.05357, Wa=1.2613, Wb=1.2325
Epoch=93, minibatch=5 loss=0.05369, Wa=1.2614, Wb=1.2324
Epoch=93, minibatch=6 loss=0.05938, Wa=1.2614, Wb=1.2325
Epoch=93, minibatch=7 loss=0.06235, Wa=1.2613, Wb=1.2325
Epoch=94, minibatch=0 loss=0.05882, Wa=1.2613, Wb=1.2325
Epoch=94, minibatch=1 loss=0.05236, Wa=1.2620, Wb=1.2324
Epoch=94, minibatch=2 loss=0.05994, Wa=1.2620, Wb=1.2323
Epoch=94, minibatch=3 loss=0.05779, Wa=1.2626, Wb=1.2324
Epoch=94, minibatch=4 loss=0.04948, Wa=1.2608, Wb=1.2321
Epoch=94, minibatch=5 loss=0.07239, Wa=1.2609, Wb=1.2323
Epoch=94, minibatch=6 loss=0.05398, Wa=1.2610, Wb=1.2321
Epoch=94, minibatch=7 loss=0.04814, Wa=1.2603, Wb=1.2322
Epoch=95, minibatch=0 loss=0.04685, Wa=1.2605, Wb=1.2325
Epoch=95, minibatch=1 loss=0.06055, Wa=1.2601, Wb=1.2323
Epoch=95, minibatch=2 loss=0.04662, Wa=1.2600, Wb=1.2324
Epoch=95, minibatch=3 loss=0.06485, Wa=1.2602, Wb=1.2321
Epoch=95, minibatch=4 loss=0.05144, Wa=1.2605, Wb=1.2323
Epoch=95, minibatch=5 loss=0.05547, Wa=1.2607, Wb=1.2325
Epoch=95, minibatch=6 loss=0.05975, Wa=1.2616, Wb=1.2328
Epoch=95, minibatch=7 loss=0.06615, Wa=1.2610, Wb=1.2326
Epoch=96, minibatch=0 loss=0.04949, Wa=1.2609, Wb=1.2326
Epoch=96, minibatch=1 loss=0.05866, Wa=1.2612, Wb=1.2326
Epoch=96, minibatch=2 loss=0.05633, Wa=1.2613, Wb=1.2325
Epoch=96, minibatch=3 loss=0.05259, Wa=1.2610, Wb=1.2325
Epoch=96, minibatch=4 loss=0.04971, Wa=1.2613, Wb=1.2328
Epoch=96, minibatch=5 loss=0.05287, Wa=1.2607, Wb=1.2327
Epoch=96, minibatch=6 loss=0.07057, Wa=1.2604, Wb=1.2327
Epoch=96, minibatch=7 loss=0.06121, Wa=1.2604, Wb=1.2324
Epoch=97, minibatch=0 loss=0.05507, Wa=1.2612, Wb=1.2326
Epoch=97, minibatch=1 loss=0.05985, Wa=1.2609, Wb=1.2325
Epoch=97, minibatch=2 loss=0.04850, Wa=1.2607, Wb=1.2326
Epoch=97, minibatch=3 loss=0.05769, Wa=1.2610, Wb=1.2326
Epoch=97, minibatch=4 loss=0.05787, Wa=1.2607, Wb=1.2327
Epoch=97, minibatch=5 loss=0.04975, Wa=1.2611, Wb=1.2326
Epoch=97, minibatch=6 loss=0.05850, Wa=1.2609, Wb=1.2326
Epoch=97, minibatch=7 loss=0.06316, Wa=1.2611, Wb=1.2327
Epoch=98, minibatch=0 loss=0.05301, Wa=1.2613, Wb=1.2326
Epoch=98, minibatch=1 loss=0.06341, Wa=1.2613, Wb=1.2326
Epoch=98, minibatch=2 loss=0.05392, Wa=1.2612, Wb=1.2327
Epoch=98, minibatch=3 loss=0.05354, Wa=1.2615, Wb=1.2329
Epoch=98, minibatch=4 loss=0.05474, Wa=1.2621, Wb=1.2329
Epoch=98, minibatch=5 loss=0.05800, Wa=1.2616, Wb=1.2330
Epoch=98, minibatch=6 loss=0.05751, Wa=1.2615, Wb=1.2325
Epoch=98, minibatch=7 loss=0.05687, Wa=1.2610, Wb=1.2326
Epoch=99, minibatch=0 loss=0.06447, Wa=1.2610, Wb=1.2325
Epoch=99, minibatch=1 loss=0.06618, Wa=1.2610, Wb=1.2325
Epoch=99, minibatch=2 loss=0.05263, Wa=1.2617, Wb=1.2327
Epoch=99, minibatch=3 loss=0.04649, Wa=1.2615, Wb=1.2324
Epoch=99, minibatch=4 loss=0.04915, Wa=1.2615, Wb=1.2322
Epoch=99, minibatch=5 loss=0.04627, Wa=1.2613, Wb=1.2323
Epoch=99, minibatch=6 loss=0.06561, Wa=1.2613, Wb=1.2324
Epoch=99, minibatch=7 loss=0.05999, Wa=1.2609, Wb=1.2325
The ground truth is A=1.2618, B=1.2344
PyTorch built-in AutoGradient+optimizer result: Final estimated Wa=1.2609, Wb=1.2325
